
============================================================
Seed: 3
============================================================
Loading and imbalancing CIFAR-100...
  imbalanced: (27700, 32, 32, 3), classes: 100

ECOD cleaning...
  cleaned: (26273, 32, 32, 3)

Training baseline feature extractor on imbalanced data...
  ep   1/120  loss=4.640  cls=4.026  val_acc=0.0661  (34.3s)
  ep   2/120  loss=4.156  cls=3.688  val_acc=0.0682  (32.6s)
  ep   3/120  loss=3.895  cls=3.509  val_acc=0.1008  (31.9s)
  ep   4/120  loss=3.690  cls=3.342  val_acc=0.1185  (31.6s)
  ep   5/120  loss=3.550  cls=3.212  val_acc=0.1570  (31.1s)
  ep   6/120  loss=3.423  cls=3.075  val_acc=0.1368  (31.5s)
  ep   7/120  loss=3.309  cls=2.938  val_acc=0.1690  (32.4s)
  ep   8/120  loss=3.206  cls=2.804  val_acc=0.1801  (31.1s)
  ep   9/120  loss=3.126  cls=2.692  val_acc=0.1835  (31.2s)
  ep  10/120  loss=3.069  cls=2.600  val_acc=0.2414  (31.2s)
  ep  11/120  loss=3.020  cls=2.520  val_acc=0.1991  (31.2s)
  ep  12/120  loss=2.961  cls=2.430  val_acc=0.2397  (31.4s)
  ep  13/120  loss=2.929  cls=2.366  val_acc=0.1924  (32.2s)
  ep  14/120  loss=2.910  cls=2.318  val_acc=0.2984  (31.5s)
  ep  15/120  loss=2.887  cls=2.267  val_acc=0.2718  (32.5s)
  ep  16/120  loss=2.860  cls=2.216  val_acc=0.1875  (32.8s)
  ep  17/120  loss=2.835  cls=2.168  val_acc=0.2762  (35.6s)
  ep  18/120  loss=2.829  cls=2.138  val_acc=0.2453  (35.2s)
  ep  19/120  loss=2.807  cls=2.094  val_acc=0.3339  (35.3s)
  ep  20/120  loss=2.814  cls=2.079  val_acc=0.2773  (34.4s)
  ep  21/120  loss=2.786  cls=2.034  val_acc=0.3477  (34.8s)
  ep  22/120  loss=2.786  cls=2.014  val_acc=0.3262  (33.5s)
  ep  23/120  loss=2.774  cls=1.987  val_acc=0.3071  (32.0s)
  ep  24/120  loss=2.768  cls=1.962  val_acc=0.3085  (32.6s)
  ep  25/120  loss=2.750  cls=1.932  val_acc=0.3021  (33.0s)
  ep  26/120  loss=2.738  cls=1.906  val_acc=0.2986  (36.0s)
  ep  27/120  loss=2.739  cls=1.898  val_acc=0.3139  (35.2s)
  ep  28/120  loss=2.733  cls=1.881  val_acc=0.3239  (35.3s)
  ep  29/120  loss=2.721  cls=1.864  val_acc=0.2999  (35.6s)
  ep  30/120  loss=2.709  cls=1.844  val_acc=0.3655  (35.0s)
  ep  31/120  loss=2.694  cls=1.822  val_acc=0.3578  (34.4s)
  ep  32/120  loss=2.684  cls=1.806  val_acc=0.3869  (35.0s)
  ep  33/120  loss=2.677  cls=1.796  val_acc=0.3313  (35.0s)
  ep  34/120  loss=2.674  cls=1.788  val_acc=0.3944  (35.1s)
  ep  35/120  loss=2.645  cls=1.756  val_acc=0.3784  (35.0s)
  ep  36/120  loss=2.638  cls=1.748  val_acc=0.3400  (35.4s)
  ep  37/120  loss=2.635  cls=1.739  val_acc=0.3230  (35.1s)
  ep  38/120  loss=2.615  cls=1.719  val_acc=0.3082  (34.6s)
  ep  39/120  loss=2.611  cls=1.710  val_acc=0.2998  (34.4s)
  ep  40/120  loss=2.596  cls=1.692  val_acc=0.3394  (34.5s)
  ep  41/120  loss=2.572  cls=1.671  val_acc=0.4326  (35.0s)
  ep  42/120  loss=2.556  cls=1.655  val_acc=0.3949  (35.0s)
  ep  43/120  loss=2.553  cls=1.651  val_acc=0.2938  (35.1s)
  ep  44/120  loss=2.529  cls=1.628  val_acc=0.3970  (35.2s)
  ep  45/120  loss=2.529  cls=1.628  val_acc=0.4104  (35.6s)
  ep  46/120  loss=2.499  cls=1.600  val_acc=0.3891  (37.4s)
  ep  47/120  loss=2.488  cls=1.591  val_acc=0.3545  (36.8s)
  ep  48/120  loss=2.470  cls=1.576  val_acc=0.3591  (37.0s)
  ep  49/120  loss=2.456  cls=1.563  val_acc=0.3997  (36.5s)
  ep  50/120  loss=2.421  cls=1.530  val_acc=0.3920  (36.6s)
  ep  51/120  loss=2.401  cls=1.512  val_acc=0.3450  (36.8s)
  ep  52/120  loss=2.397  cls=1.509  val_acc=0.3212  (37.0s)
  ep  53/120  loss=2.368  cls=1.480  val_acc=0.3867  (35.9s)
  early stop (best val_acc=0.4326)

--- BASELINE ---
  top-1 accuracy   : 0.4326
  balanced accuracy: 0.4326
  macro F1 (head)  : 0.474
  macro F1 (mid)   : 0.433
  macro F1 (tail)  : 0.332
  head-tail F1 gap : 0.142
  worst-class F1   : 0.000
  worst-class acc  : 0.000

Training cGAN on cleaned (imbalanced) data...
  cGAN ep   1/60  g=1.442  d=1.017  (24.9s)
  cGAN ep   2/60  g=1.108  d=1.178  (22.9s)
  cGAN ep   3/60  g=1.030  d=1.233  (22.8s)
  cGAN ep   4/60  g=1.142  d=1.159  (22.7s)
  cGAN ep   5/60  g=0.951  d=1.284  (23.6s)
  cGAN ep   6/60  g=0.911  d=1.303  (24.6s)
  cGAN ep   7/60  g=0.935  d=1.254  (24.6s)
  cGAN ep   8/60  g=0.984  d=1.228  (24.8s)
  cGAN ep   9/60  g=1.088  d=1.162  (24.5s)
  cGAN ep  10/60  g=1.151  d=1.150  (26.4s)
  cGAN ep  11/60  g=1.129  d=1.175  (24.8s)
  cGAN ep  12/60  g=1.062  d=1.189  (24.9s)
  cGAN ep  13/60  g=1.087  d=1.196  (24.7s)
  cGAN ep  14/60  g=1.108  d=1.179  (25.7s)
  cGAN ep  15/60  g=1.156  d=1.174  (25.2s)
  cGAN ep  16/60  g=1.149  d=1.145  (25.4s)
  cGAN ep  17/60  g=1.165  d=1.184  (26.0s)
  cGAN ep  18/60  g=1.111  d=1.182  (26.5s)
  cGAN ep  19/60  g=1.193  d=1.125  (25.0s)
  cGAN ep  20/60  g=1.251  d=1.135  (24.6s)
  cGAN ep  21/60  g=1.268  d=1.114  (25.1s)
  cGAN ep  22/60  g=1.170  d=1.171  (24.8s)
  cGAN ep  23/60  g=1.133  d=1.179  (24.9s)
  cGAN ep  24/60  g=1.147  d=1.190  (25.1s)
  cGAN ep  25/60  g=1.188  d=1.153  (26.6s)
  cGAN ep  26/60  g=1.174  d=1.180  (25.4s)
  cGAN ep  27/60  g=1.120  d=1.210  (26.7s)
  cGAN ep  28/60  g=1.154  d=1.175  (24.9s)
  cGAN ep  29/60  g=1.197  d=1.153  (24.4s)
  cGAN ep  30/60  g=1.127  d=1.198  (24.6s)
  cGAN ep  31/60  g=1.175  d=1.160  (24.1s)
  cGAN ep  32/60  g=1.214  d=1.173  (23.5s)
  cGAN ep  33/60  g=1.246  d=1.145  (23.3s)
  cGAN ep  34/60  g=1.240  d=1.117  (23.1s)
  cGAN ep  35/60  g=1.256  d=1.176  (23.6s)
  cGAN ep  36/60  g=1.158  d=1.172  (23.2s)
  cGAN ep  37/60  g=1.256  d=1.129  (22.9s)
  cGAN ep  38/60  g=1.200  d=1.166  (23.4s)
  cGAN ep  39/60  g=1.273  d=1.125  (23.2s)
  cGAN ep  40/60  g=1.303  d=1.117  (23.6s)
  cGAN ep  41/60  g=1.288  d=1.121  (23.0s)
  cGAN ep  42/60  g=1.223  d=1.146  (22.9s)
  cGAN ep  43/60  g=1.270  d=1.136  (22.8s)
  cGAN ep  44/60  g=1.218  d=1.132  (22.9s)
  cGAN ep  45/60  g=1.424  d=1.077  (22.9s)
  cGAN ep  46/60  g=1.341  d=1.097  (22.7s)
  cGAN ep  47/60  g=1.283  d=1.129  (22.7s)
  cGAN ep  48/60  g=1.303  d=1.132  (22.7s)
  cGAN ep  49/60  g=1.304  d=1.117  (23.3s)
  cGAN ep  50/60  g=1.202  d=1.145  (23.1s)
  cGAN ep  51/60  g=1.247  d=1.143  (22.9s)
  cGAN ep  52/60  g=1.215  d=1.153  (23.0s)
  cGAN ep  53/60  g=1.319  d=1.129  (23.0s)
  cGAN ep  54/60  g=1.252  d=1.124  (23.7s)
  cGAN ep  55/60  g=1.292  d=1.134  (22.9s)
  cGAN ep  56/60  g=1.252  d=1.147  (23.0s)
  cGAN ep  57/60  g=1.205  d=1.144  (23.7s)
  cGAN ep  58/60  g=1.193  d=1.174  (23.4s)
  cGAN ep  59/60  g=1.182  d=1.165  (23.9s)
  cGAN ep  60/60  g=1.159  d=1.184  (23.1s)

Generating 50 cGAN samples per class...

Extracting features for feature-space SMOTE...
  feature-balanced: (47500, 128)

Final training set: (31273, 32, 32, 3)
Training final classifier (full REBAL configuration)...
  ep   1/120  loss=4.023  cls=3.438  val_acc=0.0412  (44.4s)
  ep   2/120  loss=3.613  cls=3.199  val_acc=0.0416  (41.1s)
  ep   3/120  loss=3.380  cls=3.059  val_acc=0.1266  (40.9s)
  ep   4/120  loss=3.231  cls=2.951  val_acc=0.1137  (41.9s)
  ep   5/120  loss=3.120  cls=2.856  val_acc=0.0877  (40.6s)
  ep   6/120  loss=3.046  cls=2.779  val_acc=0.1529  (40.5s)
  ep   7/120  loss=2.994  cls=2.715  val_acc=0.1683  (41.9s)
  ep   8/120  loss=2.933  cls=2.633  val_acc=0.1602  (40.8s)
  ep   9/120  loss=2.887  cls=2.569  val_acc=0.1782  (41.5s)
  ep  10/120  loss=2.854  cls=2.515  val_acc=0.1893  (40.8s)
  ep  11/120  loss=2.825  cls=2.464  val_acc=0.2440  (44.8s)
  ep  12/120  loss=2.806  cls=2.426  val_acc=0.2504  (44.5s)
  ep  13/120  loss=2.779  cls=2.380  val_acc=0.2567  (44.0s)
  ep  14/120  loss=2.763  cls=2.342  val_acc=0.2449  (41.6s)
  ep  15/120  loss=2.737  cls=2.297  val_acc=0.2183  (42.8s)
  ep  16/120  loss=2.725  cls=2.266  val_acc=0.1730  (41.4s)
  ep  17/120  loss=2.704  cls=2.228  val_acc=0.2225  (41.0s)
  ep  18/120  loss=2.699  cls=2.203  val_acc=0.2774  (42.1s)
  ep  19/120  loss=2.693  cls=2.178  val_acc=0.2722  (40.3s)
  ep  20/120  loss=2.691  cls=2.159  val_acc=0.2720  (40.0s)
  ep  21/120  loss=2.675  cls=2.128  val_acc=0.1929  (40.0s)
  ep  22/120  loss=2.666  cls=2.107  val_acc=0.2827  (40.1s)
  ep  23/120  loss=2.659  cls=2.086  val_acc=0.1027  (40.0s)
  ep  24/120  loss=2.649  cls=2.061  val_acc=0.2836  (40.1s)
  ep  25/120  loss=2.653  cls=2.050  val_acc=0.3035  (40.5s)
  ep  26/120  loss=2.640  cls=2.028  val_acc=0.3465  (43.2s)
  ep  27/120  loss=2.635  cls=2.009  val_acc=0.2658  (42.2s)
  ep  28/120  loss=2.637  cls=1.998  val_acc=0.3028  (40.6s)
  ep  29/120  loss=2.623  cls=1.976  val_acc=0.3435  (40.7s)
  ep  30/120  loss=2.612  cls=1.957  val_acc=0.3246  (40.4s)
  ep  31/120  loss=2.618  cls=1.951  val_acc=0.2267  (40.2s)
  ep  32/120  loss=2.607  cls=1.933  val_acc=0.3471  (40.5s)
  ep  33/120  loss=2.602  cls=1.921  val_acc=0.1362  (41.8s)
  ep  34/120  loss=2.599  cls=1.912  val_acc=0.2590  (41.6s)
  ep  35/120  loss=2.582  cls=1.889  val_acc=0.3265  (41.7s)
  ep  36/120  loss=2.581  cls=1.881  val_acc=0.3242  (41.5s)
  ep  37/120  loss=2.571  cls=1.867  val_acc=0.2980  (41.6s)
  ep  38/120  loss=2.571  cls=1.864  val_acc=0.3508  (41.6s)
  ep  39/120  loss=2.555  cls=1.845  val_acc=0.3391  (41.6s)
  ep  40/120  loss=2.540  cls=1.826  val_acc=0.3055  (41.6s)
  ep  41/120  loss=2.542  cls=1.823  val_acc=0.3018  (41.8s)
  ep  42/120  loss=2.516  cls=1.797  val_acc=0.3407  (43.5s)
  ep  43/120  loss=2.513  cls=1.791  val_acc=0.3323  (45.4s)
  ep  44/120  loss=2.503  cls=1.781  val_acc=0.3408  (45.2s)
  ep  45/120  loss=2.491  cls=1.768  val_acc=0.2254  (43.0s)
  ep  46/120  loss=2.480  cls=1.756  val_acc=0.3337  (43.2s)
  ep  47/120  loss=2.473  cls=1.749  val_acc=0.3347  (45.7s)
  ep  48/120  loss=2.448  cls=1.724  val_acc=0.2812  (45.0s)
  ep  49/120  loss=2.440  cls=1.715  val_acc=0.2887  (43.5s)
  ep  50/120  loss=2.426  cls=1.701  val_acc=0.3033  (43.6s)
  early stop (best val_acc=0.3508)

Re-extracting features from final model for cRT...
  cRT feature-balanced: (47500, 128)

Retraining linear head on SMOTE-augmented features (cRT step)...
Epoch 1/20
93/93 - 0s - 2ms/step - accuracy: 0.1382 - loss: 4.0970
Epoch 2/20
93/93 - 0s - 755us/step - accuracy: 0.3668 - loss: 3.0138
Epoch 3/20
93/93 - 0s - 751us/step - accuracy: 0.4512 - loss: 2.5944
Epoch 4/20
93/93 - 0s - 743us/step - accuracy: 0.4864 - loss: 2.3770
Epoch 5/20
93/93 - 0s - 744us/step - accuracy: 0.5038 - loss: 2.2448
Epoch 6/20
93/93 - 0s - 741us/step - accuracy: 0.5148 - loss: 2.1562
Epoch 7/20
93/93 - 0s - 749us/step - accuracy: 0.5219 - loss: 2.0929
Epoch 8/20
93/93 - 0s - 749us/step - accuracy: 0.5279 - loss: 2.0455
Epoch 9/20
93/93 - 0s - 739us/step - accuracy: 0.5321 - loss: 2.0085
Epoch 10/20
93/93 - 0s - 746us/step - accuracy: 0.5362 - loss: 1.9790
Epoch 11/20
93/93 - 0s - 747us/step - accuracy: 0.5393 - loss: 1.9548
Epoch 12/20
93/93 - 0s - 739us/step - accuracy: 0.5418 - loss: 1.9346
Epoch 13/20
93/93 - 0s - 746us/step - accuracy: 0.5445 - loss: 1.9175
Epoch 14/20
93/93 - 0s - 750us/step - accuracy: 0.5467 - loss: 1.9027
Epoch 15/20
93/93 - 0s - 738us/step - accuracy: 0.5484 - loss: 1.8900
Epoch 16/20
93/93 - 0s - 741us/step - accuracy: 0.5501 - loss: 1.8787
Epoch 17/20
93/93 - 0s - 744us/step - accuracy: 0.5517 - loss: 1.8688
Epoch 18/20
93/93 - 0s - 747us/step - accuracy: 0.5531 - loss: 1.8599
Epoch 19/20
93/93 - 0s - 755us/step - accuracy: 0.5543 - loss: 1.8520
Epoch 20/20
93/93 - 0s - 738us/step - accuracy: 0.5554 - loss: 1.8448

--- FINAL + cRT (linear head on SMOTE features) ---
  top-1 accuracy   : 0.4465
  balanced accuracy: 0.4465
  macro F1 (head)  : 0.452
  macro F1 (mid)   : 0.430
  macro F1 (tail)  : 0.433
  head-tail F1 gap : 0.020
  worst-class F1   : 0.055
  worst-class acc  : 0.040

--- FINAL (full REBAL) ---
  top-1 accuracy   : 0.3508
  balanced accuracy: 0.3508
  macro F1 (head)  : 0.365
  macro F1 (mid)   : 0.332
  macro F1 (tail)  : 0.325
  head-tail F1 gap : 0.039
  worst-class F1   : 0.018
  worst-class acc  : 0.010

=== SUMMARY ===
  baseline    top-1: 0.4326   BAcc: 0.4326   tail F1: 0.332   head-tail gap: 0.142   worst-acc: 0.000
  final REBAL top-1: 0.3508   BAcc: 0.3508   tail F1: 0.325   head-tail gap: 0.039   worst-acc: 0.010
  REBAL + cRT top-1: 0.4465   BAcc: 0.4465   tail F1: 0.433   head-tail gap: 0.020   worst-acc: 0.040

Total runtime: 90.1 min
Wrote experiments/phase2_multiseed/seed_3/per_class_f1.csv
Wrote experiments/phase2_multiseed/seed_3/metrics.json
Wrote checkpoints to experiments/phase2_multiseed/seed_3/checkpoints/
