
============================================================
Seed: 0
============================================================
Loading and imbalancing CIFAR-100...
  imbalanced: (27700, 32, 32, 3), classes: 100

ECOD cleaning...
  cleaned: (26273, 32, 32, 3)

Training baseline feature extractor on imbalanced data...
  ep   1/120  loss=4.626  cls=4.012  val_acc=0.0626  (42.9s)
  ep   2/120  loss=4.146  cls=3.677  val_acc=0.0939  (35.7s)
  ep   3/120  loss=3.895  cls=3.508  val_acc=0.0815  (32.6s)
  ep   4/120  loss=3.705  cls=3.360  val_acc=0.0815  (32.4s)
  ep   5/120  loss=3.565  cls=3.231  val_acc=0.1388  (32.4s)
  ep   6/120  loss=3.441  cls=3.099  val_acc=0.1449  (32.3s)
  ep   7/120  loss=3.307  cls=2.943  val_acc=0.1162  (32.3s)
  ep   8/120  loss=3.235  cls=2.840  val_acc=0.2372  (32.4s)
  ep   9/120  loss=3.156  cls=2.731  val_acc=0.1509  (32.3s)
  ep  10/120  loss=3.092  cls=2.632  val_acc=0.2244  (32.4s)
  ep  11/120  loss=3.038  cls=2.546  val_acc=0.2626  (32.3s)
  ep  12/120  loss=2.998  cls=2.475  val_acc=0.2056  (32.3s)
  ep  13/120  loss=2.964  cls=2.408  val_acc=0.2340  (32.2s)
  ep  14/120  loss=2.932  cls=2.351  val_acc=0.2791  (32.3s)
  ep  15/120  loss=2.892  cls=2.281  val_acc=0.1490  (32.2s)
  ep  16/120  loss=2.870  cls=2.232  val_acc=0.3050  (32.3s)
  ep  17/120  loss=2.853  cls=2.191  val_acc=0.2617  (32.3s)
  ep  18/120  loss=2.838  cls=2.155  val_acc=0.2842  (32.4s)
  ep  19/120  loss=2.827  cls=2.123  val_acc=0.2954  (32.3s)
  ep  20/120  loss=2.827  cls=2.103  val_acc=0.3276  (32.3s)
  ep  21/120  loss=2.801  cls=2.062  val_acc=0.2590  (32.3s)
  ep  22/120  loss=2.785  cls=2.027  val_acc=0.1433  (32.4s)
  ep  23/120  loss=2.779  cls=2.004  val_acc=0.2544  (32.3s)
  ep  24/120  loss=2.776  cls=1.989  val_acc=0.1609  (31.4s)
  ep  25/120  loss=2.754  cls=1.954  val_acc=0.2063  (32.6s)
  ep  26/120  loss=2.751  cls=1.939  val_acc=0.3114  (32.6s)
  ep  27/120  loss=2.738  cls=1.919  val_acc=0.3147  (32.3s)
  ep  28/120  loss=2.735  cls=1.901  val_acc=0.2883  (32.4s)
  ep  29/120  loss=2.728  cls=1.885  val_acc=0.2997  (32.3s)
  ep  30/120  loss=2.707  cls=1.861  val_acc=0.3047  (32.3s)
  ep  31/120  loss=2.696  cls=1.842  val_acc=0.3084  (32.4s)
  ep  32/120  loss=2.692  cls=1.832  val_acc=0.2228  (32.7s)
  early stop (best val_acc=0.3276)

--- BASELINE ---
  top-1 accuracy   : 0.3276
  balanced accuracy: 0.3276
  macro F1 (head)  : 0.349
  macro F1 (mid)   : 0.339
  macro F1 (tail)  : 0.201
  head-tail F1 gap : 0.148
  worst-class F1   : 0.000
  worst-class acc  : 0.000

Training cGAN on cleaned (imbalanced) data...
  cGAN ep   1/60  g=1.547  d=0.983  (23.2s)
  cGAN ep   2/60  g=1.146  d=1.163  (21.0s)
  cGAN ep   3/60  g=1.061  d=1.218  (21.0s)
  cGAN ep   4/60  g=0.959  d=1.290  (21.0s)
  cGAN ep   5/60  g=0.932  d=1.278  (21.1s)
  cGAN ep   6/60  g=0.942  d=1.290  (21.1s)
  cGAN ep   7/60  g=0.880  d=1.318  (21.1s)
  cGAN ep   8/60  g=0.872  d=1.316  (21.2s)
  cGAN ep   9/60  g=0.898  d=1.302  (21.2s)
  cGAN ep  10/60  g=0.892  d=1.307  (21.2s)
  cGAN ep  11/60  g=0.864  d=1.334  (21.3s)
  cGAN ep  12/60  g=0.866  d=1.337  (21.3s)
  cGAN ep  13/60  g=0.877  d=1.326  (21.4s)
  cGAN ep  14/60  g=0.908  d=1.293  (20.9s)
  cGAN ep  15/60  g=0.911  d=1.297  (20.9s)
  cGAN ep  16/60  g=0.941  d=1.286  (21.6s)
  cGAN ep  17/60  g=0.970  d=1.253  (21.4s)
  cGAN ep  18/60  g=1.003  d=1.243  (21.3s)
  cGAN ep  19/60  g=1.055  d=1.216  (21.4s)
  cGAN ep  20/60  g=1.081  d=1.191  (21.4s)
  cGAN ep  21/60  g=1.069  d=1.190  (21.4s)
  cGAN ep  22/60  g=1.071  d=1.213  (21.4s)
  cGAN ep  23/60  g=1.055  d=1.217  (21.4s)
  cGAN ep  24/60  g=1.072  d=1.205  (21.4s)
  cGAN ep  25/60  g=1.110  d=1.180  (21.4s)
  cGAN ep  26/60  g=1.110  d=1.185  (21.5s)
  cGAN ep  27/60  g=1.115  d=1.179  (21.4s)
  cGAN ep  28/60  g=1.184  d=1.165  (21.4s)
  cGAN ep  29/60  g=1.168  d=1.142  (21.4s)
  cGAN ep  30/60  g=1.178  d=1.184  (21.4s)
  cGAN ep  31/60  g=1.141  d=1.178  (21.5s)
  cGAN ep  32/60  g=1.150  d=1.156  (21.7s)
  cGAN ep  33/60  g=1.207  d=1.153  (21.6s)
  cGAN ep  34/60  g=1.175  d=1.146  (21.4s)
  cGAN ep  35/60  g=1.190  d=1.141  (21.4s)
  cGAN ep  36/60  g=1.220  d=1.139  (21.5s)
  cGAN ep  37/60  g=1.288  d=1.128  (21.4s)
  cGAN ep  38/60  g=1.186  d=1.152  (21.4s)
  cGAN ep  39/60  g=1.247  d=1.141  (21.5s)
  cGAN ep  40/60  g=1.206  d=1.140  (21.4s)
  cGAN ep  41/60  g=1.163  d=1.166  (21.5s)
  cGAN ep  42/60  g=1.153  d=1.176  (21.5s)
  cGAN ep  43/60  g=1.137  d=1.178  (22.4s)
  cGAN ep  44/60  g=1.174  d=1.153  (21.7s)
  cGAN ep  45/60  g=1.147  d=1.171  (21.6s)
  cGAN ep  46/60  g=1.238  d=1.142  (21.5s)
  cGAN ep  47/60  g=1.188  d=1.150  (21.5s)
  cGAN ep  48/60  g=1.191  d=1.157  (21.5s)
  cGAN ep  49/60  g=1.229  d=1.146  (21.5s)
  cGAN ep  50/60  g=1.244  d=1.132  (21.5s)
  cGAN ep  51/60  g=1.277  d=1.118  (21.5s)
  cGAN ep  52/60  g=1.268  d=1.135  (21.8s)
  cGAN ep  53/60  g=1.202  d=1.155  (21.9s)
  cGAN ep  54/60  g=1.165  d=1.166  (22.1s)
  cGAN ep  55/60  g=1.185  d=1.165  (21.5s)
  cGAN ep  56/60  g=1.195  d=1.163  (21.6s)
  cGAN ep  57/60  g=1.161  d=1.182  (21.6s)
  cGAN ep  58/60  g=1.129  d=1.210  (21.6s)
  cGAN ep  59/60  g=1.112  d=1.211  (21.6s)
  cGAN ep  60/60  g=1.093  d=1.217  (21.5s)

Generating 50 cGAN samples per class...

Extracting features for feature-space SMOTE...
  feature-balanced: (47500, 128)

Final training set: (31273, 32, 32, 3)
Training final classifier (full REBAL configuration)...
  ep   1/120  loss=4.016  cls=3.431  val_acc=0.0617  (66.1s)
  ep   2/120  loss=3.615  cls=3.202  val_acc=0.0662  (226.6s)
  ep   3/120  loss=3.398  cls=3.078  val_acc=0.0818  (37.8s)
  ep   4/120  loss=3.260  cls=2.985  val_acc=0.0963  (38.5s)
  ep   5/120  loss=3.169  cls=2.913  val_acc=0.1389  (39.0s)
  ep   6/120  loss=3.078  cls=2.824  val_acc=0.0784  (37.7s)
  ep   7/120  loss=3.009  cls=2.741  val_acc=0.1494  (37.7s)
  ep   8/120  loss=2.953  cls=2.664  val_acc=0.1873  (37.7s)
  ep   9/120  loss=2.909  cls=2.600  val_acc=0.2267  (37.8s)
  ep  10/120  loss=2.874  cls=2.545  val_acc=0.2213  (37.7s)
  ep  11/120  loss=2.844  cls=2.490  val_acc=0.1881  (37.7s)
  ep  12/120  loss=2.816  cls=2.442  val_acc=0.2400  (37.8s)
  ep  13/120  loss=2.799  cls=2.405  val_acc=0.2528  (38.2s)
  ep  14/120  loss=2.768  cls=2.353  val_acc=0.2156  (39.8s)
  ep  15/120  loss=2.754  cls=2.316  val_acc=0.2777  (40.4s)
  ep  16/120  loss=2.761  cls=2.303  val_acc=0.2182  (41.4s)
  ep  17/120  loss=2.733  cls=2.256  val_acc=0.2453  (39.4s)
  ep  18/120  loss=2.718  cls=2.221  val_acc=0.2519  (38.0s)
  ep  19/120  loss=2.709  cls=2.195  val_acc=0.2752  (39.2s)
  ep  20/120  loss=2.699  cls=2.169  val_acc=0.1848  (38.9s)
  ep  21/120  loss=2.700  cls=2.153  val_acc=0.3188  (37.8s)
  ep  22/120  loss=2.690  cls=2.128  val_acc=0.2704  (37.9s)
  ep  23/120  loss=2.687  cls=2.110  val_acc=0.2923  (37.8s)
  ep  24/120  loss=2.678  cls=2.088  val_acc=0.2779  (37.7s)
  ep  25/120  loss=2.665  cls=2.065  val_acc=0.2710  (37.8s)
  ep  26/120  loss=2.667  cls=2.051  val_acc=0.1611  (38.1s)
  ep  27/120  loss=2.664  cls=2.036  val_acc=0.2595  (37.6s)
  ep  28/120  loss=2.651  cls=2.012  val_acc=0.3049  (38.1s)
  ep  29/120  loss=2.647  cls=1.996  val_acc=0.2825  (37.8s)
  ep  30/120  loss=2.645  cls=1.984  val_acc=0.3145  (37.8s)
  ep  31/120  loss=2.634  cls=1.966  val_acc=0.3382  (37.8s)
  ep  32/120  loss=2.638  cls=1.964  val_acc=0.3447  (37.8s)
  ep  33/120  loss=2.626  cls=1.947  val_acc=0.2709  (37.8s)
  ep  34/120  loss=2.602  cls=1.917  val_acc=0.2763  (37.8s)
  ep  35/120  loss=2.611  cls=1.919  val_acc=0.2495  (38.0s)
  ep  36/120  loss=2.598  cls=1.905  val_acc=0.3271  (39.2s)
  ep  37/120  loss=2.585  cls=1.886  val_acc=0.3026  (39.0s)
  ep  38/120  loss=2.580  cls=1.877  val_acc=0.3574  (38.8s)
  ep  39/120  loss=2.576  cls=1.870  val_acc=0.2240  (38.5s)
  ep  40/120  loss=2.559  cls=1.851  val_acc=0.2399  (38.1s)
  ep  41/120  loss=2.544  cls=1.835  val_acc=0.3011  (38.0s)
  ep  42/120  loss=2.548  cls=1.835  val_acc=0.3276  (39.3s)
  ep  43/120  loss=2.523  cls=1.809  val_acc=0.3561  (39.0s)
  ep  44/120  loss=2.523  cls=1.807  val_acc=0.3665  (36.4s)
  ep  45/120  loss=2.509  cls=1.792  val_acc=0.3845  (36.3s)
  ep  46/120  loss=2.501  cls=1.781  val_acc=0.2840  (36.3s)
  ep  47/120  loss=2.476  cls=1.753  val_acc=0.3477  (36.3s)
  ep  48/120  loss=2.472  cls=1.751  val_acc=0.3312  (36.4s)
  ep  49/120  loss=2.439  cls=1.718  val_acc=0.2653  (36.3s)
  ep  50/120  loss=2.438  cls=1.717  val_acc=0.3587  (36.8s)
  ep  51/120  loss=2.425  cls=1.705  val_acc=0.3824  (36.9s)
  ep  52/120  loss=2.410  cls=1.691  val_acc=0.3050  (36.6s)
  ep  53/120  loss=2.401  cls=1.682  val_acc=0.3836  (36.7s)
  ep  54/120  loss=2.382  cls=1.663  val_acc=0.4237  (36.9s)
  ep  55/120  loss=2.369  cls=1.650  val_acc=0.3544  (36.6s)
  ep  56/120  loss=2.359  cls=1.640  val_acc=0.3112  (36.6s)
  ep  57/120  loss=2.329  cls=1.612  val_acc=0.3273  (36.6s)
  ep  58/120  loss=2.316  cls=1.602  val_acc=0.3798  (36.6s)
  ep  59/120  loss=2.291  cls=1.580  val_acc=0.2832  (39.4s)
  ep  60/120  loss=2.282  cls=1.574  val_acc=0.3885  (39.5s)
  ep  61/120  loss=2.264  cls=1.557  val_acc=0.4210  (37.9s)
  ep  62/120  loss=2.254  cls=1.550  val_acc=0.3858  (38.0s)
  ep  63/120  loss=2.228  cls=1.528  val_acc=0.2520  (38.0s)
  ep  64/120  loss=2.195  cls=1.499  val_acc=0.3145  (37.8s)
  ep  65/120  loss=2.179  cls=1.487  val_acc=0.4033  (36.5s)
  ep  66/120  loss=2.156  cls=1.467  val_acc=0.4350  (36.4s)
  ep  67/120  loss=2.137  cls=1.452  val_acc=0.4103  (36.3s)
  ep  68/120  loss=2.109  cls=1.429  val_acc=0.4051  (36.3s)
  ep  69/120  loss=2.076  cls=1.401  val_acc=0.3403  (36.3s)
  ep  70/120  loss=2.072  cls=1.400  val_acc=0.4104  (36.3s)
  ep  71/120  loss=2.039  cls=1.371  val_acc=0.4671  (36.3s)
  ep  72/120  loss=2.012  cls=1.349  val_acc=0.4162  (36.6s)
  ep  73/120  loss=1.974  cls=1.315  val_acc=0.3893  (38.1s)
  ep  74/120  loss=1.957  cls=1.303  val_acc=0.4645  (36.4s)
  ep  75/120  loss=1.922  cls=1.273  val_acc=0.4177  (36.5s)
  ep  76/120  loss=1.896  cls=1.252  val_acc=0.5028  (36.2s)
  ep  77/120  loss=1.876  cls=1.239  val_acc=0.4585  (36.4s)
  ep  78/120  loss=1.843  cls=1.211  val_acc=0.4040  (36.2s)
  ep  79/120  loss=1.820  cls=1.194  val_acc=0.4880  (36.3s)
  ep  80/120  loss=1.787  cls=1.166  val_acc=0.5006  (36.7s)
  ep  81/120  loss=1.760  cls=1.143  val_acc=0.5123  (37.8s)
  ep  82/120  loss=1.728  cls=1.117  val_acc=0.5009  (37.7s)
  ep  83/120  loss=1.702  cls=1.097  val_acc=0.4932  (37.5s)
  ep  84/120  loss=1.676  cls=1.076  val_acc=0.4884  (37.6s)
  ep  85/120  loss=1.627  cls=1.034  val_acc=0.5204  (37.6s)
  ep  86/120  loss=1.609  cls=1.022  val_acc=0.5326  (37.6s)
  ep  87/120  loss=1.586  cls=1.005  val_acc=0.5115  (37.7s)
  ep  88/120  loss=1.558  cls=0.981  val_acc=0.5510  (37.3s)
  ep  89/120  loss=1.518  cls=0.948  val_acc=0.5274  (37.3s)
  ep  90/120  loss=1.491  cls=0.927  val_acc=0.5218  (37.4s)
  ep  91/120  loss=1.462  cls=0.904  val_acc=0.5593  (37.5s)
  ep  92/120  loss=1.435  cls=0.881  val_acc=0.5437  (37.8s)
  ep  93/120  loss=1.398  cls=0.850  val_acc=0.5626  (37.4s)
  ep  94/120  loss=1.367  cls=0.825  val_acc=0.5468  (37.5s)
  ep  95/120  loss=1.341  cls=0.803  val_acc=0.5606  (37.4s)
  ep  96/120  loss=1.317  cls=0.784  val_acc=0.5667  (37.3s)
  ep  97/120  loss=1.294  cls=0.767  val_acc=0.5786  (37.3s)
  ep  98/120  loss=1.260  cls=0.737  val_acc=0.5639  (37.5s)
  ep  99/120  loss=1.235  cls=0.716  val_acc=0.5703  (36.3s)
  ep 100/120  loss=1.218  cls=0.704  val_acc=0.5695  (36.3s)
  ep 101/120  loss=1.191  cls=0.680  val_acc=0.5543  (36.3s)
  ep 102/120  loss=1.172  cls=0.665  val_acc=0.5731  (36.3s)
  ep 103/120  loss=1.150  cls=0.646  val_acc=0.5764  (1039.5s)
  ep 104/120  loss=1.129  cls=0.629  val_acc=0.5868  (44.8s)
  ep 105/120  loss=1.115  cls=0.618  val_acc=0.5752  (976.0s)
  ep 106/120  loss=1.101  cls=0.606  val_acc=0.5840  (36.2s)
  ep 107/120  loss=1.084  cls=0.592  val_acc=0.5837  (1023.8s)
  ep 108/120  loss=1.068  cls=0.578  val_acc=0.5842  (41.4s)
  ep 109/120  loss=1.051  cls=0.563  val_acc=0.5919  (37.2s)
  ep 110/120  loss=1.043  cls=0.557  val_acc=0.5888  (39.3s)
  ep 111/120  loss=1.033  cls=0.548  val_acc=0.5953  (41.2s)
  ep 112/120  loss=1.022  cls=0.538  val_acc=0.5887  (43.0s)
  ep 113/120  loss=1.014  cls=0.531  val_acc=0.5892  (131.9s)
  ep 114/120  loss=1.020  cls=0.538  val_acc=0.5928  (66.3s)
  ep 115/120  loss=1.005  cls=0.523  val_acc=0.5936  (81.3s)
  ep 116/120  loss=1.001  cls=0.520  val_acc=0.5941  (137.0s)
  ep 117/120  loss=0.996  cls=0.514  val_acc=0.5920  (140.0s)
  ep 118/120  loss=0.997  cls=0.515  val_acc=0.5932  (131.3s)
  ep 119/120  loss=1.000  cls=0.519  val_acc=0.5927  (97.5s)
  ep 120/120  loss=0.992  cls=0.511  val_acc=0.5934  (92.6s)

Re-extracting features from final model for cRT...
  cRT feature-balanced: (47500, 128)

Retraining linear head on SMOTE-augmented features (cRT step)...
Epoch 1/20
93/93 - 0s - 2ms/step - accuracy: 0.5426 - loss: 2.5153
Epoch 2/20
93/93 - 0s - 710us/step - accuracy: 0.8956 - loss: 0.7913
Epoch 3/20
93/93 - 0s - 693us/step - accuracy: 0.9125 - loss: 0.6014
Epoch 4/20
93/93 - 0s - 696us/step - accuracy: 0.9189 - loss: 0.5248
Epoch 5/20
93/93 - 0s - 692us/step - accuracy: 0.9229 - loss: 0.4823
Epoch 6/20
93/93 - 0s - 693us/step - accuracy: 0.9253 - loss: 0.4551
Epoch 7/20
93/93 - 0s - 691us/step - accuracy: 0.9275 - loss: 0.4360
Epoch 8/20
93/93 - 0s - 720us/step - accuracy: 0.9291 - loss: 0.4218
Epoch 9/20
93/93 - 0s - 766us/step - accuracy: 0.9301 - loss: 0.4109
Epoch 10/20
93/93 - 0s - 782us/step - accuracy: 0.9313 - loss: 0.4021
Epoch 11/20
93/93 - 0s - 820us/step - accuracy: 0.9323 - loss: 0.3950
Epoch 12/20
93/93 - 0s - 853us/step - accuracy: 0.9329 - loss: 0.3890
Epoch 13/20
93/93 - 0s - 867us/step - accuracy: 0.9339 - loss: 0.3839
Epoch 14/20
93/93 - 0s - 892us/step - accuracy: 0.9341 - loss: 0.3795
Epoch 15/20
93/93 - 0s - 851us/step - accuracy: 0.9347 - loss: 0.3757
Epoch 16/20
93/93 - 0s - 852us/step - accuracy: 0.9352 - loss: 0.3723
Epoch 17/20
93/93 - 0s - 855us/step - accuracy: 0.9356 - loss: 0.3693
Epoch 18/20
93/93 - 0s - 855us/step - accuracy: 0.9361 - loss: 0.3666
Epoch 19/20
93/93 - 0s - 824us/step - accuracy: 0.9365 - loss: 0.3642
Epoch 20/20
93/93 - 0s - 808us/step - accuracy: 0.9369 - loss: 0.3619

--- FINAL + cRT (linear head on SMOTE features) ---
  top-1 accuracy   : 0.5942
  balanced accuracy: 0.5942
  macro F1 (head)  : 0.621
  macro F1 (mid)   : 0.592
  macro F1 (tail)  : 0.567
  head-tail F1 gap : 0.053
  worst-class F1   : 0.214
  worst-class acc  : 0.140

--- FINAL (full REBAL) ---
  top-1 accuracy   : 0.5953
  balanced accuracy: 0.5953
  macro F1 (head)  : 0.616
  macro F1 (mid)   : 0.594
  macro F1 (tail)  : 0.569
  head-tail F1 gap : 0.047
  worst-class F1   : 0.182
  worst-class acc  : 0.110

=== SUMMARY ===
  baseline    top-1: 0.3276   BAcc: 0.3276   tail F1: 0.201   head-tail gap: 0.148   worst-acc: 0.000
  final REBAL top-1: 0.5953   BAcc: 0.5953   tail F1: 0.569   head-tail gap: 0.047   worst-acc: 0.110
  REBAL + cRT top-1: 0.5942   BAcc: 0.5942   tail F1: 0.567   head-tail gap: 0.053   worst-acc: 0.140

Total runtime: 181.6 min
Wrote experiments/phase2_multiseed/seed_0/per_class_f1.csv
Wrote experiments/phase2_multiseed/seed_0/metrics.json
Wrote checkpoints to experiments/phase2_multiseed/seed_0/checkpoints/
