==================================================
  Seed 0  (Sun Jun 14 21:59:26 PDT 2026)
==================================================

============================================================
Seed: 0
============================================================
Loading and imbalancing CIFAR-100...
  imbalanced: (27700, 32, 32, 3), classes: 100

ECOD cleaning...
  cleaned: (26273, 32, 32, 3)

Training baseline feature extractor on imbalanced data...
  ep   1/120  loss=4.626  cls=4.012  val_acc=0.0626  (42.9s)
  ep   2/120  loss=4.146  cls=3.677  val_acc=0.0939  (35.7s)
  ep   3/120  loss=3.895  cls=3.508  val_acc=0.0815  (32.6s)
  ep   4/120  loss=3.705  cls=3.360  val_acc=0.0815  (32.4s)
  ep   5/120  loss=3.565  cls=3.231  val_acc=0.1388  (32.4s)
  ep   6/120  loss=3.441  cls=3.099  val_acc=0.1449  (32.3s)
  ep   7/120  loss=3.307  cls=2.943  val_acc=0.1162  (32.3s)
  ep   8/120  loss=3.235  cls=2.840  val_acc=0.2372  (32.4s)
  ep   9/120  loss=3.156  cls=2.731  val_acc=0.1509  (32.3s)
  ep  10/120  loss=3.092  cls=2.632  val_acc=0.2244  (32.4s)
  ep  11/120  loss=3.038  cls=2.546  val_acc=0.2626  (32.3s)
  ep  12/120  loss=2.998  cls=2.475  val_acc=0.2056  (32.3s)
  ep  13/120  loss=2.964  cls=2.408  val_acc=0.2340  (32.2s)
  ep  14/120  loss=2.932  cls=2.351  val_acc=0.2791  (32.3s)
  ep  15/120  loss=2.892  cls=2.281  val_acc=0.1490  (32.2s)
  ep  16/120  loss=2.870  cls=2.232  val_acc=0.3050  (32.3s)
  ep  17/120  loss=2.853  cls=2.191  val_acc=0.2617  (32.3s)
  ep  18/120  loss=2.838  cls=2.155  val_acc=0.2842  (32.4s)
  ep  19/120  loss=2.827  cls=2.123  val_acc=0.2954  (32.3s)
  ep  20/120  loss=2.827  cls=2.103  val_acc=0.3276  (32.3s)
  ep  21/120  loss=2.801  cls=2.062  val_acc=0.2590  (32.3s)
  ep  22/120  loss=2.785  cls=2.027  val_acc=0.1433  (32.4s)
  ep  23/120  loss=2.779  cls=2.004  val_acc=0.2544  (32.3s)
  ep  24/120  loss=2.776  cls=1.989  val_acc=0.1609  (31.4s)
  ep  25/120  loss=2.754  cls=1.954  val_acc=0.2063  (32.6s)
  ep  26/120  loss=2.751  cls=1.939  val_acc=0.3114  (32.6s)
  ep  27/120  loss=2.738  cls=1.919  val_acc=0.3147  (32.3s)
  ep  28/120  loss=2.735  cls=1.901  val_acc=0.2883  (32.4s)
  ep  29/120  loss=2.728  cls=1.885  val_acc=0.2997  (32.3s)
  ep  30/120  loss=2.707  cls=1.861  val_acc=0.3047  (32.3s)
  ep  31/120  loss=2.696  cls=1.842  val_acc=0.3084  (32.4s)
  ep  32/120  loss=2.692  cls=1.832  val_acc=0.2228  (32.7s)
  early stop (best val_acc=0.3276)

--- BASELINE ---
  top-1 accuracy   : 0.3276
  balanced accuracy: 0.3276
  macro F1 (head)  : 0.349
  macro F1 (mid)   : 0.339
  macro F1 (tail)  : 0.201
  head-tail F1 gap : 0.148
  worst-class F1   : 0.000
  worst-class acc  : 0.000

Training cGAN on cleaned (imbalanced) data...
  cGAN ep   1/60  g=1.547  d=0.983  (23.2s)
  cGAN ep   2/60  g=1.146  d=1.163  (21.0s)
  cGAN ep   3/60  g=1.061  d=1.218  (21.0s)
  cGAN ep   4/60  g=0.959  d=1.290  (21.0s)
  cGAN ep   5/60  g=0.932  d=1.278  (21.1s)
  cGAN ep   6/60  g=0.942  d=1.290  (21.1s)
  cGAN ep   7/60  g=0.880  d=1.318  (21.1s)
  cGAN ep   8/60  g=0.872  d=1.316  (21.2s)
  cGAN ep   9/60  g=0.898  d=1.302  (21.2s)
  cGAN ep  10/60  g=0.892  d=1.307  (21.2s)
  cGAN ep  11/60  g=0.864  d=1.334  (21.3s)
  cGAN ep  12/60  g=0.866  d=1.337  (21.3s)
  cGAN ep  13/60  g=0.877  d=1.326  (21.4s)
  cGAN ep  14/60  g=0.908  d=1.293  (20.9s)
  cGAN ep  15/60  g=0.911  d=1.297  (20.9s)
  cGAN ep  16/60  g=0.941  d=1.286  (21.6s)
  cGAN ep  17/60  g=0.970  d=1.253  (21.4s)
  cGAN ep  18/60  g=1.003  d=1.243  (21.3s)
  cGAN ep  19/60  g=1.055  d=1.216  (21.4s)
  cGAN ep  20/60  g=1.081  d=1.191  (21.4s)
  cGAN ep  21/60  g=1.069  d=1.190  (21.4s)
  cGAN ep  22/60  g=1.071  d=1.213  (21.4s)
  cGAN ep  23/60  g=1.055  d=1.217  (21.4s)
  cGAN ep  24/60  g=1.072  d=1.205  (21.4s)
  cGAN ep  25/60  g=1.110  d=1.180  (21.4s)
  cGAN ep  26/60  g=1.110  d=1.185  (21.5s)
  cGAN ep  27/60  g=1.115  d=1.179  (21.4s)
  cGAN ep  28/60  g=1.184  d=1.165  (21.4s)
  cGAN ep  29/60  g=1.168  d=1.142  (21.4s)
  cGAN ep  30/60  g=1.178  d=1.184  (21.4s)
  cGAN ep  31/60  g=1.141  d=1.178  (21.5s)
  cGAN ep  32/60  g=1.150  d=1.156  (21.7s)
  cGAN ep  33/60  g=1.207  d=1.153  (21.6s)
  cGAN ep  34/60  g=1.175  d=1.146  (21.4s)
  cGAN ep  35/60  g=1.190  d=1.141  (21.4s)
  cGAN ep  36/60  g=1.220  d=1.139  (21.5s)
  cGAN ep  37/60  g=1.288  d=1.128  (21.4s)
  cGAN ep  38/60  g=1.186  d=1.152  (21.4s)
  cGAN ep  39/60  g=1.247  d=1.141  (21.5s)
  cGAN ep  40/60  g=1.206  d=1.140  (21.4s)
  cGAN ep  41/60  g=1.163  d=1.166  (21.5s)
  cGAN ep  42/60  g=1.153  d=1.176  (21.5s)
  cGAN ep  43/60  g=1.137  d=1.178  (22.4s)
  cGAN ep  44/60  g=1.174  d=1.153  (21.7s)
  cGAN ep  45/60  g=1.147  d=1.171  (21.6s)
  cGAN ep  46/60  g=1.238  d=1.142  (21.5s)
  cGAN ep  47/60  g=1.188  d=1.150  (21.5s)
  cGAN ep  48/60  g=1.191  d=1.157  (21.5s)
  cGAN ep  49/60  g=1.229  d=1.146  (21.5s)
  cGAN ep  50/60  g=1.244  d=1.132  (21.5s)
  cGAN ep  51/60  g=1.277  d=1.118  (21.5s)
  cGAN ep  52/60  g=1.268  d=1.135  (21.8s)
  cGAN ep  53/60  g=1.202  d=1.155  (21.9s)
  cGAN ep  54/60  g=1.165  d=1.166  (22.1s)
  cGAN ep  55/60  g=1.185  d=1.165  (21.5s)
  cGAN ep  56/60  g=1.195  d=1.163  (21.6s)
  cGAN ep  57/60  g=1.161  d=1.182  (21.6s)
  cGAN ep  58/60  g=1.129  d=1.210  (21.6s)
  cGAN ep  59/60  g=1.112  d=1.211  (21.6s)
  cGAN ep  60/60  g=1.093  d=1.217  (21.5s)

Generating 50 cGAN samples per class...

Extracting features for feature-space SMOTE...
  feature-balanced: (47500, 128)

Final training set: (31273, 32, 32, 3)
Training final classifier (full REBAL configuration)...
  ep   1/120  loss=4.016  cls=3.431  val_acc=0.0617  (66.1s)
  ep   2/120  loss=3.615  cls=3.202  val_acc=0.0662  (226.6s)
  ep   3/120  loss=3.398  cls=3.078  val_acc=0.0818  (37.8s)
  ep   4/120  loss=3.260  cls=2.985  val_acc=0.0963  (38.5s)
  ep   5/120  loss=3.169  cls=2.913  val_acc=0.1389  (39.0s)
  ep   6/120  loss=3.078  cls=2.824  val_acc=0.0784  (37.7s)
  ep   7/120  loss=3.009  cls=2.741  val_acc=0.1494  (37.7s)
  ep   8/120  loss=2.953  cls=2.664  val_acc=0.1873  (37.7s)
  ep   9/120  loss=2.909  cls=2.600  val_acc=0.2267  (37.8s)
  ep  10/120  loss=2.874  cls=2.545  val_acc=0.2213  (37.7s)
  ep  11/120  loss=2.844  cls=2.490  val_acc=0.1881  (37.7s)
  ep  12/120  loss=2.816  cls=2.442  val_acc=0.2400  (37.8s)
  ep  13/120  loss=2.799  cls=2.405  val_acc=0.2528  (38.2s)
  ep  14/120  loss=2.768  cls=2.353  val_acc=0.2156  (39.8s)
  ep  15/120  loss=2.754  cls=2.316  val_acc=0.2777  (40.4s)
  ep  16/120  loss=2.761  cls=2.303  val_acc=0.2182  (41.4s)
  ep  17/120  loss=2.733  cls=2.256  val_acc=0.2453  (39.4s)
  ep  18/120  loss=2.718  cls=2.221  val_acc=0.2519  (38.0s)
  ep  19/120  loss=2.709  cls=2.195  val_acc=0.2752  (39.2s)
  ep  20/120  loss=2.699  cls=2.169  val_acc=0.1848  (38.9s)
  ep  21/120  loss=2.700  cls=2.153  val_acc=0.3188  (37.8s)
  ep  22/120  loss=2.690  cls=2.128  val_acc=0.2704  (37.9s)
  ep  23/120  loss=2.687  cls=2.110  val_acc=0.2923  (37.8s)
  ep  24/120  loss=2.678  cls=2.088  val_acc=0.2779  (37.7s)
  ep  25/120  loss=2.665  cls=2.065  val_acc=0.2710  (37.8s)
  ep  26/120  loss=2.667  cls=2.051  val_acc=0.1611  (38.1s)
  ep  27/120  loss=2.664  cls=2.036  val_acc=0.2595  (37.6s)
  ep  28/120  loss=2.651  cls=2.012  val_acc=0.3049  (38.1s)
  ep  29/120  loss=2.647  cls=1.996  val_acc=0.2825  (37.8s)
  ep  30/120  loss=2.645  cls=1.984  val_acc=0.3145  (37.8s)
  ep  31/120  loss=2.634  cls=1.966  val_acc=0.3382  (37.8s)
  ep  32/120  loss=2.638  cls=1.964  val_acc=0.3447  (37.8s)
  ep  33/120  loss=2.626  cls=1.947  val_acc=0.2709  (37.8s)
  ep  34/120  loss=2.602  cls=1.917  val_acc=0.2763  (37.8s)
  ep  35/120  loss=2.611  cls=1.919  val_acc=0.2495  (38.0s)
  ep  36/120  loss=2.598  cls=1.905  val_acc=0.3271  (39.2s)
  ep  37/120  loss=2.585  cls=1.886  val_acc=0.3026  (39.0s)
  ep  38/120  loss=2.580  cls=1.877  val_acc=0.3574  (38.8s)
  ep  39/120  loss=2.576  cls=1.870  val_acc=0.2240  (38.5s)
  ep  40/120  loss=2.559  cls=1.851  val_acc=0.2399  (38.1s)
  ep  41/120  loss=2.544  cls=1.835  val_acc=0.3011  (38.0s)
  ep  42/120  loss=2.548  cls=1.835  val_acc=0.3276  (39.3s)
  ep  43/120  loss=2.523  cls=1.809  val_acc=0.3561  (39.0s)
  ep  44/120  loss=2.523  cls=1.807  val_acc=0.3665  (36.4s)
  ep  45/120  loss=2.509  cls=1.792  val_acc=0.3845  (36.3s)
  ep  46/120  loss=2.501  cls=1.781  val_acc=0.2840  (36.3s)
  ep  47/120  loss=2.476  cls=1.753  val_acc=0.3477  (36.3s)
  ep  48/120  loss=2.472  cls=1.751  val_acc=0.3312  (36.4s)
  ep  49/120  loss=2.439  cls=1.718  val_acc=0.2653  (36.3s)
  ep  50/120  loss=2.438  cls=1.717  val_acc=0.3587  (36.8s)
  ep  51/120  loss=2.425  cls=1.705  val_acc=0.3824  (36.9s)
  ep  52/120  loss=2.410  cls=1.691  val_acc=0.3050  (36.6s)
  ep  53/120  loss=2.401  cls=1.682  val_acc=0.3836  (36.7s)
  ep  54/120  loss=2.382  cls=1.663  val_acc=0.4237  (36.9s)
  ep  55/120  loss=2.369  cls=1.650  val_acc=0.3544  (36.6s)
  ep  56/120  loss=2.359  cls=1.640  val_acc=0.3112  (36.6s)
  ep  57/120  loss=2.329  cls=1.612  val_acc=0.3273  (36.6s)
  ep  58/120  loss=2.316  cls=1.602  val_acc=0.3798  (36.6s)
  ep  59/120  loss=2.291  cls=1.580  val_acc=0.2832  (39.4s)
  ep  60/120  loss=2.282  cls=1.574  val_acc=0.3885  (39.5s)
  ep  61/120  loss=2.264  cls=1.557  val_acc=0.4210  (37.9s)
  ep  62/120  loss=2.254  cls=1.550  val_acc=0.3858  (38.0s)
  ep  63/120  loss=2.228  cls=1.528  val_acc=0.2520  (38.0s)
  ep  64/120  loss=2.195  cls=1.499  val_acc=0.3145  (37.8s)
  ep  65/120  loss=2.179  cls=1.487  val_acc=0.4033  (36.5s)
  ep  66/120  loss=2.156  cls=1.467  val_acc=0.4350  (36.4s)
  ep  67/120  loss=2.137  cls=1.452  val_acc=0.4103  (36.3s)
  ep  68/120  loss=2.109  cls=1.429  val_acc=0.4051  (36.3s)
  ep  69/120  loss=2.076  cls=1.401  val_acc=0.3403  (36.3s)
  ep  70/120  loss=2.072  cls=1.400  val_acc=0.4104  (36.3s)
  ep  71/120  loss=2.039  cls=1.371  val_acc=0.4671  (36.3s)
  ep  72/120  loss=2.012  cls=1.349  val_acc=0.4162  (36.6s)
  ep  73/120  loss=1.974  cls=1.315  val_acc=0.3893  (38.1s)
  ep  74/120  loss=1.957  cls=1.303  val_acc=0.4645  (36.4s)
  ep  75/120  loss=1.922  cls=1.273  val_acc=0.4177  (36.5s)
  ep  76/120  loss=1.896  cls=1.252  val_acc=0.5028  (36.2s)
  ep  77/120  loss=1.876  cls=1.239  val_acc=0.4585  (36.4s)
  ep  78/120  loss=1.843  cls=1.211  val_acc=0.4040  (36.2s)
  ep  79/120  loss=1.820  cls=1.194  val_acc=0.4880  (36.3s)
  ep  80/120  loss=1.787  cls=1.166  val_acc=0.5006  (36.7s)
  ep  81/120  loss=1.760  cls=1.143  val_acc=0.5123  (37.8s)
  ep  82/120  loss=1.728  cls=1.117  val_acc=0.5009  (37.7s)
  ep  83/120  loss=1.702  cls=1.097  val_acc=0.4932  (37.5s)
  ep  84/120  loss=1.676  cls=1.076  val_acc=0.4884  (37.6s)
  ep  85/120  loss=1.627  cls=1.034  val_acc=0.5204  (37.6s)
  ep  86/120  loss=1.609  cls=1.022  val_acc=0.5326  (37.6s)
  ep  87/120  loss=1.586  cls=1.005  val_acc=0.5115  (37.7s)
  ep  88/120  loss=1.558  cls=0.981  val_acc=0.5510  (37.3s)
  ep  89/120  loss=1.518  cls=0.948  val_acc=0.5274  (37.3s)
  ep  90/120  loss=1.491  cls=0.927  val_acc=0.5218  (37.4s)
  ep  91/120  loss=1.462  cls=0.904  val_acc=0.5593  (37.5s)
  ep  92/120  loss=1.435  cls=0.881  val_acc=0.5437  (37.8s)
  ep  93/120  loss=1.398  cls=0.850  val_acc=0.5626  (37.4s)
  ep  94/120  loss=1.367  cls=0.825  val_acc=0.5468  (37.5s)
  ep  95/120  loss=1.341  cls=0.803  val_acc=0.5606  (37.4s)
  ep  96/120  loss=1.317  cls=0.784  val_acc=0.5667  (37.3s)
  ep  97/120  loss=1.294  cls=0.767  val_acc=0.5786  (37.3s)
  ep  98/120  loss=1.260  cls=0.737  val_acc=0.5639  (37.5s)
  ep  99/120  loss=1.235  cls=0.716  val_acc=0.5703  (36.3s)
  ep 100/120  loss=1.218  cls=0.704  val_acc=0.5695  (36.3s)
  ep 101/120  loss=1.191  cls=0.680  val_acc=0.5543  (36.3s)
  ep 102/120  loss=1.172  cls=0.665  val_acc=0.5731  (36.3s)
  ep 103/120  loss=1.150  cls=0.646  val_acc=0.5764  (1039.5s)
  ep 104/120  loss=1.129  cls=0.629  val_acc=0.5868  (44.8s)
  ep 105/120  loss=1.115  cls=0.618  val_acc=0.5752  (976.0s)
  ep 106/120  loss=1.101  cls=0.606  val_acc=0.5840  (36.2s)
  ep 107/120  loss=1.084  cls=0.592  val_acc=0.5837  (1023.8s)
  ep 108/120  loss=1.068  cls=0.578  val_acc=0.5842  (41.4s)
  ep 109/120  loss=1.051  cls=0.563  val_acc=0.5919  (37.2s)
  ep 110/120  loss=1.043  cls=0.557  val_acc=0.5888  (39.3s)
  ep 111/120  loss=1.033  cls=0.548  val_acc=0.5953  (41.2s)
  ep 112/120  loss=1.022  cls=0.538  val_acc=0.5887  (43.0s)
  ep 113/120  loss=1.014  cls=0.531  val_acc=0.5892  (131.9s)
  ep 114/120  loss=1.020  cls=0.538  val_acc=0.5928  (66.3s)
  ep 115/120  loss=1.005  cls=0.523  val_acc=0.5936  (81.3s)
  ep 116/120  loss=1.001  cls=0.520  val_acc=0.5941  (137.0s)
  ep 117/120  loss=0.996  cls=0.514  val_acc=0.5920  (140.0s)
  ep 118/120  loss=0.997  cls=0.515  val_acc=0.5932  (131.3s)
  ep 119/120  loss=1.000  cls=0.519  val_acc=0.5927  (97.5s)
  ep 120/120  loss=0.992  cls=0.511  val_acc=0.5934  (92.6s)

Re-extracting features from final model for cRT...
  cRT feature-balanced: (47500, 128)

Retraining linear head on SMOTE-augmented features (cRT step)...
Epoch 1/20
93/93 - 0s - 2ms/step - accuracy: 0.5426 - loss: 2.5153
Epoch 2/20
93/93 - 0s - 710us/step - accuracy: 0.8956 - loss: 0.7913
Epoch 3/20
93/93 - 0s - 693us/step - accuracy: 0.9125 - loss: 0.6014
Epoch 4/20
93/93 - 0s - 696us/step - accuracy: 0.9189 - loss: 0.5248
Epoch 5/20
93/93 - 0s - 692us/step - accuracy: 0.9229 - loss: 0.4823
Epoch 6/20
93/93 - 0s - 693us/step - accuracy: 0.9253 - loss: 0.4551
Epoch 7/20
93/93 - 0s - 691us/step - accuracy: 0.9275 - loss: 0.4360
Epoch 8/20
93/93 - 0s - 720us/step - accuracy: 0.9291 - loss: 0.4218
Epoch 9/20
93/93 - 0s - 766us/step - accuracy: 0.9301 - loss: 0.4109
Epoch 10/20
93/93 - 0s - 782us/step - accuracy: 0.9313 - loss: 0.4021
Epoch 11/20
93/93 - 0s - 820us/step - accuracy: 0.9323 - loss: 0.3950
Epoch 12/20
93/93 - 0s - 853us/step - accuracy: 0.9329 - loss: 0.3890
Epoch 13/20
93/93 - 0s - 867us/step - accuracy: 0.9339 - loss: 0.3839
Epoch 14/20
93/93 - 0s - 892us/step - accuracy: 0.9341 - loss: 0.3795
Epoch 15/20
93/93 - 0s - 851us/step - accuracy: 0.9347 - loss: 0.3757
Epoch 16/20
93/93 - 0s - 852us/step - accuracy: 0.9352 - loss: 0.3723
Epoch 17/20
93/93 - 0s - 855us/step - accuracy: 0.9356 - loss: 0.3693
Epoch 18/20
93/93 - 0s - 855us/step - accuracy: 0.9361 - loss: 0.3666
Epoch 19/20
93/93 - 0s - 824us/step - accuracy: 0.9365 - loss: 0.3642
Epoch 20/20
93/93 - 0s - 808us/step - accuracy: 0.9369 - loss: 0.3619

--- FINAL + cRT (linear head on SMOTE features) ---
  top-1 accuracy   : 0.5942
  balanced accuracy: 0.5942
  macro F1 (head)  : 0.621
  macro F1 (mid)   : 0.592
  macro F1 (tail)  : 0.567
  head-tail F1 gap : 0.053
  worst-class F1   : 0.214
  worst-class acc  : 0.140

--- FINAL (full REBAL) ---
  top-1 accuracy   : 0.5953
  balanced accuracy: 0.5953
  macro F1 (head)  : 0.616
  macro F1 (mid)   : 0.594
  macro F1 (tail)  : 0.569
  head-tail F1 gap : 0.047
  worst-class F1   : 0.182
  worst-class acc  : 0.110

=== SUMMARY ===
  baseline    top-1: 0.3276   BAcc: 0.3276   tail F1: 0.201   head-tail gap: 0.148   worst-acc: 0.000
  final REBAL top-1: 0.5953   BAcc: 0.5953   tail F1: 0.569   head-tail gap: 0.047   worst-acc: 0.110
  REBAL + cRT top-1: 0.5942   BAcc: 0.5942   tail F1: 0.567   head-tail gap: 0.053   worst-acc: 0.140

Total runtime: 181.6 min
Wrote experiments/phase2_multiseed/seed_0/per_class_f1.csv
Wrote experiments/phase2_multiseed/seed_0/metrics.json
Wrote checkpoints to experiments/phase2_multiseed/seed_0/checkpoints/
==================================================
  Seed 1  (Mon Jun 15 01:01:04 PDT 2026)
==================================================

============================================================
Seed: 1
============================================================
Loading and imbalancing CIFAR-100...
  imbalanced: (27700, 32, 32, 3), classes: 100

ECOD cleaning...
  cleaned: (26273, 32, 32, 3)

Training baseline feature extractor on imbalanced data...
  ep   1/120  loss=4.645  cls=4.033  val_acc=0.0463  (33.6s)
  ep   2/120  loss=4.184  cls=3.720  val_acc=0.0630  (253.5s)
  ep   3/120  loss=3.932  cls=3.558  val_acc=0.1019  (31.0s)
  ep   4/120  loss=3.756  cls=3.427  val_acc=0.0707  (285.1s)
  ep   5/120  loss=3.601  cls=3.288  val_acc=0.1417  (31.3s)
  ep   6/120  loss=3.495  cls=3.175  val_acc=0.1647  (32.7s)
  ep   7/120  loss=3.370  cls=3.031  val_acc=0.1825  (985.7s)
  ep   8/120  loss=3.266  cls=2.896  val_acc=0.1893  (31.4s)
  ep   9/120  loss=3.182  cls=2.780  val_acc=0.1232  (31.1s)
  ep  10/120  loss=3.134  cls=2.701  val_acc=0.2033  (33.2s)
  ep  11/120  loss=3.066  cls=2.603  val_acc=0.2428  (35.8s)
  ep  12/120  loss=3.021  cls=2.529  val_acc=0.2274  (35.9s)
  ep  13/120  loss=2.992  cls=2.468  val_acc=0.2033  (995.9s)
  ep  14/120  loss=2.944  cls=2.390  val_acc=0.2030  (31.3s)
  ep  15/120  loss=2.911  cls=2.330  val_acc=0.2405  (31.3s)
  ep  16/120  loss=2.892  cls=2.282  val_acc=0.2369  (950.5s)
  ep  17/120  loss=2.881  cls=2.245  val_acc=0.3162  (30.9s)
  ep  18/120  loss=2.862  cls=2.201  val_acc=0.2607  (957.2s)
  ep  19/120  loss=2.846  cls=2.161  val_acc=0.2543  (31.5s)
  ep  20/120  loss=2.821  cls=2.116  val_acc=0.2926  (31.6s)
  ep  21/120  loss=2.816  cls=2.092  val_acc=0.2512  (33.1s)
  ep  22/120  loss=2.815  cls=2.072  val_acc=0.2800  (34.6s)
  ep  23/120  loss=2.813  cls=2.052  val_acc=0.2653  (35.7s)
  ep  24/120  loss=2.795  cls=2.018  val_acc=0.3438  (37.2s)
  ep  25/120  loss=2.775  cls=1.986  val_acc=0.2503  (37.9s)
  ep  26/120  loss=2.772  cls=1.970  val_acc=0.2450  (42.6s)
  ep  27/120  loss=2.754  cls=1.942  val_acc=0.2147  (90.6s)
  ep  28/120  loss=2.763  cls=1.940  val_acc=0.2256  (38.4s)
  ep  29/120  loss=2.737  cls=1.904  val_acc=0.3014  (78.4s)
  ep  30/120  loss=2.731  cls=1.891  val_acc=0.3491  (70.0s)
  ep  31/120  loss=2.736  cls=1.888  val_acc=0.3340  (55.9s)
  ep  32/120  loss=2.720  cls=1.868  val_acc=0.3453  (110.3s)
  ep  33/120  loss=2.701  cls=1.845  val_acc=0.2636  (53.1s)
  ep  34/120  loss=2.690  cls=1.828  val_acc=0.3176  (57.2s)
  ep  35/120  loss=2.685  cls=1.816  val_acc=0.3373  (62.8s)
  ep  36/120  loss=2.685  cls=1.812  val_acc=0.3520  (68.5s)
  ep  37/120  loss=2.653  cls=1.778  val_acc=0.3264  (70.8s)
  ep  38/120  loss=2.636  cls=1.763  val_acc=0.3656  (69.8s)
  ep  39/120  loss=2.627  cls=1.754  val_acc=0.3355  (67.2s)
  ep  40/120  loss=2.624  cls=1.747  val_acc=0.3799  (64.3s)
  ep  41/120  loss=2.601  cls=1.721  val_acc=0.3782  (62.7s)
  ep  42/120  loss=2.580  cls=1.700  val_acc=0.3448  (62.1s)
  ep  43/120  loss=2.582  cls=1.699  val_acc=0.3900  (62.3s)
  ep  44/120  loss=2.557  cls=1.673  val_acc=0.3738  (62.4s)
  ep  45/120  loss=2.560  cls=1.678  val_acc=0.3831  (63.0s)
  ep  46/120  loss=2.519  cls=1.635  val_acc=0.3605  (63.6s)
  ep  47/120  loss=2.523  cls=1.637  val_acc=0.3811  (63.7s)
  ep  48/120  loss=2.497  cls=1.613  val_acc=0.3538  (64.0s)
  ep  49/120  loss=2.477  cls=1.596  val_acc=0.4077  (64.1s)
  ep  50/120  loss=2.462  cls=1.584  val_acc=0.3699  (65.5s)
  ep  51/120  loss=2.437  cls=1.564  val_acc=0.4269  (65.2s)
  ep  52/120  loss=2.408  cls=1.537  val_acc=0.3175  (65.4s)
  ep  53/120  loss=2.409  cls=1.538  val_acc=0.3272  (554.6s)
  ep  54/120  loss=2.387  cls=1.520  val_acc=0.4137  (30.9s)
  ep  55/120  loss=2.363  cls=1.499  val_acc=0.3589  (31.4s)
  ep  56/120  loss=2.327  cls=1.465  val_acc=0.3950  (962.7s)
  ep  57/120  loss=2.314  cls=1.457  val_acc=0.4500  (31.4s)
  ep  58/120  loss=2.297  cls=1.444  val_acc=0.3463  (32.4s)
  ep  59/120  loss=2.272  cls=1.425  val_acc=0.4054  (33.7s)
  ep  60/120  loss=2.240  cls=1.397  val_acc=0.4423  (1019.6s)
  ep  61/120  loss=2.220  cls=1.382  val_acc=0.4113  (31.2s)
  ep  62/120  loss=2.179  cls=1.346  val_acc=0.4802  (1037.8s)
  ep  63/120  loss=2.157  cls=1.330  val_acc=0.4284  (30.9s)
  ep  64/120  loss=2.147  cls=1.326  val_acc=0.4055  (995.1s)
  ep  65/120  loss=2.118  cls=1.301  val_acc=0.4718  (937.0s)
  ep  66/120  loss=2.091  cls=1.281  val_acc=0.4659  (31.8s)
  ep  67/120  loss=2.068  cls=1.264  val_acc=0.4554  (962.1s)
  ep  68/120  loss=2.028  cls=1.230  val_acc=0.4740  (30.8s)
  ep  69/120  loss=2.020  cls=1.228  val_acc=0.4711  (950.4s)
  ep  70/120  loss=1.981  cls=1.195  val_acc=0.4619  (31.3s)
  ep  71/120  loss=1.962  cls=1.183  val_acc=0.4602  (1002.4s)
  ep  72/120  loss=1.924  cls=1.152  val_acc=0.4857  (31.0s)
  ep  73/120  loss=1.886  cls=1.120  val_acc=0.4782  (215.4s)
  ep  74/120  loss=1.851  cls=1.092  val_acc=0.5031  (982.4s)
  ep  75/120  loss=1.828  cls=1.077  val_acc=0.4968  (31.0s)
  ep  76/120  loss=1.802  cls=1.058  val_acc=0.4787  (863.5s)
  ep  77/120  loss=1.761  cls=1.024  val_acc=0.5162  (31.1s)
  ep  78/120  loss=1.728  cls=0.999  val_acc=0.4961  (71.9s)
  ep  79/120  loss=1.700  cls=0.978  val_acc=0.5077  (31.0s)
  ep  80/120  loss=1.668  cls=0.954  val_acc=0.4991  (327.8s)
  ep  81/120  loss=1.638  cls=0.931  val_acc=0.5041  (31.3s)
  ep  82/120  loss=1.613  cls=0.913  val_acc=0.5156  (931.7s)
  ep  83/120  loss=1.572  cls=0.879  val_acc=0.5449  (752.6s)
  ep  84/120  loss=1.540  cls=0.855  val_acc=0.5226  (33.1s)
  ep  85/120  loss=1.511  cls=0.834  val_acc=0.5321  (31.0s)
  ep  86/120  loss=1.481  cls=0.811  val_acc=0.5371  (31.0s)
  ep  87/120  loss=1.440  cls=0.778  val_acc=0.5230  (31.0s)
  ep  88/120  loss=1.413  cls=0.759  val_acc=0.5501  (30.9s)
  ep  89/120  loss=1.369  cls=0.722  val_acc=0.5344  (31.0s)
  ep  90/120  loss=1.358  cls=0.718  val_acc=0.5039  (31.0s)
  ep  91/120  loss=1.315  cls=0.682  val_acc=0.5663  (31.0s)
  ep  92/120  loss=1.290  cls=0.663  val_acc=0.5587  (31.0s)
  ep  93/120  loss=1.273  cls=0.653  val_acc=0.5600  (31.0s)
  ep  94/120  loss=1.233  cls=0.620  val_acc=0.5610  (31.2s)
  ep  95/120  loss=1.204  cls=0.597  val_acc=0.5444  (31.7s)
  ep  96/120  loss=1.174  cls=0.573  val_acc=0.5602  (32.4s)
  ep  97/120  loss=1.152  cls=0.557  val_acc=0.5727  (32.3s)
  ep  98/120  loss=1.124  cls=0.534  val_acc=0.5872  (31.7s)
  ep  99/120  loss=1.111  cls=0.526  val_acc=0.5908  (32.3s)
  ep 100/120  loss=1.087  cls=0.507  val_acc=0.5769  (32.1s)
  ep 101/120  loss=1.059  cls=0.483  val_acc=0.5732  (32.2s)
  ep 102/120  loss=1.033  cls=0.462  val_acc=0.5915  (32.1s)
  ep 103/120  loss=1.019  cls=0.453  val_acc=0.5984  (32.4s)
  ep 104/120  loss=1.003  cls=0.440  val_acc=0.5843  (32.2s)
  ep 105/120  loss=0.984  cls=0.425  val_acc=0.5971  (32.1s)
  ep 106/120  loss=0.962  cls=0.406  val_acc=0.5945  (32.1s)
  ep 107/120  loss=0.957  cls=0.404  val_acc=0.5968  (32.0s)
  ep 108/120  loss=0.938  cls=0.387  val_acc=0.6038  (32.0s)
  ep 109/120  loss=0.925  cls=0.377  val_acc=0.6007  (31.8s)
  ep 110/120  loss=0.920  cls=0.373  val_acc=0.6004  (31.8s)
  ep 111/120  loss=0.900  cls=0.354  val_acc=0.6055  (31.9s)
  ep 112/120  loss=0.901  cls=0.357  val_acc=0.6066  (31.8s)
  ep 113/120  loss=0.895  cls=0.352  val_acc=0.6049  (31.9s)
  ep 114/120  loss=0.882  cls=0.340  val_acc=0.6068  (31.8s)
  ep 115/120  loss=0.883  cls=0.342  val_acc=0.6083  (31.9s)
  ep 116/120  loss=0.886  cls=0.344  val_acc=0.6058  (32.3s)
  ep 117/120  loss=0.878  cls=0.337  val_acc=0.6061  (31.9s)
  ep 118/120  loss=0.878  cls=0.337  val_acc=0.6070  (31.8s)
  ep 119/120  loss=0.873  cls=0.332  val_acc=0.6070  (31.8s)
  ep 120/120  loss=0.875  cls=0.334  val_acc=0.6066  (31.8s)

--- BASELINE ---
  top-1 accuracy   : 0.6083
  balanced accuracy: 0.6083
  macro F1 (head)  : 0.647
  macro F1 (mid)   : 0.613
  macro F1 (tail)  : 0.544
  head-tail F1 gap : 0.103
  worst-class F1   : 0.093
  worst-class acc  : 0.050

Training cGAN on cleaned (imbalanced) data...
  cGAN ep   1/60  g=1.887  d=0.821  (22.7s)
  cGAN ep   2/60  g=1.150  d=1.186  (20.6s)
  cGAN ep   3/60  g=1.046  d=1.226  (49.4s)
  cGAN ep   4/60  g=1.049  d=1.216  (135.2s)
  cGAN ep   5/60  g=0.995  d=1.243  (20.4s)
  cGAN ep   6/60  g=0.928  d=1.290  (21.4s)
  cGAN ep   7/60  g=0.929  d=1.281  (74.0s)
  cGAN ep   8/60  g=0.981  d=1.226  (22.3s)
  cGAN ep   9/60  g=1.040  d=1.202  (113.4s)
  cGAN ep  10/60  g=1.054  d=1.229  (20.7s)
  cGAN ep  11/60  g=0.948  d=1.274  (63.7s)
  cGAN ep  12/60  g=0.945  d=1.280  (21.6s)
  cGAN ep  13/60  g=0.976  d=1.258  (37.7s)
  cGAN ep  14/60  g=1.033  d=1.209  (20.8s)
  cGAN ep  15/60  g=1.049  d=1.219  (24.7s)
  cGAN ep  16/60  g=1.054  d=1.210  (21.2s)
  cGAN ep  17/60  g=1.158  d=1.166  (60.8s)
  cGAN ep  18/60  g=1.059  d=1.202  (20.4s)
  cGAN ep  19/60  g=1.108  d=1.190  (20.5s)
  cGAN ep  20/60  g=1.090  d=1.179  (20.2s)
  cGAN ep  21/60  g=1.192  d=1.151  (20.0s)
  cGAN ep  22/60  g=1.166  d=1.166  (20.3s)
  cGAN ep  23/60  g=1.133  d=1.163  (628.2s)
  cGAN ep  24/60  g=1.163  d=1.159  (20.1s)
  cGAN ep  25/60  g=1.163  d=1.162  (34.5s)
  cGAN ep  26/60  g=1.120  d=1.172  (20.6s)
  cGAN ep  27/60  g=1.193  d=1.172  (21.5s)
  cGAN ep  28/60  g=1.072  d=1.207  (296.0s)
  cGAN ep  29/60  g=1.099  d=1.199  (20.4s)
  cGAN ep  30/60  g=1.129  d=1.187  (24.8s)
  cGAN ep  31/60  g=1.126  d=1.173  (1033.6s)
  cGAN ep  32/60  g=1.135  d=1.180  (20.1s)
  cGAN ep  33/60  g=1.216  d=1.152  (20.1s)
  cGAN ep  34/60  g=1.211  d=1.142  (21.2s)
  cGAN ep  35/60  g=1.186  d=1.164  (21.8s)
  cGAN ep  36/60  g=1.245  d=1.154  (22.6s)
  cGAN ep  37/60  g=1.259  d=1.118  (23.2s)
  cGAN ep  38/60  g=1.262  d=1.144  (51.6s)
  cGAN ep  39/60  g=1.179  d=1.156  (21.8s)
  cGAN ep  40/60  g=1.302  d=1.145  (23.1s)
  cGAN ep  41/60  g=1.217  d=1.141  (24.4s)
  cGAN ep  42/60  g=1.238  d=1.130  (40.3s)
  cGAN ep  43/60  g=1.245  d=1.130  (473.2s)
  cGAN ep  44/60  g=1.255  d=1.143  (20.6s)
  cGAN ep  45/60  g=1.243  d=1.147  (20.2s)
  cGAN ep  46/60  g=1.237  d=1.146  (24.4s)
  cGAN ep  47/60  g=1.258  d=1.127  (636.4s)
  cGAN ep  48/60  g=1.252  d=1.142  (20.6s)
  cGAN ep  49/60  g=1.268  d=1.136  (20.3s)
  cGAN ep  50/60  g=1.215  d=1.154  (88.6s)
  cGAN ep  51/60  g=1.259  d=1.137  (20.1s)
  cGAN ep  52/60  g=1.194  d=1.152  (80.9s)
  cGAN ep  53/60  g=1.230  d=1.148  (20.1s)
  cGAN ep  54/60  g=1.265  d=1.124  (21.0s)
  cGAN ep  55/60  g=1.221  d=1.147  (22.0s)
  cGAN ep  56/60  g=1.149  d=1.181  (22.9s)
  cGAN ep  57/60  g=1.099  d=1.215  (24.4s)
  cGAN ep  58/60  g=1.117  d=1.214  (60.5s)
  cGAN ep  59/60  g=1.104  d=1.211  (63.3s)
  cGAN ep  60/60  g=1.077  d=1.237  (24.9s)

Generating 50 cGAN samples per class...

Extracting features for feature-space SMOTE...
  feature-balanced: (47500, 128)

Final training set: (31273, 32, 32, 3)
Training final classifier (full REBAL configuration)...
  ep   1/120  loss=4.023  cls=3.442  val_acc=0.0774  (38.9s)
  ep   2/120  loss=3.621  cls=3.210  val_acc=0.0574  (37.0s)
  ep   3/120  loss=3.412  cls=3.096  val_acc=0.0970  (144.5s)
  ep   4/120  loss=3.262  cls=2.993  val_acc=0.1537  (36.4s)
  ep   5/120  loss=3.153  cls=2.898  val_acc=0.1327  (41.6s)
  ep   6/120  loss=3.070  cls=2.812  val_acc=0.1419  (403.3s)
  ep   7/120  loss=3.012  cls=2.741  val_acc=0.1606  (36.4s)
  ep   8/120  loss=2.956  cls=2.668  val_acc=0.1417  (405.3s)
  ep   9/120  loss=2.908  cls=2.599  val_acc=0.2019  (459.9s)
  ep  10/120  loss=2.877  cls=2.547  val_acc=0.1805  (962.3s)
  ep  11/120  loss=2.851  cls=2.499  val_acc=0.1455  (36.4s)
  ep  12/120  loss=2.825  cls=2.452  val_acc=0.1980  (796.4s)
  ep  13/120  loss=2.800  cls=2.408  val_acc=0.2260  (110.3s)
  ep  14/120  loss=2.773  cls=2.363  val_acc=0.1793  (41.8s)
  ep  15/120  loss=2.773  cls=2.341  val_acc=0.1750  (37.0s)
  ep  16/120  loss=2.752  cls=2.300  val_acc=0.2112  (55.9s)
  ep  17/120  loss=2.733  cls=2.261  val_acc=0.1450  (265.1s)
  ep  18/120  loss=2.720  cls=2.228  val_acc=0.2305  (39.2s)
  ep  19/120  loss=2.718  cls=2.208  val_acc=0.3020  (182.5s)
  ep  20/120  loss=2.704  cls=2.178  val_acc=0.2398  (36.4s)
  ep  21/120  loss=2.689  cls=2.146  val_acc=0.2389  (62.6s)
  ep  22/120  loss=2.687  cls=2.127  val_acc=0.2464  (312.6s)
  ep  23/120  loss=2.677  cls=2.101  val_acc=0.3068  (36.4s)
  ep  24/120  loss=2.678  cls=2.090  val_acc=0.3100  (36.2s)
  ep  25/120  loss=2.668  cls=2.066  val_acc=0.1996  (36.2s)
  ep  26/120  loss=2.643  cls=2.031  val_acc=0.2890  (36.2s)
  ep  27/120  loss=2.642  cls=2.017  val_acc=0.2144  (36.2s)
  ep  28/120  loss=2.658  cls=2.018  val_acc=0.2688  (36.2s)
  ep  29/120  loss=2.643  cls=1.992  val_acc=0.3573  (36.2s)
  ep  30/120  loss=2.642  cls=1.983  val_acc=0.2957  (36.3s)
  ep  31/120  loss=2.619  cls=1.952  val_acc=0.2193  (36.4s)
  ep  32/120  loss=2.618  cls=1.946  val_acc=0.2838  (36.5s)
  ep  33/120  loss=2.613  cls=1.935  val_acc=0.2612  (36.2s)
  ep  34/120  loss=2.614  cls=1.929  val_acc=0.3526  (36.2s)
  ep  35/120  loss=2.590  cls=1.902  val_acc=0.2973  (36.2s)
  ep  36/120  loss=2.597  cls=1.904  val_acc=0.3188  (36.3s)
  ep  37/120  loss=2.578  cls=1.877  val_acc=0.3326  (36.2s)
  ep  38/120  loss=2.581  cls=1.875  val_acc=0.3121  (36.2s)
  ep  39/120  loss=2.572  cls=1.863  val_acc=0.2359  (37.6s)
  ep  40/120  loss=2.554  cls=1.842  val_acc=0.3459  (37.2s)
  ep  41/120  loss=2.545  cls=1.827  val_acc=0.3357  (37.3s)
  early stop (best val_acc=0.3573)

Re-extracting features from final model for cRT...
  cRT feature-balanced: (47500, 128)

Retraining linear head on SMOTE-augmented features (cRT step)...
Epoch 1/20
93/93 - 0s - 2ms/step - accuracy: 0.1304 - loss: 4.1189
Epoch 2/20
93/93 - 0s - 676us/step - accuracy: 0.3469 - loss: 3.0787
Epoch 3/20
93/93 - 0s - 675us/step - accuracy: 0.4221 - loss: 2.6675
Epoch 4/20
93/93 - 0s - 674us/step - accuracy: 0.4577 - loss: 2.4526
Epoch 5/20
93/93 - 0s - 670us/step - accuracy: 0.4764 - loss: 2.3208
Epoch 6/20
93/93 - 0s - 670us/step - accuracy: 0.4889 - loss: 2.2317
Epoch 7/20
93/93 - 0s - 668us/step - accuracy: 0.4976 - loss: 2.1673
Epoch 8/20
93/93 - 0s - 673us/step - accuracy: 0.5044 - loss: 2.1187
Epoch 9/20
93/93 - 0s - 681us/step - accuracy: 0.5097 - loss: 2.0806
Epoch 10/20
93/93 - 0s - 682us/step - accuracy: 0.5151 - loss: 2.0499
Epoch 11/20
93/93 - 0s - 680us/step - accuracy: 0.5188 - loss: 2.0247
Epoch 12/20
93/93 - 0s - 690us/step - accuracy: 0.5225 - loss: 2.0036
Epoch 13/20
93/93 - 0s - 691us/step - accuracy: 0.5251 - loss: 1.9857
Epoch 14/20
93/93 - 0s - 682us/step - accuracy: 0.5289 - loss: 1.9703
Epoch 15/20
93/93 - 0s - 681us/step - accuracy: 0.5320 - loss: 1.9568
Epoch 16/20
93/93 - 0s - 680us/step - accuracy: 0.5343 - loss: 1.9450
Epoch 17/20
93/93 - 0s - 684us/step - accuracy: 0.5366 - loss: 1.9346
Epoch 18/20
93/93 - 0s - 682us/step - accuracy: 0.5383 - loss: 1.9252
Epoch 19/20
93/93 - 0s - 692us/step - accuracy: 0.5401 - loss: 1.9168
Epoch 20/20
93/93 - 0s - 695us/step - accuracy: 0.5416 - loss: 1.9092

--- FINAL + cRT (linear head on SMOTE features) ---
  top-1 accuracy   : 0.4270
  balanced accuracy: 0.4270
  macro F1 (head)  : 0.422
  macro F1 (mid)   : 0.420
  macro F1 (tail)  : 0.407
  head-tail F1 gap : 0.014
  worst-class F1   : 0.054
  worst-class acc  : 0.030

--- FINAL (full REBAL) ---
  top-1 accuracy   : 0.3573
  balanced accuracy: 0.3573
  macro F1 (head)  : 0.366
  macro F1 (mid)   : 0.322
  macro F1 (tail)  : 0.321
  head-tail F1 gap : 0.045
  worst-class F1   : 0.000
  worst-class acc  : 0.000

=== SUMMARY ===
  baseline    top-1: 0.6083   BAcc: 0.6083   tail F1: 0.544   head-tail gap: 0.103   worst-acc: 0.050
  final REBAL top-1: 0.3573   BAcc: 0.3573   tail F1: 0.321   head-tail gap: 0.045   worst-acc: 0.000
  REBAL + cRT top-1: 0.4270   BAcc: 0.4270   tail F1: 0.407   head-tail gap: 0.014   worst-acc: 0.030

Total runtime: 526.6 min
Wrote experiments/phase2_multiseed/seed_1/per_class_f1.csv
Wrote experiments/phase2_multiseed/seed_1/metrics.json
Wrote checkpoints to experiments/phase2_multiseed/seed_1/checkpoints/
==================================================
  Seed 2  (Mon Jun 15 09:47:43 PDT 2026)
==================================================

============================================================
Seed: 2
============================================================
Loading and imbalancing CIFAR-100...
  imbalanced: (27700, 32, 32, 3), classes: 100

ECOD cleaning...
  cleaned: (26273, 32, 32, 3)

Training baseline feature extractor on imbalanced data...
  ep   1/120  loss=4.607  cls=3.989  val_acc=0.0397  (34.4s)
  ep   2/120  loss=4.133  cls=3.657  val_acc=0.0784  (31.9s)
  ep   3/120  loss=3.850  cls=3.453  val_acc=0.0863  (31.9s)
  ep   4/120  loss=3.671  cls=3.308  val_acc=0.1437  (31.9s)
  ep   5/120  loss=3.506  cls=3.149  val_acc=0.1473  (31.9s)
  ep   6/120  loss=3.378  cls=3.009  val_acc=0.1852  (31.9s)
  ep   7/120  loss=3.265  cls=2.873  val_acc=0.1749  (31.9s)
  ep   8/120  loss=3.168  cls=2.746  val_acc=0.2076  (32.3s)
  ep   9/120  loss=3.090  cls=2.634  val_acc=0.2730  (31.9s)
  ep  10/120  loss=3.033  cls=2.543  val_acc=0.1541  (31.8s)
  ep  11/120  loss=2.989  cls=2.468  val_acc=0.2719  (31.8s)
  ep  12/120  loss=2.941  cls=2.390  val_acc=0.2631  (31.8s)
  ep  13/120  loss=2.910  cls=2.329  val_acc=0.2943  (31.8s)
  ep  14/120  loss=2.884  cls=2.275  val_acc=0.2349  (31.8s)
  ep  15/120  loss=2.867  cls=2.233  val_acc=0.2137  (67.3s)
  ep  16/120  loss=2.857  cls=2.197  val_acc=0.2784  (387.7s)
  ep  17/120  loss=2.814  cls=2.133  val_acc=0.2563  (33.4s)
  ep  18/120  loss=2.812  cls=2.107  val_acc=0.2848  (31.7s)
  ep  19/120  loss=2.807  cls=2.081  val_acc=0.3358  (31.8s)
  ep  20/120  loss=2.799  cls=2.054  val_acc=0.3096  (31.5s)
  ep  21/120  loss=2.774  cls=2.013  val_acc=0.2336  (32.0s)
  ep  22/120  loss=2.760  cls=1.983  val_acc=0.3282  (31.4s)
  ep  23/120  loss=2.760  cls=1.967  val_acc=0.2976  (31.8s)
  ep  24/120  loss=2.750  cls=1.946  val_acc=0.3372  (31.6s)
  ep  25/120  loss=2.739  cls=1.924  val_acc=0.2538  (31.2s)
  ep  26/120  loss=2.729  cls=1.904  val_acc=0.3330  (31.1s)
  ep  27/120  loss=2.727  cls=1.892  val_acc=0.3015  (31.1s)
  ep  28/120  loss=2.692  cls=1.848  val_acc=0.2918  (31.1s)
  ep  29/120  loss=2.701  cls=1.849  val_acc=0.2168  (31.1s)
  ep  30/120  loss=2.689  cls=1.831  val_acc=0.3682  (31.1s)
  ep  31/120  loss=2.678  cls=1.815  val_acc=0.2584  (31.1s)
  ep  32/120  loss=2.677  cls=1.810  val_acc=0.3352  (31.1s)
  ep  33/120  loss=2.659  cls=1.788  val_acc=0.3492  (31.1s)
  ep  34/120  loss=2.662  cls=1.787  val_acc=0.3647  (31.1s)
  ep  35/120  loss=2.625  cls=1.746  val_acc=0.3433  (31.5s)
  ep  36/120  loss=2.631  cls=1.747  val_acc=0.3355  (31.2s)
  ep  37/120  loss=2.613  cls=1.727  val_acc=0.2782  (31.3s)
  ep  38/120  loss=2.609  cls=1.720  val_acc=0.3020  (31.3s)
  ep  39/120  loss=2.593  cls=1.703  val_acc=0.2969  (31.3s)
  ep  40/120  loss=2.567  cls=1.676  val_acc=0.3623  (31.4s)
  ep  41/120  loss=2.564  cls=1.674  val_acc=0.3514  (31.6s)
  ep  42/120  loss=2.566  cls=1.672  val_acc=0.2605  (31.3s)
  early stop (best val_acc=0.3682)

--- BASELINE ---
  top-1 accuracy   : 0.3682
  balanced accuracy: 0.3682
  macro F1 (head)  : 0.428
  macro F1 (mid)   : 0.363
  macro F1 (tail)  : 0.256
  head-tail F1 gap : 0.172
  worst-class F1   : 0.000
  worst-class acc  : 0.000

Training cGAN on cleaned (imbalanced) data...
  cGAN ep   1/60  g=1.598  d=0.947  (22.2s)
  cGAN ep   2/60  g=1.062  d=1.231  (20.7s)
  cGAN ep   3/60  g=0.931  d=1.294  (21.0s)
  cGAN ep   4/60  g=0.888  d=1.320  (20.6s)
  cGAN ep   5/60  g=0.887  d=1.309  (20.5s)
  cGAN ep   6/60  g=0.907  d=1.295  (20.5s)
  cGAN ep   7/60  g=0.919  d=1.292  (20.6s)
  cGAN ep   8/60  g=0.923  d=1.284  (20.5s)
  cGAN ep   9/60  g=0.909  d=1.309  (20.5s)
  cGAN ep  10/60  g=0.898  d=1.309  (20.6s)
  cGAN ep  11/60  g=0.928  d=1.284  (20.5s)
  cGAN ep  12/60  g=0.911  d=1.295  (20.6s)
  cGAN ep  13/60  g=0.904  d=1.298  (20.6s)
  cGAN ep  14/60  g=0.941  d=1.287  (20.6s)
  cGAN ep  15/60  g=0.968  d=1.256  (20.6s)
  cGAN ep  16/60  g=1.050  d=1.212  (20.6s)
  cGAN ep  17/60  g=1.057  d=1.204  (20.7s)
  cGAN ep  18/60  g=1.129  d=1.161  (21.1s)
  cGAN ep  19/60  g=1.126  d=1.169  (20.6s)
  cGAN ep  20/60  g=1.127  d=1.180  (20.6s)
  cGAN ep  21/60  g=1.122  d=1.193  (20.5s)
  cGAN ep  22/60  g=1.133  d=1.174  (20.6s)
  cGAN ep  23/60  g=1.166  d=1.164  (20.6s)
  cGAN ep  24/60  g=1.154  d=1.161  (20.6s)
  cGAN ep  25/60  g=1.172  d=1.166  (20.6s)
  cGAN ep  26/60  g=1.097  d=1.204  (20.5s)
  cGAN ep  27/60  g=1.144  d=1.165  (20.6s)
  cGAN ep  28/60  g=1.134  d=1.176  (20.6s)
  cGAN ep  29/60  g=1.180  d=1.178  (20.6s)
  cGAN ep  30/60  g=1.214  d=1.153  (20.6s)
  cGAN ep  31/60  g=1.162  d=1.189  (20.7s)
  cGAN ep  32/60  g=1.155  d=1.176  (988.5s)
  cGAN ep  33/60  g=1.153  d=1.173  (20.1s)
  cGAN ep  34/60  g=1.181  d=1.156  (56.7s)
  cGAN ep  35/60  g=1.211  d=1.150  (20.3s)
  cGAN ep  36/60  g=1.183  d=1.170  (47.0s)
  cGAN ep  37/60  g=1.205  d=1.153  (20.5s)
  cGAN ep  38/60  g=1.200  d=1.164  (21.8s)
  cGAN ep  39/60  g=1.211  d=1.165  (98.4s)
  cGAN ep  40/60  g=1.150  d=1.176  (20.8s)
  cGAN ep  41/60  g=1.162  d=1.183  (30.2s)
  cGAN ep  42/60  g=1.146  d=1.181  (23.1s)
  cGAN ep  43/60  g=1.120  d=1.193  (38.1s)
  cGAN ep  44/60  g=1.105  d=1.198  (22.7s)
  cGAN ep  45/60  g=1.140  d=1.185  (20.8s)
  cGAN ep  46/60  g=1.122  d=1.195  (112.0s)
  cGAN ep  47/60  g=1.107  d=1.191  (21.4s)
  cGAN ep  48/60  g=1.122  d=1.201  (249.4s)
  cGAN ep  49/60  g=1.147  d=1.183  (20.1s)
  cGAN ep  50/60  g=1.106  d=1.207  (29.8s)
  cGAN ep  51/60  g=1.092  d=1.213  (21.0s)
  cGAN ep  52/60  g=1.096  d=1.201  (125.6s)
  cGAN ep  53/60  g=1.092  d=1.204  (20.1s)
  cGAN ep  54/60  g=1.093  d=1.215  (21.3s)
  cGAN ep  55/60  g=1.124  d=1.203  (330.0s)
  cGAN ep  56/60  g=1.118  d=1.201  (20.0s)
  cGAN ep  57/60  g=1.099  d=1.211  (20.1s)
  cGAN ep  58/60  g=1.077  d=1.218  (24.6s)
  cGAN ep  59/60  g=1.054  d=1.232  (20.3s)
  cGAN ep  60/60  g=1.065  d=1.227  (388.5s)

Generating 50 cGAN samples per class...

Extracting features for feature-space SMOTE...
  feature-balanced: (47500, 128)

Final training set: (31273, 32, 32, 3)
Training final classifier (full REBAL configuration)...
  ep   1/120  loss=4.057  cls=3.478  val_acc=0.0529  (253.2s)
  ep   2/120  loss=3.667  cls=3.264  val_acc=0.1088  (180.4s)
  ep   3/120  loss=3.443  cls=3.136  val_acc=0.1145  (36.4s)
  ep   4/120  loss=3.299  cls=3.037  val_acc=0.1423  (39.1s)
  ep   5/120  loss=3.194  cls=2.950  val_acc=0.1197  (36.7s)
  ep   6/120  loss=3.121  cls=2.877  val_acc=0.1576  (41.9s)
  ep   7/120  loss=3.046  cls=2.790  val_acc=0.1432  (69.2s)
  ep   8/120  loss=2.991  cls=2.717  val_acc=0.1607  (38.3s)
  ep   9/120  loss=2.945  cls=2.651  val_acc=0.1808  (43.9s)
  ep  10/120  loss=2.915  cls=2.598  val_acc=0.2060  (36.5s)
  ep  11/120  loss=2.873  cls=2.535  val_acc=0.2172  (43.6s)
  ep  12/120  loss=2.853  cls=2.492  val_acc=0.1521  (186.8s)
  ep  13/120  loss=2.830  cls=2.447  val_acc=0.1801  (36.2s)
  ep  14/120  loss=2.803  cls=2.399  val_acc=0.1981  (102.7s)
  ep  15/120  loss=2.787  cls=2.361  val_acc=0.2112  (40.8s)
  ep  16/120  loss=2.767  cls=2.321  val_acc=0.2174  (36.7s)
  ep  17/120  loss=2.750  cls=2.282  val_acc=0.2468  (83.7s)
  ep  18/120  loss=2.737  cls=2.251  val_acc=0.1843  (296.9s)
  ep  19/120  loss=2.725  cls=2.220  val_acc=0.2598  (36.2s)
  ep  20/120  loss=2.716  cls=2.194  val_acc=0.1486  (38.9s)
  ep  21/120  loss=2.707  cls=2.168  val_acc=0.2741  (50.5s)
  ep  22/120  loss=2.700  cls=2.146  val_acc=0.2577  (79.1s)
  ep  23/120  loss=2.698  cls=2.126  val_acc=0.2109  (64.3s)
  ep  24/120  loss=2.678  cls=2.095  val_acc=0.2896  (38.6s)
  ep  25/120  loss=2.689  cls=2.091  val_acc=0.3077  (37.3s)
  ep  26/120  loss=2.669  cls=2.058  val_acc=0.2654  (41.0s)
  ep  27/120  loss=2.671  cls=2.046  val_acc=0.3141  (40.3s)
  ep  28/120  loss=2.661  cls=2.024  val_acc=0.2860  (100.1s)
  ep  29/120  loss=2.649  cls=2.002  val_acc=0.3030  (38.2s)
  ep  30/120  loss=2.665  cls=2.009  val_acc=0.2708  (39.8s)
  ep  31/120  loss=2.641  cls=1.979  val_acc=0.2794  (60.3s)
  ep  32/120  loss=2.637  cls=1.969  val_acc=0.2815  (59.8s)
  ep  33/120  loss=2.621  cls=1.946  val_acc=0.3350  (37.1s)
  ep  34/120  loss=2.615  cls=1.934  val_acc=0.3208  (41.2s)
  ep  35/120  loss=2.611  cls=1.925  val_acc=0.3342  (39.5s)
  ep  36/120  loss=2.613  cls=1.918  val_acc=0.3417  (44.5s)
  ep  37/120  loss=2.586  cls=1.887  val_acc=0.3523  (36.9s)
  ep  38/120  loss=2.599  cls=1.896  val_acc=0.2859  (42.7s)
  ep  39/120  loss=2.571  cls=1.865  val_acc=0.2927  (43.5s)
  ep  40/120  loss=2.563  cls=1.853  val_acc=0.3089  (39.5s)
  ep  41/120  loss=2.558  cls=1.845  val_acc=0.2380  (207.9s)
  ep  42/120  loss=2.551  cls=1.833  val_acc=0.3787  (38.1s)
  ep  43/120  loss=2.533  cls=1.814  val_acc=0.3429  (342.9s)
  ep  44/120  loss=2.519  cls=1.802  val_acc=0.3265  (36.1s)
  ep  45/120  loss=2.520  cls=1.801  val_acc=0.3390  (144.7s)
  ep  46/120  loss=2.498  cls=1.781  val_acc=0.3273  (70.7s)
  ep  47/120  loss=2.491  cls=1.772  val_acc=0.3752  (57.2s)
  ep  48/120  loss=2.475  cls=1.753  val_acc=0.3683  (38.0s)
  ep  49/120  loss=2.459  cls=1.737  val_acc=0.3949  (38.5s)
  ep  50/120  loss=2.433  cls=1.714  val_acc=0.2337  (37.9s)
  ep  51/120  loss=2.438  cls=1.718  val_acc=0.3425  (36.5s)
  ep  52/120  loss=2.416  cls=1.695  val_acc=0.3930  (39.4s)
  ep  53/120  loss=2.405  cls=1.685  val_acc=0.3491  (37.1s)
  ep  54/120  loss=2.381  cls=1.663  val_acc=0.3796  (38.9s)
  ep  55/120  loss=2.374  cls=1.657  val_acc=0.3238  (38.1s)
  ep  56/120  loss=2.347  cls=1.631  val_acc=0.4041  (38.7s)
  ep  57/120  loss=2.344  cls=1.629  val_acc=0.2900  (38.2s)
  ep  58/120  loss=2.319  cls=1.606  val_acc=0.3912  (39.1s)
  ep  59/120  loss=2.300  cls=1.589  val_acc=0.4249  (37.6s)
  ep  60/120  loss=2.283  cls=1.575  val_acc=0.3873  (38.5s)
  ep  61/120  loss=2.262  cls=1.558  val_acc=0.4278  (38.3s)
  ep  62/120  loss=2.248  cls=1.546  val_acc=0.3839  (37.5s)
  ep  63/120  loss=2.215  cls=1.517  val_acc=0.4137  (39.4s)
  ep  64/120  loss=2.193  cls=1.498  val_acc=0.4335  (38.4s)
  ep  65/120  loss=2.177  cls=1.484  val_acc=0.4061  (38.1s)
  ep  66/120  loss=2.160  cls=1.470  val_acc=0.4337  (38.1s)
  ep  67/120  loss=2.141  cls=1.457  val_acc=0.3746  (38.1s)
  ep  68/120  loss=2.112  cls=1.432  val_acc=0.4398  (38.4s)
  ep  69/120  loss=2.087  cls=1.411  val_acc=0.4367  (39.5s)
  ep  70/120  loss=2.074  cls=1.401  val_acc=0.4319  (37.9s)
  ep  71/120  loss=2.041  cls=1.373  val_acc=0.4558  (37.3s)
  ep  72/120  loss=2.010  cls=1.346  val_acc=0.3651  (37.5s)
  ep  73/120  loss=1.993  cls=1.334  val_acc=0.4316  (37.9s)
  ep  74/120  loss=1.956  cls=1.302  val_acc=0.4620  (37.6s)
  ep  75/120  loss=1.933  cls=1.286  val_acc=0.4591  (37.1s)
  ep  76/120  loss=1.908  cls=1.264  val_acc=0.4386  (37.7s)
  ep  77/120  loss=1.882  cls=1.245  val_acc=0.4436  (39.1s)
  ep  78/120  loss=1.841  cls=1.209  val_acc=0.4763  (38.4s)
  ep  79/120  loss=1.816  cls=1.190  val_acc=0.4734  (38.4s)
  ep  80/120  loss=1.790  cls=1.169  val_acc=0.4759  (39.3s)
  ep  81/120  loss=1.767  cls=1.153  val_acc=0.5126  (37.4s)
  ep  82/120  loss=1.733  cls=1.124  val_acc=0.4967  (36.4s)
  ep  83/120  loss=1.709  cls=1.105  val_acc=0.5005  (37.5s)
  ep  84/120  loss=1.681  cls=1.083  val_acc=0.5272  (37.8s)
  ep  85/120  loss=1.637  cls=1.045  val_acc=0.5279  (39.3s)
  ep  86/120  loss=1.622  cls=1.035  val_acc=0.5381  (38.7s)
  ep  87/120  loss=1.579  cls=0.998  val_acc=0.4967  (38.9s)
  ep  88/120  loss=1.549  cls=0.974  val_acc=0.5328  (38.2s)
  ep  89/120  loss=1.522  cls=0.953  val_acc=0.5354  (37.8s)
  ep  90/120  loss=1.486  cls=0.923  val_acc=0.5038  (36.6s)
  ep  91/120  loss=1.464  cls=0.906  val_acc=0.5467  (36.6s)
  ep  92/120  loss=1.440  cls=0.887  val_acc=0.5329  (37.1s)
  ep  93/120  loss=1.401  cls=0.854  val_acc=0.5528  (37.4s)
  ep  94/120  loss=1.373  cls=0.831  val_acc=0.5352  (38.3s)
  ep  95/120  loss=1.350  cls=0.813  val_acc=0.5643  (39.2s)
  ep  96/120  loss=1.323  cls=0.791  val_acc=0.5675  (37.9s)
  ep  97/120  loss=1.301  cls=0.774  val_acc=0.5544  (38.0s)
  ep  98/120  loss=1.263  cls=0.740  val_acc=0.5701  (38.4s)
  ep  99/120  loss=1.243  cls=0.724  val_acc=0.5703  (37.7s)
  ep 100/120  loss=1.223  cls=0.708  val_acc=0.5603  (37.5s)
  ep 101/120  loss=1.189  cls=0.678  val_acc=0.5846  (38.5s)
  ep 102/120  loss=1.166  cls=0.660  val_acc=0.5726  (39.2s)
  ep 103/120  loss=1.153  cls=0.650  val_acc=0.5743  (36.9s)
  ep 104/120  loss=1.135  cls=0.635  val_acc=0.5926  (37.6s)
  ep 105/120  loss=1.112  cls=0.615  val_acc=0.5834  (38.8s)
  ep 106/120  loss=1.110  cls=0.615  val_acc=0.5834  (39.4s)
  ep 107/120  loss=1.089  cls=0.597  val_acc=0.5837  (38.1s)
  ep 108/120  loss=1.065  cls=0.575  val_acc=0.5899  (36.9s)
  ep 109/120  loss=1.056  cls=0.569  val_acc=0.5971  (36.9s)
  ep 110/120  loss=1.044  cls=0.558  val_acc=0.5986  (36.9s)
  ep 111/120  loss=1.034  cls=0.549  val_acc=0.5904  (36.8s)
  ep 112/120  loss=1.019  cls=0.535  val_acc=0.5930  (36.9s)
  ep 113/120  loss=1.019  cls=0.536  val_acc=0.5974  (38.9s)
  ep 114/120  loss=1.016  cls=0.533  val_acc=0.5928  (36.8s)
  ep 115/120  loss=0.998  cls=0.516  val_acc=0.5905  (37.2s)
  ep 116/120  loss=1.006  cls=0.525  val_acc=0.5938  (37.2s)
  ep 117/120  loss=0.994  cls=0.513  val_acc=0.5933  (36.9s)
  ep 118/120  loss=1.002  cls=0.521  val_acc=0.5924  (37.0s)
  ep 119/120  loss=0.999  cls=0.518  val_acc=0.5923  (37.1s)
  ep 120/120  loss=1.002  cls=0.521  val_acc=0.5919  (37.2s)

Re-extracting features from final model for cRT...
  cRT feature-balanced: (47500, 128)

Retraining linear head on SMOTE-augmented features (cRT step)...
Epoch 1/20
93/93 - 0s - 2ms/step - accuracy: 0.5354 - loss: 2.4697
Epoch 2/20
93/93 - 0s - 695us/step - accuracy: 0.8892 - loss: 0.8005
Epoch 3/20
93/93 - 0s - 695us/step - accuracy: 0.9081 - loss: 0.6104
Epoch 4/20
93/93 - 0s - 697us/step - accuracy: 0.9160 - loss: 0.5334
Epoch 5/20
93/93 - 0s - 689us/step - accuracy: 0.9198 - loss: 0.4904
Epoch 6/20
93/93 - 0s - 687us/step - accuracy: 0.9227 - loss: 0.4628
Epoch 7/20
93/93 - 0s - 692us/step - accuracy: 0.9246 - loss: 0.4434
Epoch 8/20
93/93 - 0s - 684us/step - accuracy: 0.9263 - loss: 0.4289
Epoch 9/20
93/93 - 0s - 687us/step - accuracy: 0.9273 - loss: 0.4177
Epoch 10/20
93/93 - 0s - 691us/step - accuracy: 0.9283 - loss: 0.4088
Epoch 11/20
93/93 - 0s - 685us/step - accuracy: 0.9293 - loss: 0.4014
Epoch 12/20
93/93 - 0s - 691us/step - accuracy: 0.9302 - loss: 0.3953
Epoch 13/20
93/93 - 0s - 684us/step - accuracy: 0.9309 - loss: 0.3900
Epoch 14/20
93/93 - 0s - 687us/step - accuracy: 0.9315 - loss: 0.3855
Epoch 15/20
93/93 - 0s - 692us/step - accuracy: 0.9321 - loss: 0.3815
Epoch 16/20
93/93 - 0s - 688us/step - accuracy: 0.9327 - loss: 0.3780
Epoch 17/20
93/93 - 0s - 688us/step - accuracy: 0.9333 - loss: 0.3749
Epoch 18/20
93/93 - 0s - 686us/step - accuracy: 0.9339 - loss: 0.3721
Epoch 19/20
93/93 - 0s - 687us/step - accuracy: 0.9343 - loss: 0.3695
Epoch 20/20
93/93 - 0s - 688us/step - accuracy: 0.9346 - loss: 0.3672

--- FINAL + cRT (linear head on SMOTE features) ---
  top-1 accuracy   : 0.5986
  balanced accuracy: 0.5986
  macro F1 (head)  : 0.616
  macro F1 (mid)   : 0.601
  macro F1 (tail)  : 0.576
  head-tail F1 gap : 0.040
  worst-class F1   : 0.231
  worst-class acc  : 0.200

--- FINAL (full REBAL) ---
  top-1 accuracy   : 0.5986
  balanced accuracy: 0.5986
  macro F1 (head)  : 0.615
  macro F1 (mid)   : 0.593
  macro F1 (tail)  : 0.578
  head-tail F1 gap : 0.037
  worst-class F1   : 0.234
  worst-class acc  : 0.190

=== SUMMARY ===
  baseline    top-1: 0.3682   BAcc: 0.3682   tail F1: 0.256   head-tail gap: 0.172   worst-acc: 0.000
  final REBAL top-1: 0.5986   BAcc: 0.5986   tail F1: 0.578   head-tail gap: 0.037   worst-acc: 0.190
  REBAL + cRT top-1: 0.5986   BAcc: 0.5986   tail F1: 0.576   head-tail gap: 0.040   worst-acc: 0.200

Total runtime: 193.0 min
Wrote experiments/phase2_multiseed/seed_2/per_class_f1.csv
Wrote experiments/phase2_multiseed/seed_2/metrics.json
Wrote checkpoints to experiments/phase2_multiseed/seed_2/checkpoints/
==================================================
  Seed 3  (Mon Jun 15 13:00:46 PDT 2026)
==================================================

============================================================
Seed: 3
============================================================
Loading and imbalancing CIFAR-100...
  imbalanced: (27700, 32, 32, 3), classes: 100

ECOD cleaning...
  cleaned: (26273, 32, 32, 3)

Training baseline feature extractor on imbalanced data...
  ep   1/120  loss=4.640  cls=4.026  val_acc=0.0661  (34.3s)
  ep   2/120  loss=4.156  cls=3.688  val_acc=0.0682  (32.6s)
  ep   3/120  loss=3.895  cls=3.509  val_acc=0.1008  (31.9s)
  ep   4/120  loss=3.690  cls=3.342  val_acc=0.1185  (31.6s)
  ep   5/120  loss=3.550  cls=3.212  val_acc=0.1570  (31.1s)
  ep   6/120  loss=3.423  cls=3.075  val_acc=0.1368  (31.5s)
  ep   7/120  loss=3.309  cls=2.938  val_acc=0.1690  (32.4s)
  ep   8/120  loss=3.206  cls=2.804  val_acc=0.1801  (31.1s)
  ep   9/120  loss=3.126  cls=2.692  val_acc=0.1835  (31.2s)
  ep  10/120  loss=3.069  cls=2.600  val_acc=0.2414  (31.2s)
  ep  11/120  loss=3.020  cls=2.520  val_acc=0.1991  (31.2s)
  ep  12/120  loss=2.961  cls=2.430  val_acc=0.2397  (31.4s)
  ep  13/120  loss=2.929  cls=2.366  val_acc=0.1924  (32.2s)
  ep  14/120  loss=2.910  cls=2.318  val_acc=0.2984  (31.5s)
  ep  15/120  loss=2.887  cls=2.267  val_acc=0.2718  (32.5s)
  ep  16/120  loss=2.860  cls=2.216  val_acc=0.1875  (32.8s)
  ep  17/120  loss=2.835  cls=2.168  val_acc=0.2762  (35.6s)
  ep  18/120  loss=2.829  cls=2.138  val_acc=0.2453  (35.2s)
  ep  19/120  loss=2.807  cls=2.094  val_acc=0.3339  (35.3s)
  ep  20/120  loss=2.814  cls=2.079  val_acc=0.2773  (34.4s)
  ep  21/120  loss=2.786  cls=2.034  val_acc=0.3477  (34.8s)
  ep  22/120  loss=2.786  cls=2.014  val_acc=0.3262  (33.5s)
  ep  23/120  loss=2.774  cls=1.987  val_acc=0.3071  (32.0s)
  ep  24/120  loss=2.768  cls=1.962  val_acc=0.3085  (32.6s)
  ep  25/120  loss=2.750  cls=1.932  val_acc=0.3021  (33.0s)
  ep  26/120  loss=2.738  cls=1.906  val_acc=0.2986  (36.0s)
  ep  27/120  loss=2.739  cls=1.898  val_acc=0.3139  (35.2s)
  ep  28/120  loss=2.733  cls=1.881  val_acc=0.3239  (35.3s)
  ep  29/120  loss=2.721  cls=1.864  val_acc=0.2999  (35.6s)
  ep  30/120  loss=2.709  cls=1.844  val_acc=0.3655  (35.0s)
  ep  31/120  loss=2.694  cls=1.822  val_acc=0.3578  (34.4s)
  ep  32/120  loss=2.684  cls=1.806  val_acc=0.3869  (35.0s)
  ep  33/120  loss=2.677  cls=1.796  val_acc=0.3313  (35.0s)
  ep  34/120  loss=2.674  cls=1.788  val_acc=0.3944  (35.1s)
  ep  35/120  loss=2.645  cls=1.756  val_acc=0.3784  (35.0s)
  ep  36/120  loss=2.638  cls=1.748  val_acc=0.3400  (35.4s)
  ep  37/120  loss=2.635  cls=1.739  val_acc=0.3230  (35.1s)
  ep  38/120  loss=2.615  cls=1.719  val_acc=0.3082  (34.6s)
  ep  39/120  loss=2.611  cls=1.710  val_acc=0.2998  (34.4s)
  ep  40/120  loss=2.596  cls=1.692  val_acc=0.3394  (34.5s)
  ep  41/120  loss=2.572  cls=1.671  val_acc=0.4326  (35.0s)
  ep  42/120  loss=2.556  cls=1.655  val_acc=0.3949  (35.0s)
  ep  43/120  loss=2.553  cls=1.651  val_acc=0.2938  (35.1s)
  ep  44/120  loss=2.529  cls=1.628  val_acc=0.3970  (35.2s)
  ep  45/120  loss=2.529  cls=1.628  val_acc=0.4104  (35.6s)
  ep  46/120  loss=2.499  cls=1.600  val_acc=0.3891  (37.4s)
  ep  47/120  loss=2.488  cls=1.591  val_acc=0.3545  (36.8s)
  ep  48/120  loss=2.470  cls=1.576  val_acc=0.3591  (37.0s)
  ep  49/120  loss=2.456  cls=1.563  val_acc=0.3997  (36.5s)
  ep  50/120  loss=2.421  cls=1.530  val_acc=0.3920  (36.6s)
  ep  51/120  loss=2.401  cls=1.512  val_acc=0.3450  (36.8s)
  ep  52/120  loss=2.397  cls=1.509  val_acc=0.3212  (37.0s)
  ep  53/120  loss=2.368  cls=1.480  val_acc=0.3867  (35.9s)
  early stop (best val_acc=0.4326)

--- BASELINE ---
  top-1 accuracy   : 0.4326
  balanced accuracy: 0.4326
  macro F1 (head)  : 0.474
  macro F1 (mid)   : 0.433
  macro F1 (tail)  : 0.332
  head-tail F1 gap : 0.142
  worst-class F1   : 0.000
  worst-class acc  : 0.000

Training cGAN on cleaned (imbalanced) data...
  cGAN ep   1/60  g=1.442  d=1.017  (24.9s)
  cGAN ep   2/60  g=1.108  d=1.178  (22.9s)
  cGAN ep   3/60  g=1.030  d=1.233  (22.8s)
  cGAN ep   4/60  g=1.142  d=1.159  (22.7s)
  cGAN ep   5/60  g=0.951  d=1.284  (23.6s)
  cGAN ep   6/60  g=0.911  d=1.303  (24.6s)
  cGAN ep   7/60  g=0.935  d=1.254  (24.6s)
  cGAN ep   8/60  g=0.984  d=1.228  (24.8s)
  cGAN ep   9/60  g=1.088  d=1.162  (24.5s)
  cGAN ep  10/60  g=1.151  d=1.150  (26.4s)
  cGAN ep  11/60  g=1.129  d=1.175  (24.8s)
  cGAN ep  12/60  g=1.062  d=1.189  (24.9s)
  cGAN ep  13/60  g=1.087  d=1.196  (24.7s)
  cGAN ep  14/60  g=1.108  d=1.179  (25.7s)
  cGAN ep  15/60  g=1.156  d=1.174  (25.2s)
  cGAN ep  16/60  g=1.149  d=1.145  (25.4s)
  cGAN ep  17/60  g=1.165  d=1.184  (26.0s)
  cGAN ep  18/60  g=1.111  d=1.182  (26.5s)
  cGAN ep  19/60  g=1.193  d=1.125  (25.0s)
  cGAN ep  20/60  g=1.251  d=1.135  (24.6s)
  cGAN ep  21/60  g=1.268  d=1.114  (25.1s)
  cGAN ep  22/60  g=1.170  d=1.171  (24.8s)
  cGAN ep  23/60  g=1.133  d=1.179  (24.9s)
  cGAN ep  24/60  g=1.147  d=1.190  (25.1s)
  cGAN ep  25/60  g=1.188  d=1.153  (26.6s)
  cGAN ep  26/60  g=1.174  d=1.180  (25.4s)
  cGAN ep  27/60  g=1.120  d=1.210  (26.7s)
  cGAN ep  28/60  g=1.154  d=1.175  (24.9s)
  cGAN ep  29/60  g=1.197  d=1.153  (24.4s)
  cGAN ep  30/60  g=1.127  d=1.198  (24.6s)
  cGAN ep  31/60  g=1.175  d=1.160  (24.1s)
  cGAN ep  32/60  g=1.214  d=1.173  (23.5s)
  cGAN ep  33/60  g=1.246  d=1.145  (23.3s)
  cGAN ep  34/60  g=1.240  d=1.117  (23.1s)
  cGAN ep  35/60  g=1.256  d=1.176  (23.6s)
  cGAN ep  36/60  g=1.158  d=1.172  (23.2s)
  cGAN ep  37/60  g=1.256  d=1.129  (22.9s)
  cGAN ep  38/60  g=1.200  d=1.166  (23.4s)
  cGAN ep  39/60  g=1.273  d=1.125  (23.2s)
  cGAN ep  40/60  g=1.303  d=1.117  (23.6s)
  cGAN ep  41/60  g=1.288  d=1.121  (23.0s)
  cGAN ep  42/60  g=1.223  d=1.146  (22.9s)
  cGAN ep  43/60  g=1.270  d=1.136  (22.8s)
  cGAN ep  44/60  g=1.218  d=1.132  (22.9s)
  cGAN ep  45/60  g=1.424  d=1.077  (22.9s)
  cGAN ep  46/60  g=1.341  d=1.097  (22.7s)
  cGAN ep  47/60  g=1.283  d=1.129  (22.7s)
  cGAN ep  48/60  g=1.303  d=1.132  (22.7s)
  cGAN ep  49/60  g=1.304  d=1.117  (23.3s)
  cGAN ep  50/60  g=1.202  d=1.145  (23.1s)
  cGAN ep  51/60  g=1.247  d=1.143  (22.9s)
  cGAN ep  52/60  g=1.215  d=1.153  (23.0s)
  cGAN ep  53/60  g=1.319  d=1.129  (23.0s)
  cGAN ep  54/60  g=1.252  d=1.124  (23.7s)
  cGAN ep  55/60  g=1.292  d=1.134  (22.9s)
  cGAN ep  56/60  g=1.252  d=1.147  (23.0s)
  cGAN ep  57/60  g=1.205  d=1.144  (23.7s)
  cGAN ep  58/60  g=1.193  d=1.174  (23.4s)
  cGAN ep  59/60  g=1.182  d=1.165  (23.9s)
  cGAN ep  60/60  g=1.159  d=1.184  (23.1s)

Generating 50 cGAN samples per class...

Extracting features for feature-space SMOTE...
  feature-balanced: (47500, 128)

Final training set: (31273, 32, 32, 3)
Training final classifier (full REBAL configuration)...
  ep   1/120  loss=4.023  cls=3.438  val_acc=0.0412  (44.4s)
  ep   2/120  loss=3.613  cls=3.199  val_acc=0.0416  (41.1s)
  ep   3/120  loss=3.380  cls=3.059  val_acc=0.1266  (40.9s)
  ep   4/120  loss=3.231  cls=2.951  val_acc=0.1137  (41.9s)
  ep   5/120  loss=3.120  cls=2.856  val_acc=0.0877  (40.6s)
  ep   6/120  loss=3.046  cls=2.779  val_acc=0.1529  (40.5s)
  ep   7/120  loss=2.994  cls=2.715  val_acc=0.1683  (41.9s)
  ep   8/120  loss=2.933  cls=2.633  val_acc=0.1602  (40.8s)
  ep   9/120  loss=2.887  cls=2.569  val_acc=0.1782  (41.5s)
  ep  10/120  loss=2.854  cls=2.515  val_acc=0.1893  (40.8s)
  ep  11/120  loss=2.825  cls=2.464  val_acc=0.2440  (44.8s)
  ep  12/120  loss=2.806  cls=2.426  val_acc=0.2504  (44.5s)
  ep  13/120  loss=2.779  cls=2.380  val_acc=0.2567  (44.0s)
  ep  14/120  loss=2.763  cls=2.342  val_acc=0.2449  (41.6s)
  ep  15/120  loss=2.737  cls=2.297  val_acc=0.2183  (42.8s)
  ep  16/120  loss=2.725  cls=2.266  val_acc=0.1730  (41.4s)
  ep  17/120  loss=2.704  cls=2.228  val_acc=0.2225  (41.0s)
  ep  18/120  loss=2.699  cls=2.203  val_acc=0.2774  (42.1s)
  ep  19/120  loss=2.693  cls=2.178  val_acc=0.2722  (40.3s)
  ep  20/120  loss=2.691  cls=2.159  val_acc=0.2720  (40.0s)
  ep  21/120  loss=2.675  cls=2.128  val_acc=0.1929  (40.0s)
  ep  22/120  loss=2.666  cls=2.107  val_acc=0.2827  (40.1s)
  ep  23/120  loss=2.659  cls=2.086  val_acc=0.1027  (40.0s)
  ep  24/120  loss=2.649  cls=2.061  val_acc=0.2836  (40.1s)
  ep  25/120  loss=2.653  cls=2.050  val_acc=0.3035  (40.5s)
  ep  26/120  loss=2.640  cls=2.028  val_acc=0.3465  (43.2s)
  ep  27/120  loss=2.635  cls=2.009  val_acc=0.2658  (42.2s)
  ep  28/120  loss=2.637  cls=1.998  val_acc=0.3028  (40.6s)
  ep  29/120  loss=2.623  cls=1.976  val_acc=0.3435  (40.7s)
  ep  30/120  loss=2.612  cls=1.957  val_acc=0.3246  (40.4s)
  ep  31/120  loss=2.618  cls=1.951  val_acc=0.2267  (40.2s)
  ep  32/120  loss=2.607  cls=1.933  val_acc=0.3471  (40.5s)
  ep  33/120  loss=2.602  cls=1.921  val_acc=0.1362  (41.8s)
  ep  34/120  loss=2.599  cls=1.912  val_acc=0.2590  (41.6s)
  ep  35/120  loss=2.582  cls=1.889  val_acc=0.3265  (41.7s)
  ep  36/120  loss=2.581  cls=1.881  val_acc=0.3242  (41.5s)
  ep  37/120  loss=2.571  cls=1.867  val_acc=0.2980  (41.6s)
  ep  38/120  loss=2.571  cls=1.864  val_acc=0.3508  (41.6s)
  ep  39/120  loss=2.555  cls=1.845  val_acc=0.3391  (41.6s)
  ep  40/120  loss=2.540  cls=1.826  val_acc=0.3055  (41.6s)
  ep  41/120  loss=2.542  cls=1.823  val_acc=0.3018  (41.8s)
  ep  42/120  loss=2.516  cls=1.797  val_acc=0.3407  (43.5s)
  ep  43/120  loss=2.513  cls=1.791  val_acc=0.3323  (45.4s)
  ep  44/120  loss=2.503  cls=1.781  val_acc=0.3408  (45.2s)
  ep  45/120  loss=2.491  cls=1.768  val_acc=0.2254  (43.0s)
  ep  46/120  loss=2.480  cls=1.756  val_acc=0.3337  (43.2s)
  ep  47/120  loss=2.473  cls=1.749  val_acc=0.3347  (45.7s)
  ep  48/120  loss=2.448  cls=1.724  val_acc=0.2812  (45.0s)
  ep  49/120  loss=2.440  cls=1.715  val_acc=0.2887  (43.5s)
  ep  50/120  loss=2.426  cls=1.701  val_acc=0.3033  (43.6s)
  early stop (best val_acc=0.3508)

Re-extracting features from final model for cRT...
  cRT feature-balanced: (47500, 128)

Retraining linear head on SMOTE-augmented features (cRT step)...
Epoch 1/20
93/93 - 0s - 2ms/step - accuracy: 0.1382 - loss: 4.0970
Epoch 2/20
93/93 - 0s - 755us/step - accuracy: 0.3668 - loss: 3.0138
Epoch 3/20
93/93 - 0s - 751us/step - accuracy: 0.4512 - loss: 2.5944
Epoch 4/20
93/93 - 0s - 743us/step - accuracy: 0.4864 - loss: 2.3770
Epoch 5/20
93/93 - 0s - 744us/step - accuracy: 0.5038 - loss: 2.2448
Epoch 6/20
93/93 - 0s - 741us/step - accuracy: 0.5148 - loss: 2.1562
Epoch 7/20
93/93 - 0s - 749us/step - accuracy: 0.5219 - loss: 2.0929
Epoch 8/20
93/93 - 0s - 749us/step - accuracy: 0.5279 - loss: 2.0455
Epoch 9/20
93/93 - 0s - 739us/step - accuracy: 0.5321 - loss: 2.0085
Epoch 10/20
93/93 - 0s - 746us/step - accuracy: 0.5362 - loss: 1.9790
Epoch 11/20
93/93 - 0s - 747us/step - accuracy: 0.5393 - loss: 1.9548
Epoch 12/20
93/93 - 0s - 739us/step - accuracy: 0.5418 - loss: 1.9346
Epoch 13/20
93/93 - 0s - 746us/step - accuracy: 0.5445 - loss: 1.9175
Epoch 14/20
93/93 - 0s - 750us/step - accuracy: 0.5467 - loss: 1.9027
Epoch 15/20
93/93 - 0s - 738us/step - accuracy: 0.5484 - loss: 1.8900
Epoch 16/20
93/93 - 0s - 741us/step - accuracy: 0.5501 - loss: 1.8787
Epoch 17/20
93/93 - 0s - 744us/step - accuracy: 0.5517 - loss: 1.8688
Epoch 18/20
93/93 - 0s - 747us/step - accuracy: 0.5531 - loss: 1.8599
Epoch 19/20
93/93 - 0s - 755us/step - accuracy: 0.5543 - loss: 1.8520
Epoch 20/20
93/93 - 0s - 738us/step - accuracy: 0.5554 - loss: 1.8448

--- FINAL + cRT (linear head on SMOTE features) ---
  top-1 accuracy   : 0.4465
  balanced accuracy: 0.4465
  macro F1 (head)  : 0.452
  macro F1 (mid)   : 0.430
  macro F1 (tail)  : 0.433
  head-tail F1 gap : 0.020
  worst-class F1   : 0.055
  worst-class acc  : 0.040

--- FINAL (full REBAL) ---
  top-1 accuracy   : 0.3508
  balanced accuracy: 0.3508
  macro F1 (head)  : 0.365
  macro F1 (mid)   : 0.332
  macro F1 (tail)  : 0.325
  head-tail F1 gap : 0.039
  worst-class F1   : 0.018
  worst-class acc  : 0.010

=== SUMMARY ===
  baseline    top-1: 0.4326   BAcc: 0.4326   tail F1: 0.332   head-tail gap: 0.142   worst-acc: 0.000
  final REBAL top-1: 0.3508   BAcc: 0.3508   tail F1: 0.325   head-tail gap: 0.039   worst-acc: 0.010
  REBAL + cRT top-1: 0.4465   BAcc: 0.4465   tail F1: 0.433   head-tail gap: 0.020   worst-acc: 0.040

Total runtime: 90.1 min
Wrote experiments/phase2_multiseed/seed_3/per_class_f1.csv
Wrote experiments/phase2_multiseed/seed_3/metrics.json
Wrote checkpoints to experiments/phase2_multiseed/seed_3/checkpoints/
==================================================
  Seed 4  (Mon Jun 15 14:30:55 PDT 2026)
==================================================

============================================================
Seed: 4
============================================================
Loading and imbalancing CIFAR-100...
  imbalanced: (27700, 32, 32, 3), classes: 100

ECOD cleaning...
  cleaned: (26273, 32, 32, 3)

Training baseline feature extractor on imbalanced data...
  ep   1/120  loss=4.613  cls=3.997  val_acc=0.0696  (40.6s)
  ep   2/120  loss=4.140  cls=3.666  val_acc=0.0773  (36.3s)
  ep   3/120  loss=3.876  cls=3.485  val_acc=0.0381  (36.0s)
  ep   4/120  loss=3.696  cls=3.345  val_acc=0.1312  (36.6s)
  ep   5/120  loss=3.535  cls=3.194  val_acc=0.1523  (38.7s)
  ep   6/120  loss=3.388  cls=3.031  val_acc=0.1529  (38.0s)
  ep   7/120  loss=3.267  cls=2.886  val_acc=0.1810  (37.2s)
  ep   8/120  loss=3.171  cls=2.759  val_acc=0.1667  (37.0s)
  ep   9/120  loss=3.116  cls=2.674  val_acc=0.1782  (36.1s)
  ep  10/120  loss=3.058  cls=2.585  val_acc=0.2553  (36.1s)
  ep  11/120  loss=3.018  cls=2.515  val_acc=0.1902  (36.5s)
  ep  12/120  loss=2.969  cls=2.436  val_acc=0.2573  (35.6s)
  ep  13/120  loss=2.928  cls=2.363  val_acc=0.2222  (37.3s)
  ep  14/120  loss=2.902  cls=2.307  val_acc=0.2270  (35.8s)
  ep  15/120  loss=2.875  cls=2.255  val_acc=0.2220  (36.9s)
  ep  16/120  loss=2.857  cls=2.214  val_acc=0.2656  (36.3s)
  ep  17/120  loss=2.849  cls=2.180  val_acc=0.2935  (36.2s)
  ep  18/120  loss=2.821  cls=2.129  val_acc=0.2780  (36.2s)
  ep  19/120  loss=2.797  cls=2.083  val_acc=0.2411  (36.3s)
  ep  20/120  loss=2.784  cls=2.053  val_acc=0.3134  (36.2s)
  ep  21/120  loss=2.786  cls=2.037  val_acc=0.3355  (36.2s)
  ep  22/120  loss=2.758  cls=1.995  val_acc=0.3199  (36.2s)
  ep  23/120  loss=2.770  cls=1.989  val_acc=0.3548  (38.2s)
  ep  24/120  loss=2.747  cls=1.953  val_acc=0.3331  (36.3s)
  ep  25/120  loss=2.752  cls=1.947  val_acc=0.2678  (34.7s)
  ep  26/120  loss=2.729  cls=1.914  val_acc=0.3301  (35.4s)
  ep  27/120  loss=2.716  cls=1.890  val_acc=0.3431  (34.5s)
  ep  28/120  loss=2.729  cls=1.892  val_acc=0.3355  (34.4s)
  ep  29/120  loss=2.702  cls=1.860  val_acc=0.2974  (34.4s)
  ep  30/120  loss=2.706  cls=1.856  val_acc=0.3100  (34.5s)
  ep  31/120  loss=2.689  cls=1.831  val_acc=0.2939  (34.4s)
  ep  32/120  loss=2.662  cls=1.800  val_acc=0.3671  (34.7s)
  ep  33/120  loss=2.667  cls=1.800  val_acc=0.3210  (34.8s)
  ep  34/120  loss=2.663  cls=1.789  val_acc=0.3432  (34.5s)
  ep  35/120  loss=2.654  cls=1.777  val_acc=0.3207  (34.6s)
  ep  36/120  loss=2.631  cls=1.752  val_acc=0.3032  (34.7s)
  ep  37/120  loss=2.619  cls=1.733  val_acc=0.2758  (34.6s)
  ep  38/120  loss=2.627  cls=1.737  val_acc=0.2769  (34.3s)
  ep  39/120  loss=2.610  cls=1.718  val_acc=0.4400  (34.3s)
  ep  40/120  loss=2.581  cls=1.690  val_acc=0.3444  (34.3s)
  ep  41/120  loss=2.574  cls=1.684  val_acc=0.3296  (34.6s)
  ep  42/120  loss=2.559  cls=1.668  val_acc=0.3249  (34.8s)
  ep  43/120  loss=2.537  cls=1.646  val_acc=0.3691  (34.7s)
  ep  44/120  loss=2.518  cls=1.631  val_acc=0.3877  (35.0s)
  ep  45/120  loss=2.503  cls=1.616  val_acc=0.3172  (34.8s)
  ep  46/120  loss=2.511  cls=1.623  val_acc=0.4121  (34.6s)
  ep  47/120  loss=2.472  cls=1.586  val_acc=0.3491  (35.5s)
  ep  48/120  loss=2.479  cls=1.594  val_acc=0.3691  (35.0s)
  ep  49/120  loss=2.446  cls=1.562  val_acc=0.3842  (35.0s)
  ep  50/120  loss=2.425  cls=1.541  val_acc=0.3154  (35.0s)
  ep  51/120  loss=2.403  cls=1.522  val_acc=0.3801  (35.0s)
  early stop (best val_acc=0.4400)

--- BASELINE ---
  top-1 accuracy   : 0.4400
  balanced accuracy: 0.4400
  macro F1 (head)  : 0.479
  macro F1 (mid)   : 0.444
  macro F1 (tail)  : 0.331
  head-tail F1 gap : 0.147
  worst-class F1   : 0.000
  worst-class acc  : 0.000

Training cGAN on cleaned (imbalanced) data...
  cGAN ep   1/60  g=1.725  d=0.903  (25.4s)
  cGAN ep   2/60  g=1.126  d=1.191  (23.0s)
  cGAN ep   3/60  g=1.007  d=1.243  (22.9s)
  cGAN ep   4/60  g=0.922  d=1.294  (23.0s)
  cGAN ep   5/60  g=0.924  d=1.298  (22.9s)
  cGAN ep   6/60  g=0.882  d=1.316  (22.9s)
  cGAN ep   7/60  g=0.885  d=1.313  (22.9s)
  cGAN ep   8/60  g=0.845  d=1.344  (22.9s)
  cGAN ep   9/60  g=0.873  d=1.305  (22.9s)
  cGAN ep  10/60  g=0.902  d=1.289  (22.9s)
  cGAN ep  11/60  g=0.958  d=1.271  (22.9s)
  cGAN ep  12/60  g=0.963  d=1.256  (22.6s)
  cGAN ep  13/60  g=0.931  d=1.272  (22.9s)
  cGAN ep  14/60  g=0.957  d=1.263  (22.7s)
  cGAN ep  15/60  g=0.980  d=1.256  (22.6s)
  cGAN ep  16/60  g=1.061  d=1.188  (22.6s)
  cGAN ep  17/60  g=1.039  d=1.211  (22.6s)
  cGAN ep  18/60  g=1.077  d=1.204  (22.6s)
  cGAN ep  19/60  g=1.067  d=1.202  (22.5s)
  cGAN ep  20/60  g=1.052  d=1.229  (22.6s)
  cGAN ep  21/60  g=1.071  d=1.207  (22.8s)
  cGAN ep  22/60  g=1.058  d=1.225  (22.7s)
  cGAN ep  23/60  g=1.047  d=1.222  (22.9s)
  cGAN ep  24/60  g=1.024  d=1.238  (24.4s)
  cGAN ep  25/60  g=1.077  d=1.234  (24.4s)
  cGAN ep  26/60  g=1.049  d=1.206  (24.4s)
  cGAN ep  27/60  g=1.043  d=1.235  (25.3s)
  cGAN ep  28/60  g=1.059  d=1.218  (25.4s)
  cGAN ep  29/60  g=1.159  d=1.205  (24.6s)
  cGAN ep  30/60  g=1.151  d=1.169  (24.7s)
  cGAN ep  31/60  g=1.133  d=1.160  (24.7s)
  cGAN ep  32/60  g=1.151  d=1.169  (24.7s)
  cGAN ep  33/60  g=1.161  d=1.160  (24.6s)
  cGAN ep  34/60  g=1.141  d=1.179  (24.6s)
  cGAN ep  35/60  g=1.141  d=1.178  (24.6s)
  cGAN ep  36/60  g=1.134  d=1.191  (24.8s)
  cGAN ep  37/60  g=1.117  d=1.189  (25.0s)
  cGAN ep  38/60  g=1.131  d=1.200  (24.7s)
  cGAN ep  39/60  g=1.075  d=1.219  (24.9s)
  cGAN ep  40/60  g=1.039  d=1.234  (24.9s)
  cGAN ep  41/60  g=1.073  d=1.212  (24.4s)
  cGAN ep  42/60  g=1.067  d=1.217  (24.6s)
  cGAN ep  43/60  g=1.045  d=1.236  (24.2s)
  cGAN ep  44/60  g=1.064  d=1.224  (24.2s)
  cGAN ep  45/60  g=1.056  d=1.232  (24.2s)
  cGAN ep  46/60  g=1.061  d=1.226  (24.2s)
  cGAN ep  47/60  g=1.046  d=1.237  (24.6s)
  cGAN ep  48/60  g=1.035  d=1.241  (24.8s)
  cGAN ep  49/60  g=1.030  d=1.246  (24.8s)
  cGAN ep  50/60  g=1.065  d=1.227  (24.7s)
  cGAN ep  51/60  g=1.022  d=1.247  (24.5s)
  cGAN ep  52/60  g=1.023  d=1.249  (24.5s)
  cGAN ep  53/60  g=1.046  d=1.223  (24.5s)
  cGAN ep  54/60  g=1.090  d=1.230  (25.1s)
  cGAN ep  55/60  g=1.078  d=1.216  (25.8s)
  cGAN ep  56/60  g=1.051  d=1.242  (22.9s)
  cGAN ep  57/60  g=1.043  d=1.241  (23.1s)
  cGAN ep  58/60  g=1.030  d=1.243  (22.7s)
  cGAN ep  59/60  g=1.021  d=1.238  (22.6s)
  cGAN ep  60/60  g=1.043  d=1.242  (22.6s)

Generating 50 cGAN samples per class...

Extracting features for feature-space SMOTE...
  feature-balanced: (47500, 128)

Final training set: (31273, 32, 32, 3)
Training final classifier (full REBAL configuration)...
  ep   1/120  loss=4.035  cls=3.451  val_acc=0.0231  (42.8s)
  ep   2/120  loss=3.627  cls=3.217  val_acc=0.0735  (41.4s)
  ep   3/120  loss=3.410  cls=3.096  val_acc=0.0590  (40.4s)
  ep   4/120  loss=3.275  cls=3.008  val_acc=0.1345  (40.6s)
  ep   5/120  loss=3.177  cls=2.929  val_acc=0.0967  (40.9s)
  ep   6/120  loss=3.105  cls=2.858  val_acc=0.1418  (41.1s)
  ep   7/120  loss=3.041  cls=2.785  val_acc=0.1473  (40.9s)
  ep   8/120  loss=2.986  cls=2.713  val_acc=0.1558  (40.9s)
  ep   9/120  loss=2.944  cls=2.647  val_acc=0.2028  (40.6s)
  ep  10/120  loss=2.895  cls=2.577  val_acc=0.1277  (41.0s)
  ep  11/120  loss=2.866  cls=2.522  val_acc=0.2051  (40.6s)
  ep  12/120  loss=2.825  cls=2.458  val_acc=0.2010  (41.5s)
  ep  13/120  loss=2.823  cls=2.433  val_acc=0.1573  (41.6s)
  ep  14/120  loss=2.787  cls=2.375  val_acc=0.2452  (41.8s)
  ep  15/120  loss=2.770  cls=2.338  val_acc=0.2158  (41.1s)
  ep  16/120  loss=2.757  cls=2.306  val_acc=0.2021  (41.2s)
  ep  17/120  loss=2.739  cls=2.271  val_acc=0.2496  (41.2s)
  ep  18/120  loss=2.733  cls=2.249  val_acc=0.2618  (41.2s)
  ep  19/120  loss=2.722  cls=2.222  val_acc=0.3075  (41.4s)
  ep  20/120  loss=2.710  cls=2.195  val_acc=0.1559  (41.3s)
  ep  21/120  loss=2.698  cls=2.167  val_acc=0.2446  (41.4s)
  ep  22/120  loss=2.704  cls=2.155  val_acc=0.2508  (41.6s)
  ep  23/120  loss=2.688  cls=2.124  val_acc=0.2492  (41.2s)
  ep  24/120  loss=2.692  cls=2.115  val_acc=0.2700  (41.1s)
  ep  25/120  loss=2.681  cls=2.090  val_acc=0.2465  (41.1s)
  ep  26/120  loss=2.681  cls=2.078  val_acc=0.2875  (41.1s)
  ep  27/120  loss=2.665  cls=2.050  val_acc=0.3067  (69.1s)
  ep  28/120  loss=2.660  cls=2.033  val_acc=0.2731  (393.0s)
  ep  29/120  loss=2.653  cls=2.016  val_acc=0.2970  (36.1s)
  ep  30/120  loss=2.657  cls=2.013  val_acc=0.3250  (232.6s)
  ep  31/120  loss=2.635  cls=1.983  val_acc=0.3163  (50.8s)
  ep  32/120  loss=2.632  cls=1.973  val_acc=0.3548  (45.3s)
  ep  33/120  loss=2.628  cls=1.963  val_acc=0.3176  (47.0s)
  ep  34/120  loss=2.620  cls=1.947  val_acc=0.2454  (144.1s)
  ep  35/120  loss=2.620  cls=1.938  val_acc=0.2900  (36.8s)
  ep  36/120  loss=2.599  cls=1.914  val_acc=0.3230  (49.8s)
  ep  37/120  loss=2.601  cls=1.914  val_acc=0.2675  (42.4s)
  ep  38/120  loss=2.584  cls=1.891  val_acc=0.3438  (48.4s)
  ep  39/120  loss=2.571  cls=1.874  val_acc=0.3485  (564.5s)
  ep  40/120  loss=2.570  cls=1.872  val_acc=0.2336  (43.1s)
  ep  41/120  loss=2.560  cls=1.858  val_acc=0.3296  (42.7s)
  ep  42/120  loss=2.553  cls=1.846  val_acc=0.3704  (42.0s)
  ep  43/120  loss=2.529  cls=1.822  val_acc=0.3449  (42.9s)
  ep  44/120  loss=2.525  cls=1.816  val_acc=0.3053  (43.8s)
  ep  45/120  loss=2.507  cls=1.795  val_acc=0.3114  (42.0s)
  ep  46/120  loss=2.502  cls=1.791  val_acc=0.3100  (43.0s)
  ep  47/120  loss=2.483  cls=1.770  val_acc=0.2954  (41.8s)
  ep  48/120  loss=2.477  cls=1.763  val_acc=0.3049  (41.0s)
  ep  49/120  loss=2.460  cls=1.744  val_acc=0.4029  (41.7s)
  ep  50/120  loss=2.446  cls=1.731  val_acc=0.3502  (42.4s)
  ep  51/120  loss=2.451  cls=1.734  val_acc=0.3194  (41.6s)
  ep  52/120  loss=2.420  cls=1.704  val_acc=0.3742  (40.6s)
  ep  53/120  loss=2.408  cls=1.696  val_acc=0.3640  (41.5s)
  ep  54/120  loss=2.390  cls=1.678  val_acc=0.3721  (41.3s)
  ep  55/120  loss=2.377  cls=1.667  val_acc=0.3766  (40.3s)
  ep  56/120  loss=2.360  cls=1.651  val_acc=0.3277  (41.8s)
  ep  57/120  loss=2.339  cls=1.630  val_acc=0.3993  (42.8s)
  ep  58/120  loss=2.328  cls=1.619  val_acc=0.4171  (40.3s)
  ep  59/120  loss=2.307  cls=1.598  val_acc=0.4239  (38.3s)
  ep  60/120  loss=2.295  cls=1.589  val_acc=0.4443  (38.1s)
  ep  61/120  loss=2.274  cls=1.570  val_acc=0.4055  (38.2s)
  ep  62/120  loss=2.250  cls=1.549  val_acc=0.4118  (38.0s)
  ep  63/120  loss=2.238  cls=1.540  val_acc=0.4064  (38.1s)
  ep  64/120  loss=2.208  cls=1.513  val_acc=0.4027  (37.9s)
  ep  65/120  loss=2.186  cls=1.495  val_acc=0.4041  (37.8s)
  ep  66/120  loss=2.159  cls=1.473  val_acc=0.4422  (36.3s)
  ep  67/120  loss=2.141  cls=1.458  val_acc=0.4668  (37.7s)
  ep  68/120  loss=2.127  cls=1.449  val_acc=0.3926  (37.3s)
  ep  69/120  loss=2.101  cls=1.427  val_acc=0.4527  (37.2s)
  ep  70/120  loss=2.071  cls=1.402  val_acc=0.4171  (36.9s)
  ep  71/120  loss=2.038  cls=1.373  val_acc=0.4661  (39.1s)
  ep  72/120  loss=2.027  cls=1.366  val_acc=0.4366  (39.3s)
  ep  73/120  loss=2.001  cls=1.344  val_acc=0.4105  (38.6s)
  ep  74/120  loss=1.967  cls=1.315  val_acc=0.4822  (37.5s)
  ep  75/120  loss=1.931  cls=1.284  val_acc=0.4922  (39.1s)
  ep  76/120  loss=1.922  cls=1.281  val_acc=0.4828  (36.5s)
  ep  77/120  loss=1.894  cls=1.258  val_acc=0.4887  (36.5s)
  ep  78/120  loss=1.856  cls=1.225  val_acc=0.4609  (36.9s)
  ep  79/120  loss=1.831  cls=1.205  val_acc=0.4883  (37.7s)
  ep  80/120  loss=1.802  cls=1.182  val_acc=0.4570  (37.3s)
  ep  81/120  loss=1.772  cls=1.156  val_acc=0.4830  (36.5s)
  ep  82/120  loss=1.749  cls=1.138  val_acc=0.5225  (36.3s)
  ep  83/120  loss=1.706  cls=1.102  val_acc=0.5074  (36.3s)
  ep  84/120  loss=1.685  cls=1.087  val_acc=0.5233  (37.5s)
  ep  85/120  loss=1.662  cls=1.069  val_acc=0.5167  (39.4s)
  ep  86/120  loss=1.631  cls=1.043  val_acc=0.5191  (37.6s)
  ep  87/120  loss=1.597  cls=1.015  val_acc=0.5435  (36.7s)
  ep  88/120  loss=1.569  cls=0.993  val_acc=0.5220  (39.3s)
  ep  89/120  loss=1.530  cls=0.960  val_acc=0.5342  (38.3s)
  ep  90/120  loss=1.500  cls=0.935  val_acc=0.5236  (37.9s)
  ep  91/120  loss=1.476  cls=0.917  val_acc=0.5487  (38.1s)
  ep  92/120  loss=1.438  cls=0.885  val_acc=0.5619  (38.6s)
  ep  93/120  loss=1.403  cls=0.856  val_acc=0.5402  (36.8s)
  ep  94/120  loss=1.392  cls=0.850  val_acc=0.5642  (36.9s)
  ep  95/120  loss=1.361  cls=0.823  val_acc=0.5571  (36.6s)
  ep  96/120  loss=1.334  cls=0.801  val_acc=0.5395  (36.5s)
  ep  97/120  loss=1.297  cls=0.769  val_acc=0.5500  (36.5s)
  ep  98/120  loss=1.272  cls=0.749  val_acc=0.5721  (36.5s)
  ep  99/120  loss=1.249  cls=0.730  val_acc=0.5730  (36.5s)
  ep 100/120  loss=1.230  cls=0.715  val_acc=0.5658  (36.6s)
  ep 101/120  loss=1.210  cls=0.699  val_acc=0.5779  (36.5s)
  ep 102/120  loss=1.179  cls=0.672  val_acc=0.5813  (36.5s)
  ep 103/120  loss=1.163  cls=0.660  val_acc=0.5907  (36.6s)
  ep 104/120  loss=1.140  cls=0.640  val_acc=0.5868  (36.9s)
  ep 105/120  loss=1.123  cls=0.626  val_acc=0.5850  (37.1s)
  ep 106/120  loss=1.108  cls=0.614  val_acc=0.5846  (36.6s)
  ep 107/120  loss=1.088  cls=0.596  val_acc=0.5952  (36.5s)
  ep 108/120  loss=1.076  cls=0.585  val_acc=0.5864  (36.6s)
  ep 109/120  loss=1.062  cls=0.574  val_acc=0.5955  (37.9s)
  ep 110/120  loss=1.048  cls=0.561  val_acc=0.5954  (37.6s)
  ep 111/120  loss=1.042  cls=0.557  val_acc=0.5920  (37.9s)
  ep 112/120  loss=1.039  cls=0.554  val_acc=0.5965  (37.5s)
  ep 113/120  loss=1.026  cls=0.542  val_acc=0.5948  (37.8s)
  ep 114/120  loss=1.010  cls=0.528  val_acc=0.5937  (37.3s)
  ep 115/120  loss=1.010  cls=0.528  val_acc=0.5922  (37.3s)
  ep 116/120  loss=1.003  cls=0.521  val_acc=0.5930  (37.3s)
  ep 117/120  loss=1.006  cls=0.525  val_acc=0.5944  (37.4s)
  ep 118/120  loss=1.000  cls=0.518  val_acc=0.5938  (37.4s)
  ep 119/120  loss=1.003  cls=0.522  val_acc=0.5932  (37.3s)
  ep 120/120  loss=1.000  cls=0.519  val_acc=0.5932  (37.4s)

Re-extracting features from final model for cRT...
  cRT feature-balanced: (47500, 128)

Retraining linear head on SMOTE-augmented features (cRT step)...
Epoch 1/20
93/93 - 0s - 2ms/step - accuracy: 0.5291 - loss: 2.5212
Epoch 2/20
93/93 - 0s - 700us/step - accuracy: 0.8939 - loss: 0.7982
Epoch 3/20
93/93 - 0s - 697us/step - accuracy: 0.9107 - loss: 0.6093
Epoch 4/20
93/93 - 0s - 696us/step - accuracy: 0.9168 - loss: 0.5333
Epoch 5/20
93/93 - 0s - 693us/step - accuracy: 0.9196 - loss: 0.4911
Epoch 6/20
93/93 - 0s - 694us/step - accuracy: 0.9222 - loss: 0.4640
Epoch 7/20
93/93 - 0s - 696us/step - accuracy: 0.9240 - loss: 0.4450
Epoch 8/20
93/93 - 0s - 696us/step - accuracy: 0.9252 - loss: 0.4308
Epoch 9/20
93/93 - 0s - 698us/step - accuracy: 0.9263 - loss: 0.4198
Epoch 10/20
93/93 - 0s - 690us/step - accuracy: 0.9271 - loss: 0.4111
Epoch 11/20
93/93 - 0s - 693us/step - accuracy: 0.9282 - loss: 0.4038
Epoch 12/20
93/93 - 0s - 687us/step - accuracy: 0.9287 - loss: 0.3978
Epoch 13/20
93/93 - 0s - 689us/step - accuracy: 0.9294 - loss: 0.3927
Epoch 14/20
93/93 - 0s - 690us/step - accuracy: 0.9301 - loss: 0.3882
Epoch 15/20
93/93 - 0s - 690us/step - accuracy: 0.9307 - loss: 0.3843
Epoch 16/20
93/93 - 0s - 688us/step - accuracy: 0.9313 - loss: 0.3809
Epoch 17/20
93/93 - 0s - 695us/step - accuracy: 0.9318 - loss: 0.3778
Epoch 18/20
93/93 - 0s - 693us/step - accuracy: 0.9319 - loss: 0.3750
Epoch 19/20
93/93 - 0s - 691us/step - accuracy: 0.9323 - loss: 0.3725
Epoch 20/20
93/93 - 0s - 690us/step - accuracy: 0.9326 - loss: 0.3703

--- FINAL + cRT (linear head on SMOTE features) ---
  top-1 accuracy   : 0.5970
  balanced accuracy: 0.5970
  macro F1 (head)  : 0.607
  macro F1 (mid)   : 0.609
  macro F1 (tail)  : 0.573
  head-tail F1 gap : 0.034
  worst-class F1   : 0.228
  worst-class acc  : 0.160

--- FINAL (full REBAL) ---
  top-1 accuracy   : 0.5965
  balanced accuracy: 0.5965
  macro F1 (head)  : 0.611
  macro F1 (mid)   : 0.601
  macro F1 (tail)  : 0.572
  head-tail F1 gap : 0.039
  worst-class F1   : 0.233
  worst-class acc  : 0.150

=== SUMMARY ===
  baseline    top-1: 0.4400   BAcc: 0.4400   tail F1: 0.331   head-tail gap: 0.147   worst-acc: 0.000
  final REBAL top-1: 0.5965   BAcc: 0.5965   tail F1: 0.572   head-tail gap: 0.039   worst-acc: 0.150
  REBAL + cRT top-1: 0.5970   BAcc: 0.5970   tail F1: 0.573   head-tail gap: 0.034   worst-acc: 0.160

Total runtime: 154.1 min
Wrote experiments/phase2_multiseed/seed_4/per_class_f1.csv
Wrote experiments/phase2_multiseed/seed_4/metrics.json
Wrote checkpoints to experiments/phase2_multiseed/seed_4/checkpoints/

All runs complete. Aggregating...
Wrote experiments/phase2_multiseed/phase2_seeds_summary.csv
Wrote experiments/phase2_multiseed/memo.md
