
============================================================
Seed: 4
============================================================
Loading and imbalancing CIFAR-100...
  imbalanced: (27700, 32, 32, 3), classes: 100

ECOD cleaning...
  cleaned: (26273, 32, 32, 3)

Training baseline feature extractor on imbalanced data...
  ep   1/120  loss=4.613  cls=3.997  val_acc=0.0696  (40.6s)
  ep   2/120  loss=4.140  cls=3.666  val_acc=0.0773  (36.3s)
  ep   3/120  loss=3.876  cls=3.485  val_acc=0.0381  (36.0s)
  ep   4/120  loss=3.696  cls=3.345  val_acc=0.1312  (36.6s)
  ep   5/120  loss=3.535  cls=3.194  val_acc=0.1523  (38.7s)
  ep   6/120  loss=3.388  cls=3.031  val_acc=0.1529  (38.0s)
  ep   7/120  loss=3.267  cls=2.886  val_acc=0.1810  (37.2s)
  ep   8/120  loss=3.171  cls=2.759  val_acc=0.1667  (37.0s)
  ep   9/120  loss=3.116  cls=2.674  val_acc=0.1782  (36.1s)
  ep  10/120  loss=3.058  cls=2.585  val_acc=0.2553  (36.1s)
  ep  11/120  loss=3.018  cls=2.515  val_acc=0.1902  (36.5s)
  ep  12/120  loss=2.969  cls=2.436  val_acc=0.2573  (35.6s)
  ep  13/120  loss=2.928  cls=2.363  val_acc=0.2222  (37.3s)
  ep  14/120  loss=2.902  cls=2.307  val_acc=0.2270  (35.8s)
  ep  15/120  loss=2.875  cls=2.255  val_acc=0.2220  (36.9s)
  ep  16/120  loss=2.857  cls=2.214  val_acc=0.2656  (36.3s)
  ep  17/120  loss=2.849  cls=2.180  val_acc=0.2935  (36.2s)
  ep  18/120  loss=2.821  cls=2.129  val_acc=0.2780  (36.2s)
  ep  19/120  loss=2.797  cls=2.083  val_acc=0.2411  (36.3s)
  ep  20/120  loss=2.784  cls=2.053  val_acc=0.3134  (36.2s)
  ep  21/120  loss=2.786  cls=2.037  val_acc=0.3355  (36.2s)
  ep  22/120  loss=2.758  cls=1.995  val_acc=0.3199  (36.2s)
  ep  23/120  loss=2.770  cls=1.989  val_acc=0.3548  (38.2s)
  ep  24/120  loss=2.747  cls=1.953  val_acc=0.3331  (36.3s)
  ep  25/120  loss=2.752  cls=1.947  val_acc=0.2678  (34.7s)
  ep  26/120  loss=2.729  cls=1.914  val_acc=0.3301  (35.4s)
  ep  27/120  loss=2.716  cls=1.890  val_acc=0.3431  (34.5s)
  ep  28/120  loss=2.729  cls=1.892  val_acc=0.3355  (34.4s)
  ep  29/120  loss=2.702  cls=1.860  val_acc=0.2974  (34.4s)
  ep  30/120  loss=2.706  cls=1.856  val_acc=0.3100  (34.5s)
  ep  31/120  loss=2.689  cls=1.831  val_acc=0.2939  (34.4s)
  ep  32/120  loss=2.662  cls=1.800  val_acc=0.3671  (34.7s)
  ep  33/120  loss=2.667  cls=1.800  val_acc=0.3210  (34.8s)
  ep  34/120  loss=2.663  cls=1.789  val_acc=0.3432  (34.5s)
  ep  35/120  loss=2.654  cls=1.777  val_acc=0.3207  (34.6s)
  ep  36/120  loss=2.631  cls=1.752  val_acc=0.3032  (34.7s)
  ep  37/120  loss=2.619  cls=1.733  val_acc=0.2758  (34.6s)
  ep  38/120  loss=2.627  cls=1.737  val_acc=0.2769  (34.3s)
  ep  39/120  loss=2.610  cls=1.718  val_acc=0.4400  (34.3s)
  ep  40/120  loss=2.581  cls=1.690  val_acc=0.3444  (34.3s)
  ep  41/120  loss=2.574  cls=1.684  val_acc=0.3296  (34.6s)
  ep  42/120  loss=2.559  cls=1.668  val_acc=0.3249  (34.8s)
  ep  43/120  loss=2.537  cls=1.646  val_acc=0.3691  (34.7s)
  ep  44/120  loss=2.518  cls=1.631  val_acc=0.3877  (35.0s)
  ep  45/120  loss=2.503  cls=1.616  val_acc=0.3172  (34.8s)
  ep  46/120  loss=2.511  cls=1.623  val_acc=0.4121  (34.6s)
  ep  47/120  loss=2.472  cls=1.586  val_acc=0.3491  (35.5s)
  ep  48/120  loss=2.479  cls=1.594  val_acc=0.3691  (35.0s)
  ep  49/120  loss=2.446  cls=1.562  val_acc=0.3842  (35.0s)
  ep  50/120  loss=2.425  cls=1.541  val_acc=0.3154  (35.0s)
  ep  51/120  loss=2.403  cls=1.522  val_acc=0.3801  (35.0s)
  early stop (best val_acc=0.4400)

--- BASELINE ---
  top-1 accuracy   : 0.4400
  balanced accuracy: 0.4400
  macro F1 (head)  : 0.479
  macro F1 (mid)   : 0.444
  macro F1 (tail)  : 0.331
  head-tail F1 gap : 0.147
  worst-class F1   : 0.000
  worst-class acc  : 0.000

Training cGAN on cleaned (imbalanced) data...
  cGAN ep   1/60  g=1.725  d=0.903  (25.4s)
  cGAN ep   2/60  g=1.126  d=1.191  (23.0s)
  cGAN ep   3/60  g=1.007  d=1.243  (22.9s)
  cGAN ep   4/60  g=0.922  d=1.294  (23.0s)
  cGAN ep   5/60  g=0.924  d=1.298  (22.9s)
  cGAN ep   6/60  g=0.882  d=1.316  (22.9s)
  cGAN ep   7/60  g=0.885  d=1.313  (22.9s)
  cGAN ep   8/60  g=0.845  d=1.344  (22.9s)
  cGAN ep   9/60  g=0.873  d=1.305  (22.9s)
  cGAN ep  10/60  g=0.902  d=1.289  (22.9s)
  cGAN ep  11/60  g=0.958  d=1.271  (22.9s)
  cGAN ep  12/60  g=0.963  d=1.256  (22.6s)
  cGAN ep  13/60  g=0.931  d=1.272  (22.9s)
  cGAN ep  14/60  g=0.957  d=1.263  (22.7s)
  cGAN ep  15/60  g=0.980  d=1.256  (22.6s)
  cGAN ep  16/60  g=1.061  d=1.188  (22.6s)
  cGAN ep  17/60  g=1.039  d=1.211  (22.6s)
  cGAN ep  18/60  g=1.077  d=1.204  (22.6s)
  cGAN ep  19/60  g=1.067  d=1.202  (22.5s)
  cGAN ep  20/60  g=1.052  d=1.229  (22.6s)
  cGAN ep  21/60  g=1.071  d=1.207  (22.8s)
  cGAN ep  22/60  g=1.058  d=1.225  (22.7s)
  cGAN ep  23/60  g=1.047  d=1.222  (22.9s)
  cGAN ep  24/60  g=1.024  d=1.238  (24.4s)
  cGAN ep  25/60  g=1.077  d=1.234  (24.4s)
  cGAN ep  26/60  g=1.049  d=1.206  (24.4s)
  cGAN ep  27/60  g=1.043  d=1.235  (25.3s)
  cGAN ep  28/60  g=1.059  d=1.218  (25.4s)
  cGAN ep  29/60  g=1.159  d=1.205  (24.6s)
  cGAN ep  30/60  g=1.151  d=1.169  (24.7s)
  cGAN ep  31/60  g=1.133  d=1.160  (24.7s)
  cGAN ep  32/60  g=1.151  d=1.169  (24.7s)
  cGAN ep  33/60  g=1.161  d=1.160  (24.6s)
  cGAN ep  34/60  g=1.141  d=1.179  (24.6s)
  cGAN ep  35/60  g=1.141  d=1.178  (24.6s)
  cGAN ep  36/60  g=1.134  d=1.191  (24.8s)
  cGAN ep  37/60  g=1.117  d=1.189  (25.0s)
  cGAN ep  38/60  g=1.131  d=1.200  (24.7s)
  cGAN ep  39/60  g=1.075  d=1.219  (24.9s)
  cGAN ep  40/60  g=1.039  d=1.234  (24.9s)
  cGAN ep  41/60  g=1.073  d=1.212  (24.4s)
  cGAN ep  42/60  g=1.067  d=1.217  (24.6s)
  cGAN ep  43/60  g=1.045  d=1.236  (24.2s)
  cGAN ep  44/60  g=1.064  d=1.224  (24.2s)
  cGAN ep  45/60  g=1.056  d=1.232  (24.2s)
  cGAN ep  46/60  g=1.061  d=1.226  (24.2s)
  cGAN ep  47/60  g=1.046  d=1.237  (24.6s)
  cGAN ep  48/60  g=1.035  d=1.241  (24.8s)
  cGAN ep  49/60  g=1.030  d=1.246  (24.8s)
  cGAN ep  50/60  g=1.065  d=1.227  (24.7s)
  cGAN ep  51/60  g=1.022  d=1.247  (24.5s)
  cGAN ep  52/60  g=1.023  d=1.249  (24.5s)
  cGAN ep  53/60  g=1.046  d=1.223  (24.5s)
  cGAN ep  54/60  g=1.090  d=1.230  (25.1s)
  cGAN ep  55/60  g=1.078  d=1.216  (25.8s)
  cGAN ep  56/60  g=1.051  d=1.242  (22.9s)
  cGAN ep  57/60  g=1.043  d=1.241  (23.1s)
  cGAN ep  58/60  g=1.030  d=1.243  (22.7s)
  cGAN ep  59/60  g=1.021  d=1.238  (22.6s)
  cGAN ep  60/60  g=1.043  d=1.242  (22.6s)

Generating 50 cGAN samples per class...

Extracting features for feature-space SMOTE...
  feature-balanced: (47500, 128)

Final training set: (31273, 32, 32, 3)
Training final classifier (full REBAL configuration)...
  ep   1/120  loss=4.035  cls=3.451  val_acc=0.0231  (42.8s)
  ep   2/120  loss=3.627  cls=3.217  val_acc=0.0735  (41.4s)
  ep   3/120  loss=3.410  cls=3.096  val_acc=0.0590  (40.4s)
  ep   4/120  loss=3.275  cls=3.008  val_acc=0.1345  (40.6s)
  ep   5/120  loss=3.177  cls=2.929  val_acc=0.0967  (40.9s)
  ep   6/120  loss=3.105  cls=2.858  val_acc=0.1418  (41.1s)
  ep   7/120  loss=3.041  cls=2.785  val_acc=0.1473  (40.9s)
  ep   8/120  loss=2.986  cls=2.713  val_acc=0.1558  (40.9s)
  ep   9/120  loss=2.944  cls=2.647  val_acc=0.2028  (40.6s)
  ep  10/120  loss=2.895  cls=2.577  val_acc=0.1277  (41.0s)
  ep  11/120  loss=2.866  cls=2.522  val_acc=0.2051  (40.6s)
  ep  12/120  loss=2.825  cls=2.458  val_acc=0.2010  (41.5s)
  ep  13/120  loss=2.823  cls=2.433  val_acc=0.1573  (41.6s)
  ep  14/120  loss=2.787  cls=2.375  val_acc=0.2452  (41.8s)
  ep  15/120  loss=2.770  cls=2.338  val_acc=0.2158  (41.1s)
  ep  16/120  loss=2.757  cls=2.306  val_acc=0.2021  (41.2s)
  ep  17/120  loss=2.739  cls=2.271  val_acc=0.2496  (41.2s)
  ep  18/120  loss=2.733  cls=2.249  val_acc=0.2618  (41.2s)
  ep  19/120  loss=2.722  cls=2.222  val_acc=0.3075  (41.4s)
  ep  20/120  loss=2.710  cls=2.195  val_acc=0.1559  (41.3s)
  ep  21/120  loss=2.698  cls=2.167  val_acc=0.2446  (41.4s)
  ep  22/120  loss=2.704  cls=2.155  val_acc=0.2508  (41.6s)
  ep  23/120  loss=2.688  cls=2.124  val_acc=0.2492  (41.2s)
  ep  24/120  loss=2.692  cls=2.115  val_acc=0.2700  (41.1s)
  ep  25/120  loss=2.681  cls=2.090  val_acc=0.2465  (41.1s)
  ep  26/120  loss=2.681  cls=2.078  val_acc=0.2875  (41.1s)
  ep  27/120  loss=2.665  cls=2.050  val_acc=0.3067  (69.1s)
  ep  28/120  loss=2.660  cls=2.033  val_acc=0.2731  (393.0s)
  ep  29/120  loss=2.653  cls=2.016  val_acc=0.2970  (36.1s)
  ep  30/120  loss=2.657  cls=2.013  val_acc=0.3250  (232.6s)
  ep  31/120  loss=2.635  cls=1.983  val_acc=0.3163  (50.8s)
  ep  32/120  loss=2.632  cls=1.973  val_acc=0.3548  (45.3s)
  ep  33/120  loss=2.628  cls=1.963  val_acc=0.3176  (47.0s)
  ep  34/120  loss=2.620  cls=1.947  val_acc=0.2454  (144.1s)
  ep  35/120  loss=2.620  cls=1.938  val_acc=0.2900  (36.8s)
  ep  36/120  loss=2.599  cls=1.914  val_acc=0.3230  (49.8s)
  ep  37/120  loss=2.601  cls=1.914  val_acc=0.2675  (42.4s)
  ep  38/120  loss=2.584  cls=1.891  val_acc=0.3438  (48.4s)
  ep  39/120  loss=2.571  cls=1.874  val_acc=0.3485  (564.5s)
  ep  40/120  loss=2.570  cls=1.872  val_acc=0.2336  (43.1s)
  ep  41/120  loss=2.560  cls=1.858  val_acc=0.3296  (42.7s)
  ep  42/120  loss=2.553  cls=1.846  val_acc=0.3704  (42.0s)
  ep  43/120  loss=2.529  cls=1.822  val_acc=0.3449  (42.9s)
  ep  44/120  loss=2.525  cls=1.816  val_acc=0.3053  (43.8s)
  ep  45/120  loss=2.507  cls=1.795  val_acc=0.3114  (42.0s)
  ep  46/120  loss=2.502  cls=1.791  val_acc=0.3100  (43.0s)
  ep  47/120  loss=2.483  cls=1.770  val_acc=0.2954  (41.8s)
  ep  48/120  loss=2.477  cls=1.763  val_acc=0.3049  (41.0s)
  ep  49/120  loss=2.460  cls=1.744  val_acc=0.4029  (41.7s)
  ep  50/120  loss=2.446  cls=1.731  val_acc=0.3502  (42.4s)
  ep  51/120  loss=2.451  cls=1.734  val_acc=0.3194  (41.6s)
  ep  52/120  loss=2.420  cls=1.704  val_acc=0.3742  (40.6s)
  ep  53/120  loss=2.408  cls=1.696  val_acc=0.3640  (41.5s)
  ep  54/120  loss=2.390  cls=1.678  val_acc=0.3721  (41.3s)
  ep  55/120  loss=2.377  cls=1.667  val_acc=0.3766  (40.3s)
  ep  56/120  loss=2.360  cls=1.651  val_acc=0.3277  (41.8s)
  ep  57/120  loss=2.339  cls=1.630  val_acc=0.3993  (42.8s)
  ep  58/120  loss=2.328  cls=1.619  val_acc=0.4171  (40.3s)
  ep  59/120  loss=2.307  cls=1.598  val_acc=0.4239  (38.3s)
  ep  60/120  loss=2.295  cls=1.589  val_acc=0.4443  (38.1s)
  ep  61/120  loss=2.274  cls=1.570  val_acc=0.4055  (38.2s)
  ep  62/120  loss=2.250  cls=1.549  val_acc=0.4118  (38.0s)
  ep  63/120  loss=2.238  cls=1.540  val_acc=0.4064  (38.1s)
  ep  64/120  loss=2.208  cls=1.513  val_acc=0.4027  (37.9s)
  ep  65/120  loss=2.186  cls=1.495  val_acc=0.4041  (37.8s)
  ep  66/120  loss=2.159  cls=1.473  val_acc=0.4422  (36.3s)
  ep  67/120  loss=2.141  cls=1.458  val_acc=0.4668  (37.7s)
  ep  68/120  loss=2.127  cls=1.449  val_acc=0.3926  (37.3s)
  ep  69/120  loss=2.101  cls=1.427  val_acc=0.4527  (37.2s)
  ep  70/120  loss=2.071  cls=1.402  val_acc=0.4171  (36.9s)
  ep  71/120  loss=2.038  cls=1.373  val_acc=0.4661  (39.1s)
  ep  72/120  loss=2.027  cls=1.366  val_acc=0.4366  (39.3s)
  ep  73/120  loss=2.001  cls=1.344  val_acc=0.4105  (38.6s)
  ep  74/120  loss=1.967  cls=1.315  val_acc=0.4822  (37.5s)
  ep  75/120  loss=1.931  cls=1.284  val_acc=0.4922  (39.1s)
  ep  76/120  loss=1.922  cls=1.281  val_acc=0.4828  (36.5s)
  ep  77/120  loss=1.894  cls=1.258  val_acc=0.4887  (36.5s)
  ep  78/120  loss=1.856  cls=1.225  val_acc=0.4609  (36.9s)
  ep  79/120  loss=1.831  cls=1.205  val_acc=0.4883  (37.7s)
  ep  80/120  loss=1.802  cls=1.182  val_acc=0.4570  (37.3s)
  ep  81/120  loss=1.772  cls=1.156  val_acc=0.4830  (36.5s)
  ep  82/120  loss=1.749  cls=1.138  val_acc=0.5225  (36.3s)
  ep  83/120  loss=1.706  cls=1.102  val_acc=0.5074  (36.3s)
  ep  84/120  loss=1.685  cls=1.087  val_acc=0.5233  (37.5s)
  ep  85/120  loss=1.662  cls=1.069  val_acc=0.5167  (39.4s)
  ep  86/120  loss=1.631  cls=1.043  val_acc=0.5191  (37.6s)
  ep  87/120  loss=1.597  cls=1.015  val_acc=0.5435  (36.7s)
  ep  88/120  loss=1.569  cls=0.993  val_acc=0.5220  (39.3s)
  ep  89/120  loss=1.530  cls=0.960  val_acc=0.5342  (38.3s)
  ep  90/120  loss=1.500  cls=0.935  val_acc=0.5236  (37.9s)
  ep  91/120  loss=1.476  cls=0.917  val_acc=0.5487  (38.1s)
  ep  92/120  loss=1.438  cls=0.885  val_acc=0.5619  (38.6s)
  ep  93/120  loss=1.403  cls=0.856  val_acc=0.5402  (36.8s)
  ep  94/120  loss=1.392  cls=0.850  val_acc=0.5642  (36.9s)
  ep  95/120  loss=1.361  cls=0.823  val_acc=0.5571  (36.6s)
  ep  96/120  loss=1.334  cls=0.801  val_acc=0.5395  (36.5s)
  ep  97/120  loss=1.297  cls=0.769  val_acc=0.5500  (36.5s)
  ep  98/120  loss=1.272  cls=0.749  val_acc=0.5721  (36.5s)
  ep  99/120  loss=1.249  cls=0.730  val_acc=0.5730  (36.5s)
  ep 100/120  loss=1.230  cls=0.715  val_acc=0.5658  (36.6s)
  ep 101/120  loss=1.210  cls=0.699  val_acc=0.5779  (36.5s)
  ep 102/120  loss=1.179  cls=0.672  val_acc=0.5813  (36.5s)
  ep 103/120  loss=1.163  cls=0.660  val_acc=0.5907  (36.6s)
  ep 104/120  loss=1.140  cls=0.640  val_acc=0.5868  (36.9s)
  ep 105/120  loss=1.123  cls=0.626  val_acc=0.5850  (37.1s)
  ep 106/120  loss=1.108  cls=0.614  val_acc=0.5846  (36.6s)
  ep 107/120  loss=1.088  cls=0.596  val_acc=0.5952  (36.5s)
  ep 108/120  loss=1.076  cls=0.585  val_acc=0.5864  (36.6s)
  ep 109/120  loss=1.062  cls=0.574  val_acc=0.5955  (37.9s)
  ep 110/120  loss=1.048  cls=0.561  val_acc=0.5954  (37.6s)
  ep 111/120  loss=1.042  cls=0.557  val_acc=0.5920  (37.9s)
  ep 112/120  loss=1.039  cls=0.554  val_acc=0.5965  (37.5s)
  ep 113/120  loss=1.026  cls=0.542  val_acc=0.5948  (37.8s)
  ep 114/120  loss=1.010  cls=0.528  val_acc=0.5937  (37.3s)
  ep 115/120  loss=1.010  cls=0.528  val_acc=0.5922  (37.3s)
  ep 116/120  loss=1.003  cls=0.521  val_acc=0.5930  (37.3s)
  ep 117/120  loss=1.006  cls=0.525  val_acc=0.5944  (37.4s)
  ep 118/120  loss=1.000  cls=0.518  val_acc=0.5938  (37.4s)
  ep 119/120  loss=1.003  cls=0.522  val_acc=0.5932  (37.3s)
  ep 120/120  loss=1.000  cls=0.519  val_acc=0.5932  (37.4s)

Re-extracting features from final model for cRT...
  cRT feature-balanced: (47500, 128)

Retraining linear head on SMOTE-augmented features (cRT step)...
Epoch 1/20
93/93 - 0s - 2ms/step - accuracy: 0.5291 - loss: 2.5212
Epoch 2/20
93/93 - 0s - 700us/step - accuracy: 0.8939 - loss: 0.7982
Epoch 3/20
93/93 - 0s - 697us/step - accuracy: 0.9107 - loss: 0.6093
Epoch 4/20
93/93 - 0s - 696us/step - accuracy: 0.9168 - loss: 0.5333
Epoch 5/20
93/93 - 0s - 693us/step - accuracy: 0.9196 - loss: 0.4911
Epoch 6/20
93/93 - 0s - 694us/step - accuracy: 0.9222 - loss: 0.4640
Epoch 7/20
93/93 - 0s - 696us/step - accuracy: 0.9240 - loss: 0.4450
Epoch 8/20
93/93 - 0s - 696us/step - accuracy: 0.9252 - loss: 0.4308
Epoch 9/20
93/93 - 0s - 698us/step - accuracy: 0.9263 - loss: 0.4198
Epoch 10/20
93/93 - 0s - 690us/step - accuracy: 0.9271 - loss: 0.4111
Epoch 11/20
93/93 - 0s - 693us/step - accuracy: 0.9282 - loss: 0.4038
Epoch 12/20
93/93 - 0s - 687us/step - accuracy: 0.9287 - loss: 0.3978
Epoch 13/20
93/93 - 0s - 689us/step - accuracy: 0.9294 - loss: 0.3927
Epoch 14/20
93/93 - 0s - 690us/step - accuracy: 0.9301 - loss: 0.3882
Epoch 15/20
93/93 - 0s - 690us/step - accuracy: 0.9307 - loss: 0.3843
Epoch 16/20
93/93 - 0s - 688us/step - accuracy: 0.9313 - loss: 0.3809
Epoch 17/20
93/93 - 0s - 695us/step - accuracy: 0.9318 - loss: 0.3778
Epoch 18/20
93/93 - 0s - 693us/step - accuracy: 0.9319 - loss: 0.3750
Epoch 19/20
93/93 - 0s - 691us/step - accuracy: 0.9323 - loss: 0.3725
Epoch 20/20
93/93 - 0s - 690us/step - accuracy: 0.9326 - loss: 0.3703

--- FINAL + cRT (linear head on SMOTE features) ---
  top-1 accuracy   : 0.5970
  balanced accuracy: 0.5970
  macro F1 (head)  : 0.607
  macro F1 (mid)   : 0.609
  macro F1 (tail)  : 0.573
  head-tail F1 gap : 0.034
  worst-class F1   : 0.228
  worst-class acc  : 0.160

--- FINAL (full REBAL) ---
  top-1 accuracy   : 0.5965
  balanced accuracy: 0.5965
  macro F1 (head)  : 0.611
  macro F1 (mid)   : 0.601
  macro F1 (tail)  : 0.572
  head-tail F1 gap : 0.039
  worst-class F1   : 0.233
  worst-class acc  : 0.150

=== SUMMARY ===
  baseline    top-1: 0.4400   BAcc: 0.4400   tail F1: 0.331   head-tail gap: 0.147   worst-acc: 0.000
  final REBAL top-1: 0.5965   BAcc: 0.5965   tail F1: 0.572   head-tail gap: 0.039   worst-acc: 0.150
  REBAL + cRT top-1: 0.5970   BAcc: 0.5970   tail F1: 0.573   head-tail gap: 0.034   worst-acc: 0.160

Total runtime: 154.1 min
Wrote experiments/phase2_multiseed/seed_4/per_class_f1.csv
Wrote experiments/phase2_multiseed/seed_4/metrics.json
Wrote checkpoints to experiments/phase2_multiseed/seed_4/checkpoints/
