
============================================================
Seed: 2
============================================================
Loading and imbalancing CIFAR-100...
  imbalanced: (27700, 32, 32, 3), classes: 100

ECOD cleaning...
  cleaned: (26273, 32, 32, 3)

Training baseline feature extractor on imbalanced data...
  ep   1/120  loss=4.607  cls=3.989  val_acc=0.0397  (34.4s)
  ep   2/120  loss=4.133  cls=3.657  val_acc=0.0784  (31.9s)
  ep   3/120  loss=3.850  cls=3.453  val_acc=0.0863  (31.9s)
  ep   4/120  loss=3.671  cls=3.308  val_acc=0.1437  (31.9s)
  ep   5/120  loss=3.506  cls=3.149  val_acc=0.1473  (31.9s)
  ep   6/120  loss=3.378  cls=3.009  val_acc=0.1852  (31.9s)
  ep   7/120  loss=3.265  cls=2.873  val_acc=0.1749  (31.9s)
  ep   8/120  loss=3.168  cls=2.746  val_acc=0.2076  (32.3s)
  ep   9/120  loss=3.090  cls=2.634  val_acc=0.2730  (31.9s)
  ep  10/120  loss=3.033  cls=2.543  val_acc=0.1541  (31.8s)
  ep  11/120  loss=2.989  cls=2.468  val_acc=0.2719  (31.8s)
  ep  12/120  loss=2.941  cls=2.390  val_acc=0.2631  (31.8s)
  ep  13/120  loss=2.910  cls=2.329  val_acc=0.2943  (31.8s)
  ep  14/120  loss=2.884  cls=2.275  val_acc=0.2349  (31.8s)
  ep  15/120  loss=2.867  cls=2.233  val_acc=0.2137  (67.3s)
  ep  16/120  loss=2.857  cls=2.197  val_acc=0.2784  (387.7s)
  ep  17/120  loss=2.814  cls=2.133  val_acc=0.2563  (33.4s)
  ep  18/120  loss=2.812  cls=2.107  val_acc=0.2848  (31.7s)
  ep  19/120  loss=2.807  cls=2.081  val_acc=0.3358  (31.8s)
  ep  20/120  loss=2.799  cls=2.054  val_acc=0.3096  (31.5s)
  ep  21/120  loss=2.774  cls=2.013  val_acc=0.2336  (32.0s)
  ep  22/120  loss=2.760  cls=1.983  val_acc=0.3282  (31.4s)
  ep  23/120  loss=2.760  cls=1.967  val_acc=0.2976  (31.8s)
  ep  24/120  loss=2.750  cls=1.946  val_acc=0.3372  (31.6s)
  ep  25/120  loss=2.739  cls=1.924  val_acc=0.2538  (31.2s)
  ep  26/120  loss=2.729  cls=1.904  val_acc=0.3330  (31.1s)
  ep  27/120  loss=2.727  cls=1.892  val_acc=0.3015  (31.1s)
  ep  28/120  loss=2.692  cls=1.848  val_acc=0.2918  (31.1s)
  ep  29/120  loss=2.701  cls=1.849  val_acc=0.2168  (31.1s)
  ep  30/120  loss=2.689  cls=1.831  val_acc=0.3682  (31.1s)
  ep  31/120  loss=2.678  cls=1.815  val_acc=0.2584  (31.1s)
  ep  32/120  loss=2.677  cls=1.810  val_acc=0.3352  (31.1s)
  ep  33/120  loss=2.659  cls=1.788  val_acc=0.3492  (31.1s)
  ep  34/120  loss=2.662  cls=1.787  val_acc=0.3647  (31.1s)
  ep  35/120  loss=2.625  cls=1.746  val_acc=0.3433  (31.5s)
  ep  36/120  loss=2.631  cls=1.747  val_acc=0.3355  (31.2s)
  ep  37/120  loss=2.613  cls=1.727  val_acc=0.2782  (31.3s)
  ep  38/120  loss=2.609  cls=1.720  val_acc=0.3020  (31.3s)
  ep  39/120  loss=2.593  cls=1.703  val_acc=0.2969  (31.3s)
  ep  40/120  loss=2.567  cls=1.676  val_acc=0.3623  (31.4s)
  ep  41/120  loss=2.564  cls=1.674  val_acc=0.3514  (31.6s)
  ep  42/120  loss=2.566  cls=1.672  val_acc=0.2605  (31.3s)
  early stop (best val_acc=0.3682)

--- BASELINE ---
  top-1 accuracy   : 0.3682
  balanced accuracy: 0.3682
  macro F1 (head)  : 0.428
  macro F1 (mid)   : 0.363
  macro F1 (tail)  : 0.256
  head-tail F1 gap : 0.172
  worst-class F1   : 0.000
  worst-class acc  : 0.000

Training cGAN on cleaned (imbalanced) data...
  cGAN ep   1/60  g=1.598  d=0.947  (22.2s)
  cGAN ep   2/60  g=1.062  d=1.231  (20.7s)
  cGAN ep   3/60  g=0.931  d=1.294  (21.0s)
  cGAN ep   4/60  g=0.888  d=1.320  (20.6s)
  cGAN ep   5/60  g=0.887  d=1.309  (20.5s)
  cGAN ep   6/60  g=0.907  d=1.295  (20.5s)
  cGAN ep   7/60  g=0.919  d=1.292  (20.6s)
  cGAN ep   8/60  g=0.923  d=1.284  (20.5s)
  cGAN ep   9/60  g=0.909  d=1.309  (20.5s)
  cGAN ep  10/60  g=0.898  d=1.309  (20.6s)
  cGAN ep  11/60  g=0.928  d=1.284  (20.5s)
  cGAN ep  12/60  g=0.911  d=1.295  (20.6s)
  cGAN ep  13/60  g=0.904  d=1.298  (20.6s)
  cGAN ep  14/60  g=0.941  d=1.287  (20.6s)
  cGAN ep  15/60  g=0.968  d=1.256  (20.6s)
  cGAN ep  16/60  g=1.050  d=1.212  (20.6s)
  cGAN ep  17/60  g=1.057  d=1.204  (20.7s)
  cGAN ep  18/60  g=1.129  d=1.161  (21.1s)
  cGAN ep  19/60  g=1.126  d=1.169  (20.6s)
  cGAN ep  20/60  g=1.127  d=1.180  (20.6s)
  cGAN ep  21/60  g=1.122  d=1.193  (20.5s)
  cGAN ep  22/60  g=1.133  d=1.174  (20.6s)
  cGAN ep  23/60  g=1.166  d=1.164  (20.6s)
  cGAN ep  24/60  g=1.154  d=1.161  (20.6s)
  cGAN ep  25/60  g=1.172  d=1.166  (20.6s)
  cGAN ep  26/60  g=1.097  d=1.204  (20.5s)
  cGAN ep  27/60  g=1.144  d=1.165  (20.6s)
  cGAN ep  28/60  g=1.134  d=1.176  (20.6s)
  cGAN ep  29/60  g=1.180  d=1.178  (20.6s)
  cGAN ep  30/60  g=1.214  d=1.153  (20.6s)
  cGAN ep  31/60  g=1.162  d=1.189  (20.7s)
  cGAN ep  32/60  g=1.155  d=1.176  (988.5s)
  cGAN ep  33/60  g=1.153  d=1.173  (20.1s)
  cGAN ep  34/60  g=1.181  d=1.156  (56.7s)
  cGAN ep  35/60  g=1.211  d=1.150  (20.3s)
  cGAN ep  36/60  g=1.183  d=1.170  (47.0s)
  cGAN ep  37/60  g=1.205  d=1.153  (20.5s)
  cGAN ep  38/60  g=1.200  d=1.164  (21.8s)
  cGAN ep  39/60  g=1.211  d=1.165  (98.4s)
  cGAN ep  40/60  g=1.150  d=1.176  (20.8s)
  cGAN ep  41/60  g=1.162  d=1.183  (30.2s)
  cGAN ep  42/60  g=1.146  d=1.181  (23.1s)
  cGAN ep  43/60  g=1.120  d=1.193  (38.1s)
  cGAN ep  44/60  g=1.105  d=1.198  (22.7s)
  cGAN ep  45/60  g=1.140  d=1.185  (20.8s)
  cGAN ep  46/60  g=1.122  d=1.195  (112.0s)
  cGAN ep  47/60  g=1.107  d=1.191  (21.4s)
  cGAN ep  48/60  g=1.122  d=1.201  (249.4s)
  cGAN ep  49/60  g=1.147  d=1.183  (20.1s)
  cGAN ep  50/60  g=1.106  d=1.207  (29.8s)
  cGAN ep  51/60  g=1.092  d=1.213  (21.0s)
  cGAN ep  52/60  g=1.096  d=1.201  (125.6s)
  cGAN ep  53/60  g=1.092  d=1.204  (20.1s)
  cGAN ep  54/60  g=1.093  d=1.215  (21.3s)
  cGAN ep  55/60  g=1.124  d=1.203  (330.0s)
  cGAN ep  56/60  g=1.118  d=1.201  (20.0s)
  cGAN ep  57/60  g=1.099  d=1.211  (20.1s)
  cGAN ep  58/60  g=1.077  d=1.218  (24.6s)
  cGAN ep  59/60  g=1.054  d=1.232  (20.3s)
  cGAN ep  60/60  g=1.065  d=1.227  (388.5s)

Generating 50 cGAN samples per class...

Extracting features for feature-space SMOTE...
  feature-balanced: (47500, 128)

Final training set: (31273, 32, 32, 3)
Training final classifier (full REBAL configuration)...
  ep   1/120  loss=4.057  cls=3.478  val_acc=0.0529  (253.2s)
  ep   2/120  loss=3.667  cls=3.264  val_acc=0.1088  (180.4s)
  ep   3/120  loss=3.443  cls=3.136  val_acc=0.1145  (36.4s)
  ep   4/120  loss=3.299  cls=3.037  val_acc=0.1423  (39.1s)
  ep   5/120  loss=3.194  cls=2.950  val_acc=0.1197  (36.7s)
  ep   6/120  loss=3.121  cls=2.877  val_acc=0.1576  (41.9s)
  ep   7/120  loss=3.046  cls=2.790  val_acc=0.1432  (69.2s)
  ep   8/120  loss=2.991  cls=2.717  val_acc=0.1607  (38.3s)
  ep   9/120  loss=2.945  cls=2.651  val_acc=0.1808  (43.9s)
  ep  10/120  loss=2.915  cls=2.598  val_acc=0.2060  (36.5s)
  ep  11/120  loss=2.873  cls=2.535  val_acc=0.2172  (43.6s)
  ep  12/120  loss=2.853  cls=2.492  val_acc=0.1521  (186.8s)
  ep  13/120  loss=2.830  cls=2.447  val_acc=0.1801  (36.2s)
  ep  14/120  loss=2.803  cls=2.399  val_acc=0.1981  (102.7s)
  ep  15/120  loss=2.787  cls=2.361  val_acc=0.2112  (40.8s)
  ep  16/120  loss=2.767  cls=2.321  val_acc=0.2174  (36.7s)
  ep  17/120  loss=2.750  cls=2.282  val_acc=0.2468  (83.7s)
  ep  18/120  loss=2.737  cls=2.251  val_acc=0.1843  (296.9s)
  ep  19/120  loss=2.725  cls=2.220  val_acc=0.2598  (36.2s)
  ep  20/120  loss=2.716  cls=2.194  val_acc=0.1486  (38.9s)
  ep  21/120  loss=2.707  cls=2.168  val_acc=0.2741  (50.5s)
  ep  22/120  loss=2.700  cls=2.146  val_acc=0.2577  (79.1s)
  ep  23/120  loss=2.698  cls=2.126  val_acc=0.2109  (64.3s)
  ep  24/120  loss=2.678  cls=2.095  val_acc=0.2896  (38.6s)
  ep  25/120  loss=2.689  cls=2.091  val_acc=0.3077  (37.3s)
  ep  26/120  loss=2.669  cls=2.058  val_acc=0.2654  (41.0s)
  ep  27/120  loss=2.671  cls=2.046  val_acc=0.3141  (40.3s)
  ep  28/120  loss=2.661  cls=2.024  val_acc=0.2860  (100.1s)
  ep  29/120  loss=2.649  cls=2.002  val_acc=0.3030  (38.2s)
  ep  30/120  loss=2.665  cls=2.009  val_acc=0.2708  (39.8s)
  ep  31/120  loss=2.641  cls=1.979  val_acc=0.2794  (60.3s)
  ep  32/120  loss=2.637  cls=1.969  val_acc=0.2815  (59.8s)
  ep  33/120  loss=2.621  cls=1.946  val_acc=0.3350  (37.1s)
  ep  34/120  loss=2.615  cls=1.934  val_acc=0.3208  (41.2s)
  ep  35/120  loss=2.611  cls=1.925  val_acc=0.3342  (39.5s)
  ep  36/120  loss=2.613  cls=1.918  val_acc=0.3417  (44.5s)
  ep  37/120  loss=2.586  cls=1.887  val_acc=0.3523  (36.9s)
  ep  38/120  loss=2.599  cls=1.896  val_acc=0.2859  (42.7s)
  ep  39/120  loss=2.571  cls=1.865  val_acc=0.2927  (43.5s)
  ep  40/120  loss=2.563  cls=1.853  val_acc=0.3089  (39.5s)
  ep  41/120  loss=2.558  cls=1.845  val_acc=0.2380  (207.9s)
  ep  42/120  loss=2.551  cls=1.833  val_acc=0.3787  (38.1s)
  ep  43/120  loss=2.533  cls=1.814  val_acc=0.3429  (342.9s)
  ep  44/120  loss=2.519  cls=1.802  val_acc=0.3265  (36.1s)
  ep  45/120  loss=2.520  cls=1.801  val_acc=0.3390  (144.7s)
  ep  46/120  loss=2.498  cls=1.781  val_acc=0.3273  (70.7s)
  ep  47/120  loss=2.491  cls=1.772  val_acc=0.3752  (57.2s)
  ep  48/120  loss=2.475  cls=1.753  val_acc=0.3683  (38.0s)
  ep  49/120  loss=2.459  cls=1.737  val_acc=0.3949  (38.5s)
  ep  50/120  loss=2.433  cls=1.714  val_acc=0.2337  (37.9s)
  ep  51/120  loss=2.438  cls=1.718  val_acc=0.3425  (36.5s)
  ep  52/120  loss=2.416  cls=1.695  val_acc=0.3930  (39.4s)
  ep  53/120  loss=2.405  cls=1.685  val_acc=0.3491  (37.1s)
  ep  54/120  loss=2.381  cls=1.663  val_acc=0.3796  (38.9s)
  ep  55/120  loss=2.374  cls=1.657  val_acc=0.3238  (38.1s)
  ep  56/120  loss=2.347  cls=1.631  val_acc=0.4041  (38.7s)
  ep  57/120  loss=2.344  cls=1.629  val_acc=0.2900  (38.2s)
  ep  58/120  loss=2.319  cls=1.606  val_acc=0.3912  (39.1s)
  ep  59/120  loss=2.300  cls=1.589  val_acc=0.4249  (37.6s)
  ep  60/120  loss=2.283  cls=1.575  val_acc=0.3873  (38.5s)
  ep  61/120  loss=2.262  cls=1.558  val_acc=0.4278  (38.3s)
  ep  62/120  loss=2.248  cls=1.546  val_acc=0.3839  (37.5s)
  ep  63/120  loss=2.215  cls=1.517  val_acc=0.4137  (39.4s)
  ep  64/120  loss=2.193  cls=1.498  val_acc=0.4335  (38.4s)
  ep  65/120  loss=2.177  cls=1.484  val_acc=0.4061  (38.1s)
  ep  66/120  loss=2.160  cls=1.470  val_acc=0.4337  (38.1s)
  ep  67/120  loss=2.141  cls=1.457  val_acc=0.3746  (38.1s)
  ep  68/120  loss=2.112  cls=1.432  val_acc=0.4398  (38.4s)
  ep  69/120  loss=2.087  cls=1.411  val_acc=0.4367  (39.5s)
  ep  70/120  loss=2.074  cls=1.401  val_acc=0.4319  (37.9s)
  ep  71/120  loss=2.041  cls=1.373  val_acc=0.4558  (37.3s)
  ep  72/120  loss=2.010  cls=1.346  val_acc=0.3651  (37.5s)
  ep  73/120  loss=1.993  cls=1.334  val_acc=0.4316  (37.9s)
  ep  74/120  loss=1.956  cls=1.302  val_acc=0.4620  (37.6s)
  ep  75/120  loss=1.933  cls=1.286  val_acc=0.4591  (37.1s)
  ep  76/120  loss=1.908  cls=1.264  val_acc=0.4386  (37.7s)
  ep  77/120  loss=1.882  cls=1.245  val_acc=0.4436  (39.1s)
  ep  78/120  loss=1.841  cls=1.209  val_acc=0.4763  (38.4s)
  ep  79/120  loss=1.816  cls=1.190  val_acc=0.4734  (38.4s)
  ep  80/120  loss=1.790  cls=1.169  val_acc=0.4759  (39.3s)
  ep  81/120  loss=1.767  cls=1.153  val_acc=0.5126  (37.4s)
  ep  82/120  loss=1.733  cls=1.124  val_acc=0.4967  (36.4s)
  ep  83/120  loss=1.709  cls=1.105  val_acc=0.5005  (37.5s)
  ep  84/120  loss=1.681  cls=1.083  val_acc=0.5272  (37.8s)
  ep  85/120  loss=1.637  cls=1.045  val_acc=0.5279  (39.3s)
  ep  86/120  loss=1.622  cls=1.035  val_acc=0.5381  (38.7s)
  ep  87/120  loss=1.579  cls=0.998  val_acc=0.4967  (38.9s)
  ep  88/120  loss=1.549  cls=0.974  val_acc=0.5328  (38.2s)
  ep  89/120  loss=1.522  cls=0.953  val_acc=0.5354  (37.8s)
  ep  90/120  loss=1.486  cls=0.923  val_acc=0.5038  (36.6s)
  ep  91/120  loss=1.464  cls=0.906  val_acc=0.5467  (36.6s)
  ep  92/120  loss=1.440  cls=0.887  val_acc=0.5329  (37.1s)
  ep  93/120  loss=1.401  cls=0.854  val_acc=0.5528  (37.4s)
  ep  94/120  loss=1.373  cls=0.831  val_acc=0.5352  (38.3s)
  ep  95/120  loss=1.350  cls=0.813  val_acc=0.5643  (39.2s)
  ep  96/120  loss=1.323  cls=0.791  val_acc=0.5675  (37.9s)
  ep  97/120  loss=1.301  cls=0.774  val_acc=0.5544  (38.0s)
  ep  98/120  loss=1.263  cls=0.740  val_acc=0.5701  (38.4s)
  ep  99/120  loss=1.243  cls=0.724  val_acc=0.5703  (37.7s)
  ep 100/120  loss=1.223  cls=0.708  val_acc=0.5603  (37.5s)
  ep 101/120  loss=1.189  cls=0.678  val_acc=0.5846  (38.5s)
  ep 102/120  loss=1.166  cls=0.660  val_acc=0.5726  (39.2s)
  ep 103/120  loss=1.153  cls=0.650  val_acc=0.5743  (36.9s)
  ep 104/120  loss=1.135  cls=0.635  val_acc=0.5926  (37.6s)
  ep 105/120  loss=1.112  cls=0.615  val_acc=0.5834  (38.8s)
  ep 106/120  loss=1.110  cls=0.615  val_acc=0.5834  (39.4s)
  ep 107/120  loss=1.089  cls=0.597  val_acc=0.5837  (38.1s)
  ep 108/120  loss=1.065  cls=0.575  val_acc=0.5899  (36.9s)
  ep 109/120  loss=1.056  cls=0.569  val_acc=0.5971  (36.9s)
  ep 110/120  loss=1.044  cls=0.558  val_acc=0.5986  (36.9s)
  ep 111/120  loss=1.034  cls=0.549  val_acc=0.5904  (36.8s)
  ep 112/120  loss=1.019  cls=0.535  val_acc=0.5930  (36.9s)
  ep 113/120  loss=1.019  cls=0.536  val_acc=0.5974  (38.9s)
  ep 114/120  loss=1.016  cls=0.533  val_acc=0.5928  (36.8s)
  ep 115/120  loss=0.998  cls=0.516  val_acc=0.5905  (37.2s)
  ep 116/120  loss=1.006  cls=0.525  val_acc=0.5938  (37.2s)
  ep 117/120  loss=0.994  cls=0.513  val_acc=0.5933  (36.9s)
  ep 118/120  loss=1.002  cls=0.521  val_acc=0.5924  (37.0s)
  ep 119/120  loss=0.999  cls=0.518  val_acc=0.5923  (37.1s)
  ep 120/120  loss=1.002  cls=0.521  val_acc=0.5919  (37.2s)

Re-extracting features from final model for cRT...
  cRT feature-balanced: (47500, 128)

Retraining linear head on SMOTE-augmented features (cRT step)...
Epoch 1/20
93/93 - 0s - 2ms/step - accuracy: 0.5354 - loss: 2.4697
Epoch 2/20
93/93 - 0s - 695us/step - accuracy: 0.8892 - loss: 0.8005
Epoch 3/20
93/93 - 0s - 695us/step - accuracy: 0.9081 - loss: 0.6104
Epoch 4/20
93/93 - 0s - 697us/step - accuracy: 0.9160 - loss: 0.5334
Epoch 5/20
93/93 - 0s - 689us/step - accuracy: 0.9198 - loss: 0.4904
Epoch 6/20
93/93 - 0s - 687us/step - accuracy: 0.9227 - loss: 0.4628
Epoch 7/20
93/93 - 0s - 692us/step - accuracy: 0.9246 - loss: 0.4434
Epoch 8/20
93/93 - 0s - 684us/step - accuracy: 0.9263 - loss: 0.4289
Epoch 9/20
93/93 - 0s - 687us/step - accuracy: 0.9273 - loss: 0.4177
Epoch 10/20
93/93 - 0s - 691us/step - accuracy: 0.9283 - loss: 0.4088
Epoch 11/20
93/93 - 0s - 685us/step - accuracy: 0.9293 - loss: 0.4014
Epoch 12/20
93/93 - 0s - 691us/step - accuracy: 0.9302 - loss: 0.3953
Epoch 13/20
93/93 - 0s - 684us/step - accuracy: 0.9309 - loss: 0.3900
Epoch 14/20
93/93 - 0s - 687us/step - accuracy: 0.9315 - loss: 0.3855
Epoch 15/20
93/93 - 0s - 692us/step - accuracy: 0.9321 - loss: 0.3815
Epoch 16/20
93/93 - 0s - 688us/step - accuracy: 0.9327 - loss: 0.3780
Epoch 17/20
93/93 - 0s - 688us/step - accuracy: 0.9333 - loss: 0.3749
Epoch 18/20
93/93 - 0s - 686us/step - accuracy: 0.9339 - loss: 0.3721
Epoch 19/20
93/93 - 0s - 687us/step - accuracy: 0.9343 - loss: 0.3695
Epoch 20/20
93/93 - 0s - 688us/step - accuracy: 0.9346 - loss: 0.3672

--- FINAL + cRT (linear head on SMOTE features) ---
  top-1 accuracy   : 0.5986
  balanced accuracy: 0.5986
  macro F1 (head)  : 0.616
  macro F1 (mid)   : 0.601
  macro F1 (tail)  : 0.576
  head-tail F1 gap : 0.040
  worst-class F1   : 0.231
  worst-class acc  : 0.200

--- FINAL (full REBAL) ---
  top-1 accuracy   : 0.5986
  balanced accuracy: 0.5986
  macro F1 (head)  : 0.615
  macro F1 (mid)   : 0.593
  macro F1 (tail)  : 0.578
  head-tail F1 gap : 0.037
  worst-class F1   : 0.234
  worst-class acc  : 0.190

=== SUMMARY ===
  baseline    top-1: 0.3682   BAcc: 0.3682   tail F1: 0.256   head-tail gap: 0.172   worst-acc: 0.000
  final REBAL top-1: 0.5986   BAcc: 0.5986   tail F1: 0.578   head-tail gap: 0.037   worst-acc: 0.190
  REBAL + cRT top-1: 0.5986   BAcc: 0.5986   tail F1: 0.576   head-tail gap: 0.040   worst-acc: 0.200

Total runtime: 193.0 min
Wrote experiments/phase2_multiseed/seed_2/per_class_f1.csv
Wrote experiments/phase2_multiseed/seed_2/metrics.json
Wrote checkpoints to experiments/phase2_multiseed/seed_2/checkpoints/
